::1 - - [17/Apr/2025:13:11:22 +0300] "GET / HTTP/1.1" 200 355
::1 - - [17/Apr/2025:13:11:25 +0300] "GET /hw8/ HTTP/1.1" 200 443
::1 - - [17/Apr/2025:13:11:40 +0300] "GET /hw8/ HTTP/1.1" 200 1034
::1 - - [17/Apr/2025:13:12:37 +0300] "GET /hw8/home HTTP/1.1" 200 1185
::1 - - [17/Apr/2025:13:13:37 +0300] "-" 408 -
::1 - - [17/Apr/2025:13:14:59 +0300] "GET / HTTP/1.1" 200 355
::1 - - [17/Apr/2025:13:15:01 +0300] "GET /hw8/ HTTP/1.1" 200 1034
::1 - - [17/Apr/2025:13:15:05 +0300] "GET /hw8/home HTTP/1.1" 404 196
::1 - - [17/Apr/2025:13:15:38 +0300] "GET /hw8/home HTTP/1.1" 200 1185
::1 - - [17/Apr/2025:13:16:38 +0300] "-" 408 -
::1 - - [17/Apr/2025:22:43:59 +0300] "GET / HTTP/1.1" 200 355
::1 - - [17/Apr/2025:22:44:03 +0300] "GET /hw8/ HTTP/1.1" 200 1034
::1 - - [17/Apr/2025:22:44:13 +0300] "GET /hw8/create HTTP/1.1" 200 497
::1 - - [17/Apr/2025:22:45:13 +0300] "-" 408 -
::1 - - [17/Apr/2025:22:50:06 +0300] "GET /hw8/create HTTP/1.1" 200 629
::1 - - [17/Apr/2025:22:50:37 +0300] "GET /hw8/create HTTP/1.1" 200 629
::1 - - [17/Apr/2025:22:51:38 +0300] "-" 408 -
::1 - - [17/Apr/2025:22:51:45 +0300] "GET /hw8/create HTTP/1.1" 200 660
::1 - - [17/Apr/2025:22:52:45 +0300] "-" 408 -
::1 - - [17/Apr/2025:22:56:23 +0300] "GET /hw8/create HTTP/1.1" 200 651
::1 - - [17/Apr/2025:22:57:23 +0300] "-" 408 -
::1 - - [17/Apr/2025:22:59:49 +0300] "POST /hw8/create HTTP/1.1" 200 658
::1 - - [17/Apr/2025:23:00:12 +0300] "POST /hw8/create HTTP/1.1" 200 661
::1 - - [17/Apr/2025:23:00:15 +0300] "POST /api.php HTTP/1.1" 404 196
::1 - - [17/Apr/2025:23:00:56 +0300] "POST /api.php HTTP/1.1" 404 196
::1 - - [17/Apr/2025:23:01:01 +0300] "GET /create HTTP/1.1" 404 196
::1 - - [17/Apr/2025:23:01:05 +0300] "GET / HTTP/1.1" 200 355
::1 - - [17/Apr/2025:23:01:07 +0300] "GET /hw8/ HTTP/1.1" 200 1034
::1 - - [17/Apr/2025:23:01:12 +0300] "GET /hw8/create HTTP/1.1" 200 662
::1 - - [17/Apr/2025:23:01:16 +0300] "POST /hw8/hw8/api.php HTTP/1.1" 200 81
::1 - - [17/Apr/2025:23:02:02 +0300] "POST /hw8/hw8/api.php HTTP/1.1" 200 81
::1 - - [17/Apr/2025:23:02:44 +0300] "-" 408 -
::1 - - [17/Apr/2025:23:03:25 +0300] "GET /hw8/api.php HTTP/1.1" 200 10
::1 - - [17/Apr/2025:23:04:25 +0300] "-" 408 -
::1 - - [17/Apr/2025:23:05:30 +0300] "GET /hw8/create HTTP/1.1" 200 658
::1 - - [17/Apr/2025:23:05:37 +0300] "POST /hw8/api.php HTTP/1.1" 200 10
::1 - - [17/Apr/2025:23:06:37 +0300] "-" 408 -
::1 - - [18/Apr/2025:00:01:14 +0300] "GET / HTTP/1.1" 200 355
::1 - - [18/Apr/2025:00:01:15 +0300] "GET /hw8/ HTTP/1.1" 200 1034
::1 - - [18/Apr/2025:00:01:19 +0300] "GET /hw8/create HTTP/1.1" 200 658
::1 - - [18/Apr/2025:00:01:25 +0300] "POST /hw8/api.php HTTP/1.1" 200 10
::1 - - [18/Apr/2025:00:02:25 +0300] "-" 408 -
::1 - - [18/Apr/2025:00:03:19 +0300] "GET /hw8/create HTTP/1.1" 200 608
::1 - - [18/Apr/2025:00:03:21 +0300] "GET /hw8/create HTTP/1.1" 200 608
::1 - - [18/Apr/2025:00:03:34 +0300] "POST /hw8/api.php HTTP/1.1" 200 92
::1 - - [18/Apr/2025:00:04:17 +0300] "POST /hw8/api.php HTTP/1.1" 200 96
::1 - - [18/Apr/2025:00:05:17 +0300] "-" 408 -
::1 - - [18/Apr/2025:10:13:42 +0300] "GET / HTTP/1.1" 200 355
::1 - - [18/Apr/2025:10:13:42 +0300] "GET /favicon.ico HTTP/1.1" 404 196
::1 - - [18/Apr/2025:10:13:44 +0300] "GET /hw8/ HTTP/1.1" 200 984
::1 - - [18/Apr/2025:10:13:48 +0300] "GET /hw8/create HTTP/1.1" 200 599
::1 - - [18/Apr/2025:10:13:50 +0300] "GET /hw8/create HTTP/1.1" 200 599
::1 - - [18/Apr/2025:10:13:55 +0300] "POST /hw8/api.php HTTP/1.1" 200 355
::1 - - [18/Apr/2025:10:14:42 +0300] "-" 408 -
::1 - - [18/Apr/2025:10:14:51 +0300] "POST /hw8/api.php HTTP/1.1" 200 1056
::1 - - [18/Apr/2025:10:15:47 +0300] "POST /hw8/api.php HTTP/1.1" 200 1056
::1 - - [18/Apr/2025:10:16:47 +0300] "-" 408 -
::1 - - [18/Apr/2025:10:17:20 +0300] "POST /hw8/api.php HTTP/1.1" 200 1056
::1 - - [18/Apr/2025:10:17:49 +0300] "POST /hw8/api.php HTTP/1.1" 200 1060
::1 - - [18/Apr/2025:10:18:39 +0300] "POST /hw8/api.php HTTP/1.1" 200 1091
::1 - - [18/Apr/2025:10:19:39 +0300] "-" 408 -
::1 - - [18/Apr/2025:10:20:19 +0300] "POST /hw8/api.php HTTP/1.1" 200 684
::1 - - [18/Apr/2025:10:21:19 +0300] "-" 408 -
::1 - - [18/Apr/2025:23:07:58 +0300] "POST /hw8/api.php HTTP/1.1" 200 684
::1 - - [18/Apr/2025:23:14:06 +0300] "POST /hw8/api.php HTTP/1.1" 200 667
::1 - - [18/Apr/2025:23:14:51 +0300] "POST /hw8/api.php HTTP/1.1" 200 667
::1 - - [18/Apr/2025:23:15:51 +0300] "-" 408 -
::1 - - [18/Apr/2025:23:24:03 +0300] "POST /hw8/api.php HTTP/1.1" 200 233
::1 - - [18/Apr/2025:23:24:48 +0300] "POST /hw8/api.php HTTP/1.1" 200 201
::1 - - [18/Apr/2025:23:25:48 +0300] "-" 408 -
::1 - - [18/Apr/2025:23:33:02 +0300] "POST /hw8/api.php HTTP/1.1" 200 191
::1 - - [18/Apr/2025:23:34:02 +0300] "-" 408 -
::1 - - [19/Apr/2025:09:51:44 +0300] "GET / HTTP/1.1" 200 355
::1 - - [19/Apr/2025:09:51:44 +0300] "GET /favicon.ico HTTP/1.1" 404 196
::1 - - [19/Apr/2025:09:51:46 +0300] "GET /hw8/ HTTP/1.1" 200 437
::1 - - [19/Apr/2025:09:52:09 +0300] "GET /hw8/api.php HTTP/1.1" 200 185
::1 - - [19/Apr/2025:09:52:37 +0300] "GET /hw8/api.php HTTP/1.1" 200 185
::1 - - [19/Apr/2025:09:53:37 +0300] "-" 408 -
::1 - - [19/Apr/2025:12:22:18 +0300] "GET /hw8/home HTTP/1.1" 404 196
::1 - - [19/Apr/2025:12:22:20 +0300] "GET /hw8/home.php HTTP/1.1" 404 196
::1 - - [19/Apr/2025:12:22:30 +0300] "GET /hw8/page/home.php HTTP/1.1" 200 961
::1 - - [19/Apr/2025:12:22:30 +0300] "GET /hw8/page/css/home.css HTTP/1.1" 404 196
::1 - - [19/Apr/2025:12:22:30 +0300] "GET /hw8/page/css/header.css HTTP/1.1" 404 196
::1 - - [19/Apr/2025:12:22:30 +0300] "GET /hw8/page/css/menu.css HTTP/1.1" 404 196
::1 - - [19/Apr/2025:12:23:12 +0300] "GET /hw8/home HTTP/1.1" 200 562
::1 - - [19/Apr/2025:12:24:16 +0300] "GET /hw8/home HTTP/1.1" 200 520
::1 - - [19/Apr/2025:12:25:02 +0300] "GET /hw8/home HTTP/1.1" 200 1025
::1 - - [19/Apr/2025:12:25:02 +0300] "GET /hw8/css/home.css HTTP/1.1" 200 1466
::1 - - [19/Apr/2025:12:25:02 +0300] "GET /hw8/css/header.css HTTP/1.1" 200 138
::1 - - [19/Apr/2025:12:25:02 +0300] "GET /hw8/css/menu.css HTTP/1.1" 200 508
::1 - - [19/Apr/2025:12:27:56 +0300] "GET /hw8/home HTTP/1.1" 200 654
::1 - - [19/Apr/2025:12:28:07 +0300] "GET /hw8/home HTTP/1.1" 200 1070
::1 - - [19/Apr/2025:12:28:32 +0300] "GET /hw8/home HTTP/1.1" 200 1071
::1 - - [19/Apr/2025:12:28:49 +0300] "GET /hw8/home HTTP/1.1" 200 1403
::1 - - [19/Apr/2025:12:28:49 +0300] "GET /hw8/images/icons/home_icon.png HTTP/1.1" 200 31
::1 - - [19/Apr/2025:12:28:49 +0300] "GET /hw8/images/icons/user_icon.png HTTP/1.1" 200 31
::1 - - [19/Apr/2025:12:28:49 +0300] "GET /hw8/images/icons/add_icon.png HTTP/1.1" 200 31
::1 - - [19/Apr/2025:12:30:47 +0300] "GET /hw8/home HTTP/1.1" 200 1403
::1 - - [19/Apr/2025:12:31:47 +0300] "-" 408 -
::1 - - [19/Apr/2025:12:32:13 +0300] "GET /hw8/home HTTP/1.1" 200 1460
::1 - - [19/Apr/2025:12:33:13 +0300] "-" 408 -
::1 - - [19/Apr/2025:12:34:33 +0300] "GET /hw8/home HTTP/1.1" 200 1352
::1 - - [19/Apr/2025:12:35:33 +0300] "-" 408 -
::1 - - [19/Apr/2025:12:37:18 +0300] "GET /hw8/home HTTP/1.1" 200 949
::1 - - [19/Apr/2025:12:37:50 +0300] "GET /hw8/home HTTP/1.1" 200 1352
::1 - - [19/Apr/2025:12:38:19 +0300] "GET /hw8/home HTTP/1.1" 200 1295
::1 - - [19/Apr/2025:12:39:16 +0300] "GET /hw8/home HTTP/1.1" 200 825
::1 - - [19/Apr/2025:12:40:16 +0300] "-" 408 -
::1 - - [19/Apr/2025:12:40:32 +0300] "GET /hw8/home HTTP/1.1" 200 1317
::1 - - [19/Apr/2025:12:40:43 +0300] "GET /hw8/home HTTP/1.1" 200 1425
::1 - - [19/Apr/2025:12:41:04 +0300] "GET /hw8/home HTTP/1.1" 200 1424
::1 - - [19/Apr/2025:12:42:04 +0300] "-" 408 -
::1 - - [19/Apr/2025:12:42:30 +0300] "GET /hw8/home HTTP/1.1" 200 1445
::1 - - [19/Apr/2025:12:43:08 +0300] "GET /hw8/home HTTP/1.1" 200 1316
::1 - - [19/Apr/2025:12:43:12 +0300] "GET /hw8/home HTTP/1.1" 200 1316
::1 - - [19/Apr/2025:12:43:17 +0300] "GET /hw8/home HTTP/1.1" 200 1316
::1 - - [19/Apr/2025:12:43:24 +0300] "GET /hw8/home HTTP/1.1" 200 1424
::1 - - [19/Apr/2025:12:44:19 +0300] "GET /hw8/home HTTP/1.1" 200 1551
::1 - - [19/Apr/2025:12:45:19 +0300] "-" 408 -
::1 - - [19/Apr/2025:12:47:11 +0300] "GET /hw8/home HTTP/1.1" 200 1298
::1 - - [19/Apr/2025:12:47:12 +0300] "GET /hw8/images/icons/home_icon.png HTTP/1.1" 200 31
::1 - - [19/Apr/2025:12:47:12 +0300] "GET /hw8/images/icons/user_icon.png HTTP/1.1" 200 31
::1 - - [19/Apr/2025:12:47:12 +0300] "GET /hw8/images/icons/add_icon.png HTTP/1.1" 200 31
::1 - - [19/Apr/2025:12:47:57 +0300] "GET /hw8/home HTTP/1.1" 200 1298
::1 - - [19/Apr/2025:12:47:59 +0300] "GET /hw8/home HTTP/1.1" 200 1298
::1 - - [19/Apr/2025:12:48:22 +0300] "GET /hw8/home HTTP/1.1" 200 1298
::1 - - [19/Apr/2025:12:49:03 +0300] "GET /hw8/home HTTP/1.1" 200 1464
::1 - - [19/Apr/2025:12:49:59 +0300] "GET /hw8/home HTTP/1.1" 200 1311
::1 - - [19/Apr/2025:12:50:59 +0300] "-" 408 -
::1 - - [19/Apr/2025:12:52:08 +0300] "GET /hw8/home HTTP/1.1" 200 1904
::1 - - [19/Apr/2025:12:52:26 +0300] "GET /hw8/home HTTP/1.1" 200 1749
::1 - - [19/Apr/2025:12:52:49 +0300] "GET /hw8/home HTTP/1.1" 200 892
::1 - - [19/Apr/2025:12:53:20 +0300] "GET /hw8/home HTTP/1.1" 200 1296
::1 - - [19/Apr/2025:12:54:20 +0300] "-" 408 -
::1 - - [19/Apr/2025:12:54:36 +0300] "GET /hw8/home HTTP/1.1" 200 897
::1 - - [19/Apr/2025:12:55:13 +0300] "GET /hw8/home HTTP/1.1" 200 1167
::1 - - [19/Apr/2025:12:55:34 +0300] "GET /hw8/home HTTP/1.1" 200 1677
::1 - - [19/Apr/2025:12:56:34 +0300] "-" 408 -
::1 - - [19/Apr/2025:12:58:21 +0300] "GET /hw8/home HTTP/1.1" 200 1368
::1 - - [19/Apr/2025:12:59:21 +0300] "-" 408 -
::1 - - [19/Apr/2025:12:59:47 +0300] "GET /hw8/home HTTP/1.1" 200 1296
::1 - - [19/Apr/2025:13:00:15 +0300] "GET /hw8/home HTTP/1.1" 200 1372
::1 - - [19/Apr/2025:13:01:01 +0300] "GET /hw8/home HTTP/1.1" 200 2760
::1 - - [19/Apr/2025:13:01:02 +0300] "GET /hw8/static/v2/images/icons/edit_icon.png HTTP/1.1" 200 31
::1 - - [19/Apr/2025:13:01:02 +0300] "GET /hw8/static/v2/images/users/Vanya_Denisov/post_2.jpg HTTP/1.1" 200 31
::1 - - [19/Apr/2025:13:01:02 +0300] "GET /hw8/image/user/Vanya_Denisov/post_5.jpg HTTP/1.1" 200 403168
::1 - - [19/Apr/2025:13:01:02 +0300] "GET /hw8/static/v2/images/users/Vanya_Denisov/post_3.jpg HTTP/1.1" 200 31
::1 - - [19/Apr/2025:13:01:21 +0300] "GET /hw8/home HTTP/1.1" 200 1368
::1 - - [19/Apr/2025:13:01:25 +0300] "GET /hw8/home HTTP/1.1" 200 2760
::1 - - [19/Apr/2025:13:01:25 +0300] "GET /hw8/static/v2/images/users/Vanya_Denisov/post_2.jpg HTTP/1.1" 200 31
::1 - - [19/Apr/2025:13:01:25 +0300] "GET /hw8/static/v2/images/icons/edit_icon.png HTTP/1.1" 200 31
::1 - - [19/Apr/2025:13:01:25 +0300] "GET /hw8/static/v2/images/users/Vanya_Denisov/post_3.jpg HTTP/1.1" 200 31
::1 - - [19/Apr/2025:13:02:54 +0300] "GET /hw8/home HTTP/1.1" 200 2760
::1 - - [19/Apr/2025:13:02:54 +0300] "GET /hw8/static/v2/images/icons/edit_icon.png HTTP/1.1" 200 31
::1 - - [19/Apr/2025:13:02:54 +0300] "GET /hw8/static/v2/images/users/Vanya_Denisov/post_3.jpg HTTP/1.1" 200 31
::1 - - [19/Apr/2025:13:02:54 +0300] "GET /hw8/static/v2/images/users/Vanya_Denisov/post_2.jpg HTTP/1.1" 200 31
::1 - - [19/Apr/2025:13:05:01 +0300] "GET /hw8/home HTTP/1.1" 200 2787
::1 - - [19/Apr/2025:13:05:01 +0300] "GET /hw8/static/v2/images/icons/edit_icon.png HTTP/1.1" 200 31
::1 - - [19/Apr/2025:13:05:01 +0300] "GET /hw8/static/v2/images/users/Vanya_Denisov/post_2.jpg HTTP/1.1" 200 31
::1 - - [19/Apr/2025:13:05:01 +0300] "GET /hw8/static/v2/images/users/Vanya_Denisov/post_3.jpg HTTP/1.1" 200 31
::1 - - [19/Apr/2025:13:10:55 +0300] "GET /hw8/home HTTP/1.1" 200 1836
::1 - - [19/Apr/2025:13:10:55 +0300] "GET /hw8/static/v2/images/icons/edit_icon.png HTTP/1.1" 200 31
::1 - - [19/Apr/2025:13:10:55 +0300] "GET /hw8/static/v2/images/users/Vanya_Denisov/post_2.jpg HTTP/1.1" 200 31
::1 - - [19/Apr/2025:13:10:55 +0300] "GET /hw8/images/icons/home_icon.png HTTP/1.1" 200 31
::1 - - [19/Apr/2025:13:10:55 +0300] "GET /hw8/images/icons/user_icon.png HTTP/1.1" 200 31
::1 - - [19/Apr/2025:13:10:55 +0300] "GET /hw8/images/icons/add_icon.png HTTP/1.1" 200 31
::1 - - [19/Apr/2025:13:12:43 +0300] "GET /hw8/home HTTP/1.1" 200 1836
::1 - - [19/Apr/2025:13:12:43 +0300] "GET /hw8/static/v2/images/icons/edit_icon.png HTTP/1.1" 200 31
::1 - - [19/Apr/2025:13:12:43 +0300] "GET /hw8/static/v2/images/users/Vanya_Denisov/post_2.jpg HTTP/1.1" 200 31
::1 - - [19/Apr/2025:13:13:19 +0300] "GET /hw8/home HTTP/1.1" 200 122
::1 - - [19/Apr/2025:13:13:33 +0300] "GET /hw8/home HTTP/1.1" 200 2312
::1 - - [19/Apr/2025:13:13:33 +0300] "GET /hw8/static/v2/images/users/Vanya_Denisov/post_2.jpg HTTP/1.1" 200 31
::1 - - [19/Apr/2025:13:13:33 +0300] "GET /hw8/static/v2/images/icons/edit_icon.png HTTP/1.1" 200 31
::1 - - [19/Apr/2025:13:14:52 +0300] "GET /hw8/home HTTP/1.1" 200 1836
::1 - - [19/Apr/2025:13:14:52 +0300] "GET /hw8/static/v2/images/users/Vanya_Denisov/post_2.jpg HTTP/1.1" 200 31
::1 - - [19/Apr/2025:13:14:52 +0300] "GET /hw8/static/v2/images/icons/edit_icon.png HTTP/1.1" 200 31
::1 - - [19/Apr/2025:13:15:50 +0300] "GET /hw8/home HTTP/1.1" 200 1978
::1 - - [19/Apr/2025:13:15:50 +0300] "GET /hw8/static/v2/images/icons/edit_icon.png HTTP/1.1" 200 31
::1 - - [19/Apr/2025:13:15:50 +0300] "GET /hw8/static/v2/images/users/Vanya_Denisov/post_2.jpg HTTP/1.1" 200 31
::1 - - [19/Apr/2025:13:17:35 +0300] "GET /hw8/home HTTP/1.1" 200 1978
::1 - - [19/Apr/2025:13:17:36 +0300] "GET /hw8/static/v2/images/icons/edit_icon.png HTTP/1.1" 200 31
::1 - - [19/Apr/2025:13:17:36 +0300] "GET /hw8/static/v2/images/users/Vanya_Denisov/post_2.jpg HTTP/1.1" 200 31
::1 - - [19/Apr/2025:13:19:05 +0300] "GET /hw8/home HTTP/1.1" 200 2902
::1 - - [19/Apr/2025:13:19:05 +0300] "GET /hw8/static/v2/images/icons/edit_icon.png HTTP/1.1" 200 31
::1 - - [19/Apr/2025:13:19:05 +0300] "GET /hw8/static/v2/images/users/Vanya_Denisov/post_3.jpg HTTP/1.1" 200 31
::1 - - [19/Apr/2025:13:19:05 +0300] "GET /hw8/static/v2/images/users/Vanya_Denisov/post_2.jpg HTTP/1.1" 200 31
::1 - - [19/Apr/2025:13:19:42 +0300] "GET /hw8/home HTTP/1.1" 200 2902
::1 - - [19/Apr/2025:13:19:42 +0300] "GET /hw8/static/v2/images/users/Vanya_Denisov/post_2.jpg HTTP/1.1" 200 31
::1 - - [19/Apr/2025:13:19:42 +0300] "GET /hw8/static/v2/images/icons/edit_icon.png HTTP/1.1" 200 31
::1 - - [19/Apr/2025:13:19:42 +0300] "GET /hw8/static/v2/images/users/Vanya_Denisov/post_3.jpg HTTP/1.1" 200 31
::1 - - [19/Apr/2025:13:38:53 +0300] "GET /hw8/home HTTP/1.1" 200 2760
::1 - - [19/Apr/2025:13:38:54 +0300] "GET /hw8/static/v2/images/icons/edit_icon.png HTTP/1.1" 200 31
::1 - - [19/Apr/2025:13:38:54 +0300] "GET /hw8/static/v2/images/users/Vanya_Denisov/post_2.jpg HTTP/1.1" 200 31
::1 - - [19/Apr/2025:13:38:54 +0300] "GET /hw8/images/icons/home_icon.png HTTP/1.1" 200 31
::1 - - [19/Apr/2025:13:38:54 +0300] "GET /hw8/static/v2/images/users/Vanya_Denisov/post_3.jpg HTTP/1.1" 200 31
::1 - - [19/Apr/2025:13:38:54 +0300] "GET /hw8/images/icons/user_icon.png HTTP/1.1" 200 31
::1 - - [19/Apr/2025:13:38:54 +0300] "GET /hw8/images/icons/add_icon.png HTTP/1.1" 200 31
::1 - - [19/Apr/2025:13:39:57 +0300] "GET /hw8/home HTTP/1.1" 200 2760
::1 - - [19/Apr/2025:13:39:57 +0300] "GET /hw8/static/v2/images/icons/edit_icon.png HTTP/1.1" 200 31
::1 - - [19/Apr/2025:13:39:57 +0300] "GET /hw8/static/v2/images/users/Vanya_Denisov/post_3.jpg HTTP/1.1" 200 31
::1 - - [19/Apr/2025:13:39:57 +0300] "GET /hw8/static/v2/images/users/Vanya_Denisov/post_2.jpg HTTP/1.1" 200 31
::1 - - [19/Apr/2025:14:18:12 +0300] "GET /hw8/home HTTP/1.1" 200 2760
::1 - - [19/Apr/2025:14:18:12 +0300] "GET /hw8/static/v2/images/icons/edit_icon.png HTTP/1.1" 200 31
::1 - - [19/Apr/2025:14:18:12 +0300] "GET /hw8/static/v2/images/users/Vanya_Denisov/post_3.jpg HTTP/1.1" 200 31
::1 - - [19/Apr/2025:14:18:12 +0300] "GET /hw8/static/v2/images/users/Vanya_Denisov/post_2.jpg HTTP/1.1" 200 31
::1 - - [19/Apr/2025:14:18:12 +0300] "GET /hw8/images/icons/user_icon.png HTTP/1.1" 200 31
::1 - - [19/Apr/2025:14:18:12 +0300] "GET /hw8/images/icons/home_icon.png HTTP/1.1" 200 31
::1 - - [19/Apr/2025:14:18:12 +0300] "GET /hw8/images/icons/add_icon.png HTTP/1.1" 200 31
::1 - - [19/Apr/2025:14:21:32 +0300] "GET /hw8/home HTTP/1.1" 200 2748
::1 - - [19/Apr/2025:14:21:32 +0300] "GET /hw8/static/v2/images/icons/edit_icon.png HTTP/1.1" 200 31
::1 - - [19/Apr/2025:14:21:32 +0300] "GET /hw8/static/v2/images/users/Vanya_Denisov/post_2.jpg HTTP/1.1" 200 31
::1 - - [19/Apr/2025:14:21:32 +0300] "GET /hw8/image/user/Vanya_Denisov/post_3.jpg HTTP/1.1" 200 4159812
::1 - - [19/Apr/2025:14:23:34 +0300] "GET /hw8/home HTTP/1.1" 200 2820
::1 - - [19/Apr/2025:14:23:34 +0300] "GET /hw8/images/icons/edit_icon.png HTTP/1.1" 200 31
::1 - - [19/Apr/2025:14:23:34 +0300] "GET /hw8/static/v2/images/users/Vanya_Denisov/post_2.jpg HTTP/1.1" 200 31
::1 - - [19/Apr/2025:14:23:34 +0300] "GET /hw8/images/icons/home_icon.png HTTP/1.1" 200 31
::1 - - [19/Apr/2025:14:23:34 +0300] "GET /hw8/images/icons/user_icon.png HTTP/1.1" 200 31
::1 - - [19/Apr/2025:14:23:34 +0300] "GET /hw8/images/icons/add_icon.png HTTP/1.1" 200 31
::1 - - [19/Apr/2025:14:24:46 +0300] "GET /hw8/home HTTP/1.1" 200 2906
::1 - - [19/Apr/2025:14:24:46 +0300] "GET /hw8/images/icons/edit_icon.png HTTP/1.1" 200 31
::1 - - [19/Apr/2025:14:25:32 +0300] "GET /hw8/home HTTP/1.1" 200 2902
::1 - - [19/Apr/2025:14:25:32 +0300] "GET /hw8/images/icons/edit_icon.png HTTP/1.1" 200 31
::1 - - [19/Apr/2025:14:25:45 +0300] "GET /hw8/home HTTP/1.1" 200 2992
::1 - - [19/Apr/2025:14:25:45 +0300] "GET /hw8/images/icons/edit_icon.png HTTP/1.1" 200 31
::1 - - [19/Apr/2025:14:26:05 +0300] "GET /hw8/home HTTP/1.1" 200 2996
::1 - - [19/Apr/2025:14:26:05 +0300] "GET /hw8/images/icons/edit_icon.png HTTP/1.1" 200 31
::1 - - [19/Apr/2025:14:26:44 +0300] "GET /hw8/home HTTP/1.1" 200 2914
::1 - - [19/Apr/2025:14:26:44 +0300] "GET /hw8/images/icons/edit_icon.png HTTP/1.1" 200 31
::1 - - [19/Apr/2025:14:27:12 +0300] "GET /hw8/home HTTP/1.1" 200 2828
::1 - - [19/Apr/2025:14:27:12 +0300] "GET /hw8/images/icons/edit_icon.png HTTP/1.1" 200 31
::1 - - [19/Apr/2025:14:27:12 +0300] "GET /hw8/static/v2/images/users/Vanya_Denisov/post_2.jpg HTTP/1.1" 200 31
::1 - - [19/Apr/2025:14:28:08 +0300] "GET /hw8/home HTTP/1.1" 200 2724
::1 - - [19/Apr/2025:14:28:08 +0300] "GET /hw8/static/v2/images/users/Vanya_Denisov/post_2.jpg HTTP/1.1" 200 31
::1 - - [19/Apr/2025:14:28:08 +0300] "GET /hw8/image/icon/edit_icon.png HTTP/1.1" 200 1006
::1 - - [19/Apr/2025:14:28:49 +0300] "GET /hw8/home HTTP/1.1" 200 2724
::1 - - [19/Apr/2025:14:28:49 +0300] "GET /hw8/static/v2/images/users/Vanya_Denisov/post_2.jpg HTTP/1.1" 200 31
::1 - - [19/Apr/2025:14:28:51 +0300] "GET /hw8/home HTTP/1.1" 200 2724
::1 - - [19/Apr/2025:14:28:51 +0300] "GET /hw8/static/v2/images/users/Vanya_Denisov/post_2.jpg HTTP/1.1" 200 31
::1 - - [19/Apr/2025:14:29:49 +0300] "-" 408 -
::1 - - [19/Apr/2025:14:31:52 +0300] "GET /hw8/home HTTP/1.1" 200 2724
::1 - - [19/Apr/2025:14:31:52 +0300] "GET /hw8/static/v2/images/users/Vanya_Denisov/post_2.jpg HTTP/1.1" 200 31
::1 - - [19/Apr/2025:14:32:38 +0300] "GET /hw8/home HTTP/1.1" 200 2724
::1 - - [19/Apr/2025:14:32:38 +0300] "GET /hw8/static/v2/images/users/Vanya_Denisov/post_2.jpg HTTP/1.1" 200 31
::1 - - [19/Apr/2025:14:33:13 +0300] "GET /hw8/images/icons/user_icon.png HTTP/1.1" 200 31
::1 - - [19/Apr/2025:14:33:36 +0300] "GET /hw8/home HTTP/1.1" 200 2724
::1 - - [19/Apr/2025:14:33:36 +0300] "GET /hw8/css/home.css HTTP/1.1" 200 1466
::1 - - [19/Apr/2025:14:33:36 +0300] "GET /hw8/css/header.css HTTP/1.1" 200 138
::1 - - [19/Apr/2025:14:33:36 +0300] "GET /hw8/css/menu.css HTTP/1.1" 200 502
::1 - - [19/Apr/2025:14:33:36 +0300] "GET /hw8/image/icon/edit_icon.png HTTP/1.1" 200 1006
::1 - - [19/Apr/2025:14:33:36 +0300] "GET /hw8/image/user/Vanya_Denisov/post_5.jpg HTTP/1.1" 200 403168
::1 - - [19/Apr/2025:14:33:36 +0300] "GET /hw8/static/v2/images/users/Vanya_Denisov/post_2.jpg HTTP/1.1" 200 31
::1 - - [19/Apr/2025:14:33:36 +0300] "GET /hw8/image/user/Vanya_Denisov/post_3.jpg HTTP/1.1" 200 4159812
::1 - - [19/Apr/2025:14:33:36 +0300] "GET /hw8/image/icon/home_icon.png HTTP/1.1" 200 493
::1 - - [19/Apr/2025:14:33:36 +0300] "GET /hw8/image/icon/user_icon.png HTTP/1.1" 200 446
::1 - - [19/Apr/2025:14:33:36 +0300] "GET /hw8/image/icon/add_icon.png HTTP/1.1" 200 200
::1 - - [19/Apr/2025:14:33:36 +0300] "GET /hw8/fonts/golos-ui_regular.woff2 HTTP/1.1" 200 29640
::1 - - [19/Apr/2025:14:33:36 +0300] "GET /favicon.ico HTTP/1.1" 404 196
::1 - - [19/Apr/2025:14:33:40 +0300] "GET /hw8/image/user/Vanya_Denisov/post_3.jpg HTTP/1.1" 200 4159812
::1 - - [19/Apr/2025:14:37:05 +0300] "GET /hw8/home HTTP/1.1" 200 2714
::1 - - [19/Apr/2025:14:37:05 +0300] "GET /hw8/css/menu.css HTTP/1.1" 304 -
::1 - - [19/Apr/2025:14:37:05 +0300] "GET /hw8/static/v2/images/users/Vanya_Denisov/post_2.jpg HTTP/1.1" 200 31
::1 - - [19/Apr/2025:14:37:07 +0300] "GET /hw8/home HTTP/1.1" 200 2714
::1 - - [19/Apr/2025:14:37:07 +0300] "GET /hw8/static/v2/images/users/Vanya_Denisov/post_2.jpg HTTP/1.1" 200 31
::1 - - [19/Apr/2025:14:42:59 +0300] "GET /hw8/home HTTP/1.1" 200 2696
::1 - - [19/Apr/2025:14:42:59 +0300] "GET /hw8/css/menu.css HTTP/1.1" 304 -
::1 - - [19/Apr/2025:14:42:59 +0300] "GET /hw8/static/v2/images/users/Vanya_Denisov/post_2.jpg HTTP/1.1" 200 31
::1 - - [19/Apr/2025:14:43:59 +0300] "-" 408 -
::1 - - [19/Apr/2025:14:44:04 +0300] "GET /hw8/home HTTP/1.1" 200 2721
::1 - - [19/Apr/2025:14:44:04 +0300] "GET /hw8/css/menu.css HTTP/1.1" 304 -
::1 - - [19/Apr/2025:14:44:04 +0300] "GET /hw8/static/v2/images/users/Vanya_Denisov/post_2.jpg HTTP/1.1" 200 31
::1 - - [19/Apr/2025:14:45:04 +0300] "-" 408 -
::1 - - [19/Apr/2025:15:06:14 +0300] "GET /hw8/home HTTP/1.1" 200 2769
::1 - - [19/Apr/2025:15:06:14 +0300] "GET /hw8/css/menu.css HTTP/1.1" 304 -
::1 - - [19/Apr/2025:15:06:14 +0300] "GET /hw8/static/v2/images/users/Vanya_Denisov/post_2.jpg HTTP/1.1" 200 31
::1 - - [19/Apr/2025:15:06:33 +0300] "GET /hw8/home HTTP/1.1" 200 2780
::1 - - [19/Apr/2025:15:06:33 +0300] "GET /hw8/static/v2/images/users/Vanya_Denisov/post_2.jpg HTTP/1.1" 200 31
::1 - - [19/Apr/2025:15:06:52 +0300] "GET /hw8/home HTTP/1.1" 200 2780
::1 - - [19/Apr/2025:15:06:52 +0300] "GET /hw8/static/v2/images/users/Vanya_Denisov/post_2.jpg HTTP/1.1" 200 31
::1 - - [19/Apr/2025:15:06:54 +0300] "GET /hw8/page/create_post.php HTTP/1.1" 200 596
::1 - - [19/Apr/2025:15:07:17 +0300] "GET /hw8/page/create_post.php HTTP/1.1" 200 629
::1 - - [19/Apr/2025:15:07:27 +0300] "GET /hw8/page/create_post.php HTTP/1.1" 200 633
::1 - - [19/Apr/2025:15:07:28 +0300] "GET /hw8/page/page/home.php HTTP/1.1" 200 31
::1 - - [19/Apr/2025:15:08:08 +0300] "GET /hw8/page/page/home.php HTTP/1.1" 200 31
::1 - - [19/Apr/2025:15:08:26 +0300] "GET /hw8/page/page/home.php HTTP/1.1" 200 31
::1 - - [19/Apr/2025:15:08:31 +0300] "GET /hw8/home HTTP/1.1" 200 2780
::1 - - [19/Apr/2025:15:08:31 +0300] "GET /hw8/static/v2/images/users/Vanya_Denisov/post_2.jpg HTTP/1.1" 200 31
::1 - - [19/Apr/2025:15:08:32 +0300] "GET /hw8/home HTTP/1.1" 200 2780
::1 - - [19/Apr/2025:15:08:32 +0300] "GET /hw8/static/v2/images/users/Vanya_Denisov/post_2.jpg HTTP/1.1" 200 31
::1 - - [19/Apr/2025:15:08:34 +0300] "GET /hw8/page/create_post.php HTTP/1.1" 200 629
::1 - - [19/Apr/2025:15:08:35 +0300] "GET /hw8/page/home.php? HTTP/1.1" 200 2777
::1 - - [19/Apr/2025:15:08:35 +0300] "GET /hw8/page/css/home.css HTTP/1.1" 200 31
::1 - - [19/Apr/2025:15:08:35 +0300] "GET /hw8/page/css/menu.css HTTP/1.1" 200 31
::1 - - [19/Apr/2025:15:08:35 +0300] "GET /hw8/page/css/header.css HTTP/1.1" 200 31
::1 - - [19/Apr/2025:15:08:35 +0300] "GET /hw8/page/image/user/Vanya_Denisov/post_3.jpg HTTP/1.1" 200 31
::1 - - [19/Apr/2025:15:08:35 +0300] "GET /hw8/page/image/icon/edit_icon.png HTTP/1.1" 200 31
::1 - - [19/Apr/2025:15:08:35 +0300] "GET /hw8/page/image/user/Vanya_Denisov/post_5.jpg HTTP/1.1" 200 31
::1 - - [19/Apr/2025:15:08:35 +0300] "GET /hw8/page/static/v2/images/users/Vanya_Denisov/post_2.jpg HTTP/1.1" 200 31
::1 - - [19/Apr/2025:15:08:52 +0300] "GET /hw8/page/home.php? HTTP/1.1" 200 2777
::1 - - [19/Apr/2025:15:08:52 +0300] "GET /hw8/page/css/home.css HTTP/1.1" 200 31
::1 - - [19/Apr/2025:15:08:52 +0300] "GET /hw8/page/css/header.css HTTP/1.1" 200 31
::1 - - [19/Apr/2025:15:08:52 +0300] "GET /hw8/page/css/menu.css HTTP/1.1" 200 31
::1 - - [19/Apr/2025:15:08:52 +0300] "GET /hw8/page/image/icon/edit_icon.png HTTP/1.1" 200 31
::1 - - [19/Apr/2025:15:08:52 +0300] "GET /hw8/page/image/user/Vanya_Denisov/post_5.jpg HTTP/1.1" 200 31
::1 - - [19/Apr/2025:15:08:52 +0300] "GET /hw8/page/image/user/Vanya_Denisov/post_3.jpg HTTP/1.1" 200 31
::1 - - [19/Apr/2025:15:08:52 +0300] "GET /hw8/page/static/v2/images/users/Vanya_Denisov/post_2.jpg HTTP/1.1" 200 31
::1 - - [19/Apr/2025:15:08:56 +0300] "GET /hw8/page/home.php HTTP/1.1" 200 2777
::1 - - [19/Apr/2025:15:08:56 +0300] "GET /hw8/page/css/home.css HTTP/1.1" 200 31
::1 - - [19/Apr/2025:15:08:56 +0300] "GET /hw8/page/css/header.css HTTP/1.1" 200 31
::1 - - [19/Apr/2025:15:08:56 +0300] "GET /hw8/page/css/menu.css HTTP/1.1" 200 31
::1 - - [19/Apr/2025:15:08:56 +0300] "GET /hw8/page/image/user/Vanya_Denisov/post_5.jpg HTTP/1.1" 200 31
::1 - - [19/Apr/2025:15:08:56 +0300] "GET /hw8/page/image/icon/edit_icon.png HTTP/1.1" 200 31
::1 - - [19/Apr/2025:15:08:56 +0300] "GET /hw8/page/image/user/Vanya_Denisov/post_3.jpg HTTP/1.1" 200 31
::1 - - [19/Apr/2025:15:08:56 +0300] "GET /hw8/page/static/v2/images/users/Vanya_Denisov/post_2.jpg HTTP/1.1" 200 31
::1 - - [19/Apr/2025:15:09:35 +0300] "GET /hw8/page/home.php HTTP/1.1" 200 2777
::1 - - [19/Apr/2025:15:09:35 +0300] "GET /hw8/page/css/home.css HTTP/1.1" 200 31
::1 - - [19/Apr/2025:15:09:35 +0300] "GET /hw8/page/css/header.css HTTP/1.1" 200 31
::1 - - [19/Apr/2025:15:09:35 +0300] "GET /hw8/page/css/menu.css HTTP/1.1" 200 31
::1 - - [19/Apr/2025:15:09:35 +0300] "GET /hw8/page/image/user/Vanya_Denisov/post_5.jpg HTTP/1.1" 200 31
::1 - - [19/Apr/2025:15:09:35 +0300] "GET /hw8/page/image/icon/edit_icon.png HTTP/1.1" 200 31
::1 - - [19/Apr/2025:15:09:35 +0300] "GET /hw8/page/image/user/Vanya_Denisov/post_3.jpg HTTP/1.1" 200 31
::1 - - [19/Apr/2025:15:09:35 +0300] "GET /hw8/page/static/v2/images/users/Vanya_Denisov/post_2.jpg HTTP/1.1" 200 31
::1 - - [19/Apr/2025:15:09:44 +0300] "GET /hw8/home HTTP/1.1" 200 2780
::1 - - [19/Apr/2025:15:09:44 +0300] "GET /hw8/css/menu.css HTTP/1.1" 304 -
::1 - - [19/Apr/2025:15:09:44 +0300] "GET /hw8/static/v2/images/users/Vanya_Denisov/post_2.jpg HTTP/1.1" 200 31
::1 - - [19/Apr/2025:15:09:45 +0300] "GET /hw8/home HTTP/1.1" 200 2780
::1 - - [19/Apr/2025:15:09:45 +0300] "GET /hw8/css/menu.css HTTP/1.1" 304 -
::1 - - [19/Apr/2025:15:09:45 +0300] "GET /hw8/static/v2/images/users/Vanya_Denisov/post_2.jpg HTTP/1.1" 200 31
::1 - - [19/Apr/2025:15:09:47 +0300] "GET /hw8/page/create_post.php HTTP/1.1" 200 628
::1 - - [19/Apr/2025:15:09:48 +0300] "GET /hw8/page/home.php HTTP/1.1" 200 2777
::1 - - [19/Apr/2025:15:09:48 +0300] "GET /hw8/page/css/home.css HTTP/1.1" 200 31
::1 - - [19/Apr/2025:15:09:48 +0300] "GET /hw8/page/css/header.css HTTP/1.1" 200 31
::1 - - [19/Apr/2025:15:09:48 +0300] "GET /hw8/page/css/menu.css HTTP/1.1" 200 31
::1 - - [19/Apr/2025:15:09:48 +0300] "GET /hw8/page/image/user/Vanya_Denisov/post_5.jpg HTTP/1.1" 200 31
::1 - - [19/Apr/2025:15:09:48 +0300] "GET /hw8/page/image/icon/edit_icon.png HTTP/1.1" 200 31
::1 - - [19/Apr/2025:15:09:48 +0300] "GET /hw8/page/image/user/Vanya_Denisov/post_3.jpg HTTP/1.1" 200 31
::1 - - [19/Apr/2025:15:09:48 +0300] "GET /hw8/page/static/v2/images/users/Vanya_Denisov/post_2.jpg HTTP/1.1" 200 31
::1 - - [19/Apr/2025:15:09:50 +0300] "GET /hw8/page/page/create_post.php HTTP/1.1" 200 31
::1 - - [19/Apr/2025:15:10:18 +0300] "GET /hw8/home HTTP/1.1" 200 2775
::1 - - [19/Apr/2025:15:10:18 +0300] "GET /hw8/static/v2/images/users/Vanya_Denisov/post_2.jpg HTTP/1.1" 200 31
::1 - - [19/Apr/2025:15:10:19 +0300] "GET /hw8/home HTTP/1.1" 200 2775
::1 - - [19/Apr/2025:15:10:19 +0300] "GET /hw8/static/v2/images/users/Vanya_Denisov/post_2.jpg HTTP/1.1" 200 31
::1 - - [19/Apr/2025:15:10:21 +0300] "GET /hw8/create_post.php HTTP/1.1" 200 31
::1 - - [19/Apr/2025:15:10:45 +0300] "GET /hw8/create_post.php HTTP/1.1" 200 31
::1 - - [19/Apr/2025:15:10:49 +0300] "GET /hw8/home HTTP/1.1" 200 2779
::1 - - [19/Apr/2025:15:10:49 +0300] "GET /hw8/static/v2/images/users/Vanya_Denisov/post_2.jpg HTTP/1.1" 200 31
::1 - - [19/Apr/2025:15:10:50 +0300] "GET /hw8/home HTTP/1.1" 200 2779
::1 - - [19/Apr/2025:15:10:50 +0300] "GET /hw8/static/v2/images/users/Vanya_Denisov/post_2.jpg HTTP/1.1" 200 31
::1 - - [19/Apr/2025:15:10:51 +0300] "GET /hw8/index.php?pg=create HTTP/1.1" 200 631
::1 - - [19/Apr/2025:15:11:04 +0300] "GET /hw8/home.php HTTP/1.1" 200 31
::1 - - [19/Apr/2025:15:11:59 +0300] "GET /hw8/home HTTP/1.1" 200 2779
::1 - - [19/Apr/2025:15:11:59 +0300] "GET /hw8/static/v2/images/users/Vanya_Denisov/post_2.jpg HTTP/1.1" 200 31
::1 - - [19/Apr/2025:15:12:00 +0300] "GET /hw8/home HTTP/1.1" 200 2779
::1 - - [19/Apr/2025:15:12:00 +0300] "GET /hw8/static/v2/images/users/Vanya_Denisov/post_2.jpg HTTP/1.1" 200 31
::1 - - [19/Apr/2025:15:12:03 +0300] "GET /hw8/index.php?pg=create HTTP/1.1" 200 640
::1 - - [19/Apr/2025:15:12:04 +0300] "GET /hw8/index.php?pg=home HTTP/1.1" 200 2779
::1 - - [19/Apr/2025:15:12:04 +0300] "GET /hw8/static/v2/images/users/Vanya_Denisov/post_2.jpg HTTP/1.1" 200 31
::1 - - [19/Apr/2025:15:12:08 +0300] "GET /hw8/index.php?pg=create HTTP/1.1" 200 640
::1 - - [19/Apr/2025:15:12:14 +0300] "GET /hw8/index.php?pg=home HTTP/1.1" 200 2779
::1 - - [19/Apr/2025:15:12:14 +0300] "GET /hw8/static/v2/images/users/Vanya_Denisov/post_2.jpg HTTP/1.1" 200 31
::1 - - [19/Apr/2025:15:12:16 +0300] "GET /hw8/index.php?pg=create HTTP/1.1" 200 640
::1 - - [19/Apr/2025:15:12:21 +0300] "GET /hw8/index.php?pg=home HTTP/1.1" 200 2779
::1 - - [19/Apr/2025:15:12:21 +0300] "GET /hw8/static/v2/images/users/Vanya_Denisov/post_2.jpg HTTP/1.1" 200 31
::1 - - [19/Apr/2025:15:13:00 +0300] "GET /hw8/index.php?pg=create HTTP/1.1" 200 640
::1 - - [19/Apr/2025:15:14:00 +0300] "-" 408 -
::1 - - [19/Apr/2025:15:25:54 +0300] "GET /hw8/index.php?pg=home HTTP/1.1" 200 2779
::1 - - [19/Apr/2025:15:25:54 +0300] "GET /hw8/css/menu.css HTTP/1.1" 304 -
::1 - - [19/Apr/2025:15:25:54 +0300] "GET /hw8/static/v2/images/users/Vanya_Denisov/post_2.jpg HTTP/1.1" 200 31
::1 - - [19/Apr/2025:15:26:27 +0300] "GET /hw8/profile HTTP/1.1" 200 616
::1 - - [19/Apr/2025:15:27:27 +0300] "-" 408 -
::1 - - [19/Apr/2025:15:27:30 +0300] "GET /hw8/profile HTTP/1.1" 200 990
::1 - - [19/Apr/2025:15:27:30 +0300] "GET /hw8/css/profile.css HTTP/1.1" 200 1316
::1 - - [19/Apr/2025:15:27:30 +0300] "GET /hw8/home HTTP/1.1" 200 2779
::1 - - [19/Apr/2025:15:27:30 +0300] "GET /hw8/static/v2/images/users/Vanya_Denisov/post_2.jpg HTTP/1.1" 200 31
::1 - - [19/Apr/2025:15:27:38 +0300] "GET /hw8/profile HTTP/1.1" 200 990
::1 - - [19/Apr/2025:15:27:38 +0300] "GET /hw8/home HTTP/1.1" 200 2779
::1 - - [19/Apr/2025:15:27:38 +0300] "GET /hw8/static/v2/images/users/Vanya_Denisov/post_2.jpg HTTP/1.1" 200 31
::1 - - [19/Apr/2025:15:27:48 +0300] "GET /hw8/profile HTTP/1.1" 200 990
::1 - - [19/Apr/2025:15:27:48 +0300] "GET /hw8/home HTTP/1.1" 200 2779
::1 - - [19/Apr/2025:15:27:48 +0300] "GET /hw8/static/v2/images/users/Vanya_Denisov/post_2.jpg HTTP/1.1" 200 31
::1 - - [19/Apr/2025:15:28:05 +0300] "GET /hw8/profile?user_id=1 HTTP/1.1" 200 854
::1 - - [19/Apr/2025:15:28:05 +0300] "GET /hw8/home HTTP/1.1" 200 2779
::1 - - [19/Apr/2025:15:28:05 +0300] "GET /hw8/static/v2/images/users/Vanya_Denisov/post_2.jpg HTTP/1.1" 200 31
::1 - - [19/Apr/2025:15:29:05 +0300] "-" 408 -
::1 - - [19/Apr/2025:15:29:21 +0300] "GET /hw8/profile?user_id=1 HTTP/1.1" 200 3636
::1 - - [19/Apr/2025:15:30:21 +0300] "-" 408 -
::1 - - [19/Apr/2025:15:39:52 +0300] "GET /hw8/profile?user_id=1 HTTP/1.1" 200 3636
::1 - - [19/Apr/2025:15:39:52 +0300] "GET /hw8/css/menu.css HTTP/1.1" 304 -
::1 - - [19/Apr/2025:15:39:55 +0300] "GET /hw8/home HTTP/1.1" 200 2963
::1 - - [19/Apr/2025:15:39:55 +0300] "GET /hw8/static/v2/images/users/Vanya_Denisov/post_2.jpg HTTP/1.1" 200 31
::1 - - [19/Apr/2025:15:39:56 +0300] "GET /hw8/home HTTP/1.1" 200 2963
::1 - - [19/Apr/2025:15:39:56 +0300] "GET /hw8/static/v2/images/users/Vanya_Denisov/post_2.jpg HTTP/1.1" 200 31
::1 - - [19/Apr/2025:15:39:59 +0300] "GET /hw8/index.php?pg=rofile&id=1 HTTP/1.1" 200 31
::1 - - [19/Apr/2025:15:40:14 +0300] "GET /hw8/index.php?pg=rofile&id=1 HTTP/1.1" 200 31
::1 - - [19/Apr/2025:15:40:19 +0300] "GET /hw8/index.php?pg=profile&id=1 HTTP/1.1" 200 990
::1 - - [19/Apr/2025:15:40:19 +0300] "GET /hw8/home HTTP/1.1" 200 2965
::1 - - [19/Apr/2025:15:40:19 +0300] "GET /hw8/static/v2/images/users/Vanya_Denisov/post_2.jpg HTTP/1.1" 200 31
::1 - - [19/Apr/2025:15:40:25 +0300] "GET /hw8/index.php?pg=profile&id=1 HTTP/1.1" 200 990
::1 - - [19/Apr/2025:15:40:25 +0300] "GET /hw8/home HTTP/1.1" 200 2965
::1 - - [19/Apr/2025:15:40:25 +0300] "GET /hw8/static/v2/images/users/Vanya_Denisov/post_2.jpg HTTP/1.1" 200 31
::1 - - [19/Apr/2025:15:40:27 +0300] "GET /hw8/index.php?pg=profile&id=1 HTTP/1.1" 200 990
::1 - - [19/Apr/2025:15:40:27 +0300] "GET /hw8/home HTTP/1.1" 200 2965
::1 - - [19/Apr/2025:15:40:27 +0300] "GET /hw8/static/v2/images/users/Vanya_Denisov/post_2.jpg HTTP/1.1" 200 31
::1 - - [19/Apr/2025:15:40:29 +0300] "GET /hw8/index.php?pg=profile&id=1 HTTP/1.1" 200 990
::1 - - [19/Apr/2025:15:40:29 +0300] "GET /hw8/home HTTP/1.1" 200 2965
::1 - - [19/Apr/2025:15:40:29 +0300] "GET /hw8/static/v2/images/users/Vanya_Denisov/post_2.jpg HTTP/1.1" 200 31
::1 - - [19/Apr/2025:15:41:15 +0300] "GET /hw8/index.php?pg=profile&id=1 HTTP/1.1" 200 990
::1 - - [19/Apr/2025:15:41:15 +0300] "GET /hw8/home HTTP/1.1" 200 2975
::1 - - [19/Apr/2025:15:41:15 +0300] "GET /hw8/static/v2/images/users/Vanya_Denisov/post_2.jpg HTTP/1.1" 200 31
::1 - - [19/Apr/2025:15:41:18 +0300] "GET /hw8/index.php?pg=profile&user_id=1 HTTP/1.1" 200 3636
::1 - - [19/Apr/2025:15:41:26 +0300] "GET /hw8/home HTTP/1.1" 200 2975
::1 - - [19/Apr/2025:15:41:26 +0300] "GET /hw8/static/v2/images/users/Vanya_Denisov/post_2.jpg HTTP/1.1" 200 31
::1 - - [19/Apr/2025:15:41:28 +0300] "GET /hw8/home HTTP/1.1" 200 2975
::1 - - [19/Apr/2025:15:41:28 +0300] "GET /hw8/static/v2/images/users/Vanya_Denisov/post_2.jpg HTTP/1.1" 200 31
::1 - - [19/Apr/2025:15:41:31 +0300] "GET /hw8/index.php?pg=profile&user_id=1 HTTP/1.1" 200 3636
::1 - - [19/Apr/2025:15:42:28 +0300] "-" 408 -
::1 - - [19/Apr/2025:15:43:32 +0300] "GET /hw8/home HTTP/1.1" 200 2921
::1 - - [19/Apr/2025:15:43:32 +0300] "GET /hw8/static/v2/images/users/Vanya_Denisov/post_2.jpg HTTP/1.1" 200 31
::1 - - [19/Apr/2025:15:43:33 +0300] "GET /hw8/index.php?pg=profile&user_id=1 HTTP/1.1" 200 3690
::1 - - [19/Apr/2025:15:43:35 +0300] "GET /hw8/index.php?pg=create HTTP/1.1" 200 640
::1 - - [19/Apr/2025:15:43:36 +0300] "GET /hw8/index.php?pg=home HTTP/1.1" 200 2921
::1 - - [19/Apr/2025:15:43:36 +0300] "GET /hw8/static/v2/images/users/Vanya_Denisov/post_2.jpg HTTP/1.1" 200 31
::1 - - [19/Apr/2025:15:43:39 +0300] "GET /hw8/index.php?pg=profile&user_id=1 HTTP/1.1" 200 3690
::1 - - [19/Apr/2025:15:43:41 +0300] "GET /hw8/index.php?pg=create HTTP/1.1" 200 640
::1 - - [19/Apr/2025:15:43:42 +0300] "GET /hw8/index.php?pg=home HTTP/1.1" 200 2921
::1 - - [19/Apr/2025:15:43:42 +0300] "GET /hw8/static/v2/images/users/Vanya_Denisov/post_2.jpg HTTP/1.1" 200 31
::1 - - [19/Apr/2025:15:44:04 +0300] "GET /hw8/index.php?pg=home HTTP/1.1" 200 2921
::1 - - [19/Apr/2025:15:44:04 +0300] "GET /hw8/static/v2/images/users/Vanya_Denisov/post_2.jpg HTTP/1.1" 200 31
::1 - - [19/Apr/2025:15:44:05 +0300] "GET /hw8/index.php?pg=profile&user_id=1 HTTP/1.1" 200 3690
::1 - - [19/Apr/2025:15:44:07 +0300] "GET /hw8/index.php?pg=create HTTP/1.1" 200 687
::1 - - [19/Apr/2025:15:44:08 +0300] "GET /hw8/index.php?pg=profile HTTP/1.1" 200 1044
::1 - - [19/Apr/2025:15:44:08 +0300] "GET /hw8/home HTTP/1.1" 200 2921
::1 - - [19/Apr/2025:15:44:08 +0300] "GET /hw8/static/v2/images/users/Vanya_Denisov/post_2.jpg HTTP/1.1" 200 31
::1 - - [19/Apr/2025:15:44:54 +0300] "GET /hw8/index.php?pg=profile&user_id=1 HTTP/1.1" 200 3690
::1 - - [19/Apr/2025:15:45:54 +0300] "-" 408 -
::1 - - [19/Apr/2025:15:55:47 +0300] "GET /hw8/index.php?pg=profile&user_id=1 HTTP/1.1" 200 3700
::1 - - [19/Apr/2025:15:55:47 +0300] "GET /hw8/css/menu.css HTTP/1.1" 304 -
::1 - - [19/Apr/2025:15:55:48 +0300] "GET /hw8/index.php?pg=create&user_id=1 HTTP/1.1" 200 728
::1 - - [19/Apr/2025:15:56:09 +0300] "GET /hw8/index.php?pg=create&user_id=1 HTTP/1.1" 200 700
::1 - - [19/Apr/2025:15:56:13 +0300] "GET /hw8/index.php?pg=profile HTTP/1.1" 200 1189
::1 - - [19/Apr/2025:15:56:14 +0300] "GET /hw8/home HTTP/1.1" 200 2921
::1 - - [19/Apr/2025:15:56:14 +0300] "GET /hw8/static/v2/images/users/Vanya_Denisov/post_2.jpg HTTP/1.1" 200 31
::1 - - [19/Apr/2025:15:57:09 +0300] "-" 408 -
::1 - - [19/Apr/2025:15:57:25 +0300] "GET /hw8/home HTTP/1.1" 200 2921
::1 - - [19/Apr/2025:15:57:25 +0300] "GET /hw8/static/v2/images/users/Vanya_Denisov/post_2.jpg HTTP/1.1" 200 31
::1 - - [19/Apr/2025:15:57:27 +0300] "GET /hw8/index.php?pg=profile&user_id=1 HTTP/1.1" 200 3700
::1 - - [19/Apr/2025:15:57:28 +0300] "GET /hw8/index.php?pg=create&user_id=1 HTTP/1.1" 200 678
::1 - - [19/Apr/2025:15:57:38 +0300] "GET /hw8/index.php?pg=profile HTTP/1.1" 200 1189
::1 - - [19/Apr/2025:15:57:38 +0300] "GET /hw8/home HTTP/1.1" 200 2921
::1 - - [19/Apr/2025:15:57:38 +0300] "GET /hw8/static/v2/images/users/Vanya_Denisov/post_2.jpg HTTP/1.1" 200 31
::1 - - [19/Apr/2025:15:58:38 +0300] "-" 408 -
::1 - - [19/Apr/2025:16:01:07 +0300] "GET /hw8/home HTTP/1.1" 200 2921
::1 - - [19/Apr/2025:16:01:07 +0300] "GET /hw8/static/v2/images/users/Vanya_Denisov/post_2.jpg HTTP/1.1" 200 31
::1 - - [19/Apr/2025:16:01:08 +0300] "GET /hw8/index.php?pg=profile&user_id=1 HTTP/1.1" 200 3700
::1 - - [19/Apr/2025:16:01:09 +0300] "GET /hw8/index.php?pg=create&user_id=1 HTTP/1.1" 200 688
::1 - - [19/Apr/2025:16:01:10 +0300] "GET /hw8/index.php?pg=profile&user_id=1 HTTP/1.1" 200 3700
::1 - - [19/Apr/2025:16:01:36 +0300] "GET /hw8/profile?user_id=1 HTTP/1.1" 200 3700
::1 - - [19/Apr/2025:16:01:56 +0300] "GET /hw8/index.php?pg=create&user_id=1 HTTP/1.1" 200 688
::1 - - [19/Apr/2025:16:02:32 +0300] "GET /hw8/profile HTTP/1.1" 200 1112
::1 - - [19/Apr/2025:16:02:32 +0300] "GET /hw8/home HTTP/1.1" 200 2921
::1 - - [19/Apr/2025:16:02:32 +0300] "GET /hw8/static/v2/images/users/Vanya_Denisov/post_2.jpg HTTP/1.1" 200 31
::1 - - [19/Apr/2025:16:02:40 +0300] "GET /hw8/profile HTTP/1.1" 200 1112
::1 - - [19/Apr/2025:16:02:40 +0300] "GET /hw8/home HTTP/1.1" 200 2921
::1 - - [19/Apr/2025:16:02:40 +0300] "GET /hw8/static/v2/images/users/Vanya_Denisov/post_2.jpg HTTP/1.1" 200 31
::1 - - [19/Apr/2025:16:02:46 +0300] "GET /hw8/profile?user_id=1 HTTP/1.1" 200 3760
::1 - - [19/Apr/2025:16:02:52 +0300] "GET /hw8/create?user_id=1 HTTP/1.1" 200 688
::1 - - [19/Apr/2025:16:03:00 +0300] "GET /hw8/index.php?pg=profile&user_id=1 HTTP/1.1" 200 3760
::1 - - [19/Apr/2025:16:03:51 +0300] "GET /hw8/create?user_id=1 HTTP/1.1" 200 675
::1 - - [19/Apr/2025:16:03:57 +0300] "GET /hw8/profile?user_id=1 HTTP/1.1" 200 3760
::1 - - [19/Apr/2025:16:04:12 +0300] "GET /hw8/create?user_id=1 HTTP/1.1" 200 662
::1 - - [19/Apr/2025:16:04:13 +0300] "GET /hw8/home HTTP/1.1" 200 2921
::1 - - [19/Apr/2025:16:04:13 +0300] "GET /hw8/css/menu.css HTTP/1.1" 304 -
::1 - - [19/Apr/2025:16:04:13 +0300] "GET /hw8/static/v2/images/users/Vanya_Denisov/post_2.jpg HTTP/1.1" 200 31
::1 - - [19/Apr/2025:16:05:12 +0300] "-" 408 -
::1 - - [19/Apr/2025:16:17:25 +0300] "GET /hw8/index.php?pg=profile&user_id=1 HTTP/1.1" 200 3760
::1 - - [19/Apr/2025:16:17:25 +0300] "GET /hw8/css/menu.css HTTP/1.1" 304 -
::1 - - [19/Apr/2025:16:17:26 +0300] "GET /hw8/create?user_id=1 HTTP/1.1" 200 671
::1 - - [19/Apr/2025:16:18:25 +0300] "-" 408 -
::1 - - [19/Apr/2025:16:24:00 +0300] "GET /hw8/profile?user_id=1 HTTP/1.1" 200 3760
::1 - - [19/Apr/2025:16:24:04 +0300] "GET /hw8/create?user_id=1 HTTP/1.1" 200 681
::1 - - [19/Apr/2025:16:24:09 +0300] "GET /hw8/home HTTP/1.1" 200 2921
::1 - - [19/Apr/2025:16:24:09 +0300] "GET /hw8/static/v2/images/users/Vanya_Denisov/post_2.jpg HTTP/1.1" 200 31
::1 - - [19/Apr/2025:16:24:12 +0300] "GET /hw8/index.php?pg=profile&user_id=1 HTTP/1.1" 200 3760
::1 - - [19/Apr/2025:16:24:16 +0300] "GET /hw8/create?user_id=1 HTTP/1.1" 200 681
::1 - - [19/Apr/2025:16:25:00 +0300] "-" 408 -
::1 - - [19/Apr/2025:16:25:14 +0300] "POST /hw8/api.php?user_id=1 HTTP/1.1" 200 451
::1 - - [19/Apr/2025:16:25:27 +0300] "POST /hw8/api.php?user_id=1 HTTP/1.1" 200 276
::1 - - [19/Apr/2025:16:25:41 +0300] "POST /hw8/api.php?user_id=1 HTTP/1.1" 200 144
::1 - - [19/Apr/2025:16:26:41 +0300] "-" 408 -
::1 - - [19/Apr/2025:16:27:42 +0300] "POST /hw8/api.php?user_id=1 HTTP/1.1" 200 144
::1 - - [19/Apr/2025:16:27:50 +0300] "GET /hw8/create?user_id=1 HTTP/1.1" 200 681
::1 - - [19/Apr/2025:16:27:58 +0300] "POST /hw8/api.php?user_id=1 HTTP/1.1" 200 23
::1 - - [19/Apr/2025:16:28:58 +0300] "-" 408 -
::1 - - [19/Apr/2025:16:29:05 +0300] "POST /hw8/api.php?user_id=1 HTTP/1.1" 200 31
::1 - - [19/Apr/2025:16:30:05 +0300] "-" 408 -
::1 - - [19/Apr/2025:17:32:48 +0300] "POST /hw8/api.php?user_id=1 HTTP/1.1" 200 156
::1 - - [19/Apr/2025:17:33:05 +0300] "POST /hw8/api.php?user_id=1 HTTP/1.1" 200 160
::1 - - [19/Apr/2025:17:34:05 +0300] "-" 408 -
::1 - - [19/Apr/2025:17:43:18 +0300] "POST /hw8/api.php?user_id=1 HTTP/1.1" 200 156
::1 - - [19/Apr/2025:17:44:05 +0300] "POST /hw8/api.php?user_id=1 HTTP/1.1" 200 286
::1 - - [19/Apr/2025:17:45:05 +0300] "-" 408 -
::1 - - [19/Apr/2025:17:45:26 +0300] "POST /hw8/api.php?user_id=1 HTTP/1.1" 200 421
::1 - - [19/Apr/2025:17:46:19 +0300] "POST /hw8/api.php?user_id=1 HTTP/1.1" 200 421
::1 - - [19/Apr/2025:17:47:12 +0300] "-" 408 -
::1 - - [19/Apr/2025:17:48:16 +0300] "POST /hw8/api.php?user_id=1 HTTP/1.1" 200 421
::1 - - [19/Apr/2025:17:48:19 +0300] "POST /hw8/api.php?user_id=1 HTTP/1.1" 200 421
::1 - - [19/Apr/2025:17:48:28 +0300] "POST /hw8/api.php?user_id=1 HTTP/1.1" 200 421
::1 - - [19/Apr/2025:17:49:15 +0300] "POST /hw8/api.php?user_id=1 HTTP/1.1" 200 421
::1 - - [19/Apr/2025:17:50:15 +0300] "-" 408 -
::1 - - [19/Apr/2025:17:52:27 +0300] "POST /hw8/api.php?user_id=1 HTTP/1.1" 200 421
::1 - - [19/Apr/2025:17:52:34 +0300] "POST /hw8/api.php?user_id=1 HTTP/1.1" 200 421
::1 - - [19/Apr/2025:17:53:34 +0300] "-" 408 -
::1 - - [19/Apr/2025:17:54:34 +0300] "POST /hw8/api.php?user_id=1 HTTP/1.1" 200 37
::1 - - [19/Apr/2025:17:54:50 +0300] "POST /hw8/api.php?user_id=1 HTTP/1.1" 200 152
::1 - - [19/Apr/2025:17:55:40 +0300] "POST /hw8/api.php?user_id=1 HTTP/1.1" 200 151
::1 - - [19/Apr/2025:17:55:55 +0300] "POST /hw8/api.php?user_id=1 HTTP/1.1" 200 37
::1 - - [19/Apr/2025:17:56:55 +0300] "-" 408 -
::1 - - [19/Apr/2025:17:57:07 +0300] "POST /hw8/api.php?user_id=1 HTTP/1.1" 200 50
::1 - - [19/Apr/2025:17:57:57 +0300] "POST /hw8/api.php?user_id=1 HTTP/1.1" 200 159
::1 - - [19/Apr/2025:17:58:05 +0300] "POST /hw8/api.php?user_id=1 HTTP/1.1" 200 159
::1 - - [19/Apr/2025:17:59:05 +0300] "-" 408 -
::1 - - [19/Apr/2025:18:02:13 +0300] "POST /hw8/api.php?user_id=1 HTTP/1.1" 200 314
::1 - - [19/Apr/2025:18:02:47 +0300] "POST /hw8/api.php?user_id=1 HTTP/1.1" 200 314
::1 - - [19/Apr/2025:18:03:47 +0300] "-" 408 -
::1 - - [19/Apr/2025:18:12:14 +0300] "POST /hw8/api.php?user_id=1 HTTP/1.1" 200 504
::1 - - [19/Apr/2025:18:13:14 +0300] "-" 408 -
::1 - - [19/Apr/2025:18:16:36 +0300] "POST /hw8/api.php?user_id=1 HTTP/1.1" 200 905
::1 - - [19/Apr/2025:18:16:48 +0300] "POST /hw8/api.php?user_id=1 HTTP/1.1" 200 451
::1 - - [19/Apr/2025:18:17:25 +0300] "POST /hw8/api.php?user_id=1 HTTP/1.1" 200 148
::1 - - [19/Apr/2025:18:18:25 +0300] "-" 408 -
::1 - - [19/Apr/2025:18:18:48 +0300] "POST /hw8/api.php?user_id=1 HTTP/1.1" 200 152
::1 - - [19/Apr/2025:18:19:48 +0300] "-" 408 -
::1 - - [19/Apr/2025:18:24:10 +0300] "POST /hw8/api.php?user_id=1 HTTP/1.1" 200 1
::1 - - [19/Apr/2025:18:25:10 +0300] "-" 408 -
::1 - - [19/Apr/2025:18:28:29 +0300] "POST /hw8/api.php?user_id=1 HTTP/1.1" 200 6
::1 - - [19/Apr/2025:18:29:21 +0300] "POST /hw8/api.php?user_id=1 HTTP/1.1" 200 6
::1 - - [19/Apr/2025:18:30:21 +0300] "-" 408 -
::1 - - [19/Apr/2025:18:38:07 +0300] "POST /hw8/api.php?user_id=1 HTTP/1.1" 200 6
::1 - - [19/Apr/2025:18:39:07 +0300] "-" 408 -
::1 - - [19/Apr/2025:18:44:33 +0300] "POST /hw8/api.php?user_id=1 HTTP/1.1" 200 6
::1 - - [19/Apr/2025:18:45:33 +0300] "-" 408 -
::1 - - [19/Apr/2025:18:49:07 +0300] "POST /hw8/api.php?user_id=1 HTTP/1.1" 200 6
::1 - - [19/Apr/2025:18:49:22 +0300] "POST /hw8/api.php?user_id=1 HTTP/1.1" 200 6
::1 - - [19/Apr/2025:18:50:22 +0300] "-" 408 -
::1 - - [19/Apr/2025:18:52:42 +0300] "POST /hw8/api.php?user_id=1 HTTP/1.1" 200 6
::1 - - [19/Apr/2025:18:53:42 +0300] "-" 408 -
::1 - - [19/Apr/2025:18:58:26 +0300] "POST /hw8/api.php?user_id=1 HTTP/1.1" 200 6
::1 - - [19/Apr/2025:18:58:48 +0300] "POST /hw8/api.php?user_id=1 HTTP/1.1" 200 7
::1 - - [19/Apr/2025:18:59:27 +0300] "POST /hw8/api.php?user_id=1 HTTP/1.1" 200 7
::1 - - [19/Apr/2025:19:00:27 +0300] "-" 408 -
::1 - - [19/Apr/2025:19:06:41 +0300] "POST /hw8/api.php?user_id=1 HTTP/1.1" 200 191
::1 - - [19/Apr/2025:19:07:41 +0300] "-" 408 -
::1 - - [19/Apr/2025:19:10:08 +0300] "POST /hw8/api.php?user_id=1 HTTP/1.1" 200 196
::1 - - [19/Apr/2025:19:11:08 +0300] "-" 408 -
::1 - - [19/Apr/2025:19:11:11 +0300] "POST /hw8/api.php?user_id=1 HTTP/1.1" 200 249
::1 - - [19/Apr/2025:19:12:11 +0300] "-" 408 -
::1 - - [19/Apr/2025:19:14:00 +0300] "POST /hw8/api.php?user_id=1 HTTP/1.1" 200 585
::1 - - [19/Apr/2025:19:15:00 +0300] "-" 408 -
::1 - - [19/Apr/2025:19:25:20 +0300] "POST /hw8/api.php?user_id=1 HTTP/1.1" 200 585
::1 - - [19/Apr/2025:19:25:51 +0300] "POST /hw8/api.php?user_id=1 HTTP/1.1" 200 585
::1 - - [19/Apr/2025:19:26:51 +0300] "-" 408 -
::1 - - [19/Apr/2025:19:28:18 +0300] "POST /hw8/api.php?user_id=1 HTTP/1.1" 200 585
::1 - - [19/Apr/2025:19:28:28 +0300] "POST /hw8/api.php?user_id=1 HTTP/1.1" 200 585
::1 - - [19/Apr/2025:19:29:27 +0300] "POST /hw8/api.php?user_id=1 HTTP/1.1" 200 585
::1 - - [19/Apr/2025:19:30:16 +0300] "POST /hw8/api.php?user_id=1 HTTP/1.1" 200 585
::1 - - [19/Apr/2025:19:30:20 +0300] "POST /hw8/api.php?user_id=1 HTTP/1.1" 200 585
::1 - - [19/Apr/2025:19:30:20 +0300] "GET /favicon.ico HTTP/1.1" 404 196
::1 - - [19/Apr/2025:19:31:16 +0300] "-" 408 -
::1 - - [19/Apr/2025:19:35:16 +0300] "GET /hw8/create HTTP/1.1" 404 196
::1 - - [19/Apr/2025:19:35:17 +0300] "GET /hw8/create_post.php HTTP/1.1" 404 196
::1 - - [19/Apr/2025:19:35:29 +0300] "GET /hw8/page/create_post.php HTTP/1.1" 200 1043
::1 - - [19/Apr/2025:19:35:52 +0300] "GET /hw8/page/create_post.php?user_id=1 HTTP/1.1" 200 765
::1 - - [19/Apr/2025:19:36:03 +0300] "POST /hw8/page/api.php HTTP/1.1" 404 196
::1 - - [19/Apr/2025:19:37:01 +0300] "POST /hw8/page/api.php HTTP/1.1" 404 196
::1 - - [19/Apr/2025:19:37:51 +0300] "-" 408 -
::1 - - [19/Apr/2025:19:38:05 +0300] "POST /hw8/page/api.php HTTP/1.1" 404 196
::1 - - [19/Apr/2025:19:38:10 +0300] "GET /hw8/api.php HTTP/1.1" 200 116
::1 - - [19/Apr/2025:19:39:10 +0300] "-" 408 -
::1 - - [19/Apr/2025:19:39:15 +0300] "GET /hw8/api.php HTTP/1.1" 200 116
::1 - - [19/Apr/2025:19:40:15 +0300] "-" 408 -
::1 - - [19/Apr/2025:19:41:03 +0300] "GET /hw8/api.php HTTP/1.1" 200 119
::1 - - [19/Apr/2025:19:41:36 +0300] "POST /hw8/page/api.php HTTP/1.1" 404 196
::1 - - [19/Apr/2025:19:42:06 +0300] "POST /hw8/page/api.php HTTP/1.1" 200 464
::1 - - [19/Apr/2025:19:42:31 +0300] "POST /hw8/page/api.php HTTP/1.1" 200 629
::1 - - [19/Apr/2025:19:43:31 +0300] "-" 408 -
::1 - - [19/Apr/2025:19:44:03 +0300] "POST /hw8/page/api.php HTTP/1.1" 200 687
::1 - - [19/Apr/2025:19:44:35 +0300] "POST /hw8/page/api.php HTTP/1.1" 200 274
::1 - - [19/Apr/2025:19:45:35 +0300] "-" 408 -
::1 - - [19/Apr/2025:20:12:30 +0300] "POST /hw8/page/api.php HTTP/1.1" 200 274
::1 - - [19/Apr/2025:20:13:03 +0300] "POST /hw8/page/api.php HTTP/1.1" 200 274
::1 - - [19/Apr/2025:20:14:03 +0300] "-" 408 -
::1 - - [19/Apr/2025:20:20:13 +0300] "POST /hw8/page/api.php HTTP/1.1" 200 50
::1 - - [19/Apr/2025:20:20:45 +0300] "POST /hw8/page/api.php HTTP/1.1" 200 184
::1 - - [19/Apr/2025:20:21:07 +0300] "POST /hw8/page/api.php HTTP/1.1" 200 302
::1 - - [19/Apr/2025:20:22:07 +0300] "-" 408 -
::1 - - [19/Apr/2025:20:26:08 +0300] "POST /hw8/page/api.php HTTP/1.1" 200 302
::1 - - [19/Apr/2025:20:26:59 +0300] "POST /hw8/page/api.php HTTP/1.1" 200 31
::1 - - [19/Apr/2025:20:27:59 +0300] "-" 408 -
::1 - - [19/Apr/2025:20:29:16 +0300] "POST /hw8/page/api.php HTTP/1.1" 200 31
::1 - - [19/Apr/2025:20:29:44 +0300] "GET /hw8/page/create_post.php?user_id=1 HTTP/1.1" 200 772
::1 - - [19/Apr/2025:20:29:44 +0300] "GET /favicon.ico HTTP/1.1" 404 196
::1 - - [19/Apr/2025:20:29:55 +0300] "POST /hw8/del_api.php HTTP/1.1" 200 410
::1 - - [19/Apr/2025:20:30:55 +0300] "-" 408 -
::1 - - [19/Apr/2025:20:31:31 +0300] "POST /hw8/del_api.php HTTP/1.1" 200 328
::1 - - [19/Apr/2025:20:32:31 +0300] "-" 408 -
::1 - - [19/Apr/2025:20:39:25 +0300] "POST /hw8/del_api.php HTTP/1.1" 200 31
::1 - - [19/Apr/2025:20:39:31 +0300] "GET /hw8/page/create_post.php?user_id=1 HTTP/1.1" 200 772
::1 - - [19/Apr/2025:20:39:39 +0300] "POST /hw8/del_api.php HTTP/1.1" 200 31
::1 - - [19/Apr/2025:20:39:45 +0300] "GET /hw8/page/create_post.php?user_id=1 HTTP/1.1" 200 772
::1 - - [19/Apr/2025:20:39:45 +0300] "GET /favicon.ico HTTP/1.1" 404 196
::1 - - [19/Apr/2025:20:40:14 +0300] "GET /hw8/page/create_post.php?user_id=1 HTTP/1.1" 200 768
::1 - - [19/Apr/2025:20:40:19 +0300] "POST /hw8/api.php HTTP/1.1" 200 328
::1 - - [19/Apr/2025:20:41:19 +0300] "-" 408 -
::1 - - [19/Apr/2025:20:42:45 +0300] "POST /hw8/api.php HTTP/1.1" 200 302
::1 - - [19/Apr/2025:20:43:45 +0300] "-" 408 -
::1 - - [19/Apr/2025:20:45:48 +0300] "POST /hw8/api.php HTTP/1.1" 200 142
::1 - - [19/Apr/2025:20:51:31 +0300] "POST /hw8/api.php HTTP/1.1" 200 332
::1 - - [19/Apr/2025:20:52:31 +0300] "-" 408 -
::1 - - [19/Apr/2025:21:22:47 +0300] "GET /hw8/script/create_user_folder.php HTTP/1.1" 200 3
::1 - - [19/Apr/2025:21:23:47 +0300] "-" 408 -
::1 - - [19/Apr/2025:21:25:18 +0300] "GET /hw8/script/create_user_folder.php HTTP/1.1" 200 558
::1 - - [19/Apr/2025:21:26:18 +0300] "-" 408 -
::1 - - [19/Apr/2025:21:28:29 +0300] "GET /hw8/script/create_user_folder.php HTTP/1.1" 200 1431
::1 - - [19/Apr/2025:21:29:29 +0300] "-" 408 -
::1 - - [19/Apr/2025:21:32:28 +0300] "GET /hw8/script/create_user_folder.php HTTP/1.1" 200 3461
::1 - - [19/Apr/2025:21:33:28 +0300] "-" 408 -
::1 - - [19/Apr/2025:21:33:39 +0300] "GET /hw8/script/create_user_folder.php HTTP/1.1" 200 1431
::1 - - [19/Apr/2025:21:34:39 +0300] "-" 408 -
::1 - - [19/Apr/2025:21:35:10 +0300] "GET /hw8/script/create_user_folder.php HTTP/1.1" 200 122
::1 - - [19/Apr/2025:21:36:10 +0300] "-" 408 -
::1 - - [19/Apr/2025:21:36:23 +0300] "GET /hw8/script/create_user_folder.php HTTP/1.1" 200 1552
::1 - - [19/Apr/2025:21:37:23 +0300] "-" 408 -
::1 - - [19/Apr/2025:21:40:08 +0300] "GET /hw8/script/create_user_folder.php HTTP/1.1" 200 1552
::1 - - [19/Apr/2025:21:40:09 +0300] "GET /hw8/script/create_user_folder.php HTTP/1.1" 200 1552
::1 - - [19/Apr/2025:21:40:25 +0300] "GET /hw8/script/create_user_folder.php HTTP/1.1" 200 1602
::1 - - [19/Apr/2025:21:41:25 +0300] "-" 408 -
::1 - - [19/Apr/2025:21:44:43 +0300] "GET /hw8/script/create_user_folder.php HTTP/1.1" 200 1903
::1 - - [19/Apr/2025:21:45:43 +0300] "-" 408 -
::1 - - [19/Apr/2025:21:46:50 +0300] "GET /hw8/script/create_user_folder.php HTTP/1.1" 200 1685
::1 - - [19/Apr/2025:21:47:50 +0300] "-" 408 -
::1 - - [19/Apr/2025:21:49:36 +0300] "GET /hw8/script/create_user_folder.php HTTP/1.1" 200 1384
::1 - - [19/Apr/2025:21:50:22 +0300] "GET /hw8/script/create_user_folder.php HTTP/1.1" 200 393
::1 - - [19/Apr/2025:21:50:37 +0300] "GET /hw8/script/create_user_folder.php HTTP/1.1" 200 282
::1 - - [19/Apr/2025:21:51:29 +0300] "GET /hw8/script/create_user_folder.php HTTP/1.1" 200 417
::1 - - [19/Apr/2025:21:52:25 +0300] "GET /hw8/script/create_user_folder.php HTTP/1.1" 200 417
::1 - - [19/Apr/2025:21:53:25 +0300] "-" 408 -
::1 - - [19/Apr/2025:21:55:01 +0300] "GET /hw8/script/create_user_folder.php HTTP/1.1" 200 443
::1 - - [19/Apr/2025:21:56:01 +0300] "-" 408 -
::1 - - [19/Apr/2025:21:58:24 +0300] "GET /hw8/script/create_user_folder.php HTTP/1.1" 200 308
::1 - - [19/Apr/2025:21:59:24 +0300] "-" 408 -
::1 - - [19/Apr/2025:21:59:52 +0300] "GET /hw8/script/create_user_folder.php HTTP/1.1" 200 282
::1 - - [19/Apr/2025:22:00:52 +0300] "-" 408 -
::1 - - [19/Apr/2025:22:02:31 +0300] "GET /hw8/script/create_user_folder.php HTTP/1.1" 200 548
::1 - - [19/Apr/2025:22:02:48 +0300] "GET /hw8/script/create_user_folder.php HTTP/1.1" 200 462
::1 - - [19/Apr/2025:22:03:48 +0300] "-" 408 -
::1 - - [19/Apr/2025:22:06:52 +0300] "GET /hw8/script/create_user_folder.php HTTP/1.1" 200 81
::1 - - [19/Apr/2025:22:07:32 +0300] "GET /hw8/script/create_user_folder.php HTTP/1.1" 200 136
::1 - - [19/Apr/2025:22:08:12 +0300] "GET /hw8/script/create_user_folder.php HTTP/1.1" 200 211
::1 - - [19/Apr/2025:22:11:01 +0300] "GET /hw8/script/create_user_folder.php HTTP/1.1" 200 211
::1 - - [19/Apr/2025:22:11:25 +0300] "GET /hw8/script/create_user_folder.php HTTP/1.1" 200 211
::1 - - [19/Apr/2025:22:12:25 +0300] "-" 408 -
::1 - - [19/Apr/2025:22:12:40 +0300] "GET /hw8/script/create_user_folder.php HTTP/1.1" 200 211
::1 - - [19/Apr/2025:22:13:40 +0300] "-" 408 -
::1 - - [19/Apr/2025:22:22:33 +0300] "GET /hw8/script/create_user_folder.php HTTP/1.1" 200 212
::1 - - [19/Apr/2025:22:23:02 +0300] "GET /hw8/script/create_user_folder.php HTTP/1.1" 200 6
::1 - - [19/Apr/2025:22:23:26 +0300] "GET /hw8/script/create_user_folder.php HTTP/1.1" 200 14
::1 - - [19/Apr/2025:22:24:26 +0300] "-" 408 -
::1 - - [19/Apr/2025:22:25:10 +0300] "GET /hw8/script/create_user_folder.php HTTP/1.1" 200 17
::1 - - [19/Apr/2025:22:25:31 +0300] "GET /hw8/script/create_user_folder.php HTTP/1.1" 200 15
::1 - - [19/Apr/2025:22:26:31 +0300] "-" 408 -
::1 - - [19/Apr/2025:23:08:18 +0300] "GET /hw8/home HTTP/1.1" 200 2925
::1 - - [19/Apr/2025:23:08:18 +0300] "GET /hw8/css/menu.css HTTP/1.1" 304 -
::1 - - [19/Apr/2025:23:08:18 +0300] "GET /hw8/image/user/1_vanya_denisov/post_5.jpg HTTP/1.1" 200 403168
::1 - - [19/Apr/2025:23:08:18 +0300] "GET /hw8/static/v2/images/users/Vanya_Denisov/post_2.jpg HTTP/1.1" 200 31
::1 - - [19/Apr/2025:23:08:19 +0300] "GET /hw8/home HTTP/1.1" 200 2925
::1 - - [19/Apr/2025:23:08:19 +0300] "GET /hw8/static/v2/images/users/Vanya_Denisov/post_2.jpg HTTP/1.1" 200 31
::1 - - [19/Apr/2025:23:08:21 +0300] "GET /hw8/index.php?pg=profile&user_id=1 HTTP/1.1" 200 3760
::1 - - [19/Apr/2025:23:08:22 +0300] "GET /hw8/create?user_id=1 HTTP/1.1" 200 771
::1 - - [19/Apr/2025:23:08:30 +0300] "POST /api.php HTTP/1.1" 404 196
::1 - - [19/Apr/2025:23:08:59 +0300] "POST /api.php HTTP/1.1" 404 196
::1 - - [19/Apr/2025:23:09:25 +0300] "POST /api.php HTTP/1.1" 404 196
::1 - - [19/Apr/2025:23:09:27 +0300] "GET /hw8/create?user_id=1 HTTP/1.1" 200 770
::1 - - [19/Apr/2025:23:09:27 +0300] "GET /favicon.ico HTTP/1.1" 404 196
::1 - - [19/Apr/2025:23:09:33 +0300] "POST /hw8/api.php HTTP/1.1" 200 142
::1 - - [19/Apr/2025:23:10:33 +0300] "-" 408 -
::1 - - [19/Apr/2025:23:50:54 +0300] "POST /hw8/api.php HTTP/1.1" 200 152
::1 - - [19/Apr/2025:23:51:15 +0300] "POST /hw8/api.php HTTP/1.1" 200 153
::1 - - [19/Apr/2025:23:52:15 +0300] "-" 408 -
::1 - - [20/Apr/2025:00:06:06 +0300] "POST /hw8/api.php HTTP/1.1" 200 185
::1 - - [20/Apr/2025:00:07:00 +0300] "POST /hw8/api.php HTTP/1.1" 200 666
::1 - - [20/Apr/2025:00:08:00 +0300] "-" 408 -
::1 - - [20/Apr/2025:00:09:11 +0300] "POST /hw8/api.php HTTP/1.1" 200 215
::1 - - [20/Apr/2025:00:10:11 +0300] "-" 408 -
::1 - - [20/Apr/2025:00:13:13 +0300] "POST /hw8/api.php HTTP/1.1" 200 215
::1 - - [20/Apr/2025:00:14:05 +0300] "-" 408 -
::1 - - [20/Apr/2025:00:18:38 +0300] "POST /hw8/api.php HTTP/1.1" 200 241
::1 - - [20/Apr/2025:00:18:48 +0300] "POST /hw8/api.php HTTP/1.1" 200 241
::1 - - [20/Apr/2025:00:19:48 +0300] "-" 408 -
::1 - - [20/Apr/2025:00:38:47 +0300] "POST /hw8/api.php HTTP/1.1" 200 121
::1 - - [20/Apr/2025:00:39:04 +0300] "POST /hw8/api.php HTTP/1.1" 200 212
::1 - - [20/Apr/2025:00:39:15 +0300] "POST /hw8/api.php HTTP/1.1" 200 214
::1 - - [20/Apr/2025:00:40:15 +0300] "-" 408 -
::1 - - [20/Apr/2025:00:40:23 +0300] "POST /hw8/api.php HTTP/1.1" 200 182
::1 - - [20/Apr/2025:00:41:23 +0300] "-" 408 -
::1 - - [20/Apr/2025:00:42:37 +0300] "POST /hw8/api.php HTTP/1.1" 200 182
::1 - - [20/Apr/2025:00:43:15 +0300] "-" 408 -
::1 - - [20/Apr/2025:00:43:42 +0300] "GET /hw8/home HTTP/1.1" 200 3858
::1 - - [20/Apr/2025:00:43:42 +0300] "GET /hw8/css/menu.css HTTP/1.1" 304 -
::1 - - [20/Apr/2025:00:43:42 +0300] "GET /hw8/image/user/1_vanya_denisov/1vd_post_718411-2025-04-19.jpg HTTP/1.1" 200 4646
::1 - - [20/Apr/2025:00:43:42 +0300] "GET /hw8/static/v2/images/users/Vanya_Denisov/post_2.jpg HTTP/1.1" 200 31
::1 - - [20/Apr/2025:00:43:43 +0300] "GET /hw8/home HTTP/1.1" 200 3858
::1 - - [20/Apr/2025:00:43:43 +0300] "GET /hw8/static/v2/images/users/Vanya_Denisov/post_2.jpg HTTP/1.1" 200 31
::1 - - [20/Apr/2025:00:44:43 +0300] "-" 408 -
