[Tue Feb 25 09:33:26.445009 2025] [core:warn] [pid 12528:tid 348] AH00098: pid file C:/Apache24/logs/httpd.pid overwritten -- Unclean shutdown of previous Apache run?
[Tue Feb 25 09:33:26.460960 2025] [mpm_winnt:notice] [pid 12528:tid 348] AH00455: Apache/2.4.63 (Win64) PHP/8.4.4 configured -- resuming normal operations
[Tue Feb 25 09:33:26.460960 2025] [mpm_winnt:notice] [pid 12528:tid 348] AH00456: Apache Lounge VS17 Server built: Feb  3 2025 10:10:51
[Tue Feb 25 09:33:26.460960 2025] [core:notice] [pid 12528:tid 348] AH00094: Command line: 'C:\\Apache24\\bin\\httpd.exe -d C:/Apache24'
[Tue Feb 25 09:33:26.465205 2025] [mpm_winnt:notice] [pid 12528:tid 348] AH00418: Parent: Created child process 6532
Apache server shutdown initiated...
pm_winnt:notice] [pid 6532:tid 360] AH00354: Child: Starting 64 worker threads.
[Tue Feb 25 09:35:27.120341 2025] [mpm_winnt:notice] [pid 12528:tid 348] AH00422: Parent: Received shutdown signal -- Shutting down the server.
[Tue Feb 25 09:35:29.139492 2025] [mpm_winnt:notice] [pid 6532:tid 360] AH00364: Child: All worker threads have exited.
[Tue Feb 25 09:35:29.167230 2025] [mpm_winnt:notice] [pid 12528:tid 348] AH00430: Parent: Child process 6532 exited successfully.
[Tue Feb 25 09:50:33.488752 2025] [mpm_winnt:notice] [pid 8276:tid 388] AH00455: Apache/2.4.63 (Win64) PHP/8.4.4 configured -- resuming normal operations
[Tue Feb 25 09:50:33.488752 2025] [mpm_winnt:notice] [pid 8276:tid 388] AH00456: Apache Lounge VS17 Server built: Feb  3 2025 10:10:51
[Tue Feb 25 09:50:33.488752 2025] [core:notice] [pid 8276:tid 388] AH00094: Command line: 'C:\\Apache24\\bin\\httpd.exe -d C:/Apache24'
[Tue Feb 25 09:50:33.491954 2025] [mpm_winnt:notice] [pid 8276:tid 388] AH00418: Parent: Created child process 10004
Apache server shutdown initiated...
pm_winnt:notice] [pid 10004:tid 352] AH00354: Child: Starting 64 worker threads.
[Tue Feb 25 09:52:59.512387 2025] [mpm_winnt:notice] [pid 8276:tid 388] AH00422: Parent: Received shutdown signal -- Shutting down the server.
[Tue Feb 25 09:53:01.529405 2025] [mpm_winnt:notice] [pid 10004:tid 352] AH00364: Child: All worker threads have exited.
[Tue Feb 25 09:53:01.553141 2025] [mpm_winnt:notice] [pid 8276:tid 388] AH00430: Parent: Child process 10004 exited successfully.
[Tue Feb 25 10:00:41.670657 2025] [mpm_winnt:notice] [pid 4724:tid 408] AH00455: Apache/2.4.63 (Win64) PHP/8.4.4 configured -- resuming normal operations
[Tue Feb 25 10:00:41.670657 2025] [mpm_winnt:notice] [pid 4724:tid 408] AH00456: Apache Lounge VS17 Server built: Feb  3 2025 10:10:51
[Tue Feb 25 10:00:41.670657 2025] [core:notice] [pid 4724:tid 408] AH00094: Command line: 'C:\\Apache24\\bin\\httpd.exe -d C:/Apache24'
[Tue Feb 25 10:00:41.673948 2025] [mpm_winnt:notice] [pid 4724:tid 408] AH00418: Parent: Created child process 15900
Apache server shutdown initiated...
pm_winnt:notice] [pid 15900:tid 360] AH00354: Child: Starting 64 worker threads.
[Tue Feb 25 10:02:05.196655 2025] [cgi:error] [pid 15900:tid 1172] [client ::1:49790] malformed header from script '3-1-1.cgi': Bad header: HTTP/2 200OK
[Tue Feb 25 10:04:56.270443 2025] [cgi:error] [pid 15900:tid 1176] [client ::1:50082] malformed header from script '3-1-1.cgi': Bad header: HTTP/2 200 OK
[Tue Feb 25 10:05:34.001042 2025] [cgi:error] [pid 15900:tid 1172] [client ::1:50083] malformed header from script '3-1-1.cgi': Bad header: HTTP/2.0 200 OK
[Tue Feb 25 10:49:18.238247 2025] [mpm_winnt:notice] [pid 4724:tid 408] AH00422: Parent: Received shutdown signal -- Shutting down the server.
[Tue Feb 25 10:49:20.268027 2025] [mpm_winnt:notice] [pid 15900:tid 360] AH00364: Child: All worker threads have exited.
[Tue Feb 25 10:49:20.310688 2025] [mpm_winnt:notice] [pid 4724:tid 408] AH00430: Parent: Child process 15900 exited successfully.
[Wed Feb 26 00:02:09.205536 2025] [mpm_winnt:notice] [pid 7348:tid 360] AH00455: Apache/2.4.63 (Win64) PHP/8.4.4 configured -- resuming normal operations
[Wed Feb 26 00:02:09.206548 2025] [mpm_winnt:notice] [pid 7348:tid 360] AH00456: Apache Lounge VS17 Server built: Feb  3 2025 10:10:51
[Wed Feb 26 00:02:09.206548 2025] [core:notice] [pid 7348:tid 360] AH00094: Command line: 'C:\\Apache24\\bin\\httpd.exe -d C:/Apache24'
[Wed Feb 26 00:02:09.209715 2025] [mpm_winnt:notice] [pid 7348:tid 360] AH00418: Parent: Created child process 3848
Apache server shutdown initiated...
pm_winnt:notice] [pid 3848:tid 356] AH00354: Child: Starting 64 worker threads.
[Wed Feb 26 00:10:54.444627 2025] [mpm_winnt:notice] [pid 7348:tid 360] AH00422: Parent: Received shutdown signal -- Shutting down the server.
[Wed Feb 26 00:10:56.455395 2025] [mpm_winnt:notice] [pid 3848:tid 356] AH00364: Child: All worker threads have exited.
[Wed Feb 26 00:10:56.500901 2025] [mpm_winnt:notice] [pid 7348:tid 360] AH00430: Parent: Child process 3848 exited successfully.
[Wed Feb 26 13:18:29.717724 2025] [mpm_winnt:notice] [pid 8104:tid 396] AH00455: Apache/2.4.63 (Win64) PHP/8.4.4 configured -- resuming normal operations
[Wed Feb 26 13:18:29.718734 2025] [mpm_winnt:notice] [pid 8104:tid 396] AH00456: Apache Lounge VS17 Server built: Feb  3 2025 10:10:51
[Wed Feb 26 13:18:29.718734 2025] [core:notice] [pid 8104:tid 396] AH00094: Command line: 'C:\\Apache24\\bin\\httpd.exe -d C:/Apache24'
[Wed Feb 26 13:18:29.722068 2025] [mpm_winnt:notice] [pid 8104:tid 396] AH00418: Parent: Created child process 11680
Apache server shutdown initiated...
pm_winnt:notice] [pid 11680:tid 380] AH00354: Child: Starting 64 worker threads.
[Wed Feb 26 13:24:31.758850 2025] [mpm_winnt:notice] [pid 8104:tid 396] AH00422: Parent: Received shutdown signal -- Shutting down the server.
[Wed Feb 26 13:24:33.763699 2025] [mpm_winnt:notice] [pid 11680:tid 380] AH00364: Child: All worker threads have exited.
[Wed Feb 26 13:24:33.806392 2025] [mpm_winnt:notice] [pid 8104:tid 396] AH00430: Parent: Child process 11680 exited successfully.
[Wed Feb 26 20:20:12.934686 2025] [mpm_winnt:notice] [pid 12564:tid 372] AH00455: Apache/2.4.63 (Win64) PHP/8.4.4 configured -- resuming normal operations
[Wed Feb 26 20:20:12.935744 2025] [mpm_winnt:notice] [pid 12564:tid 372] AH00456: Apache Lounge VS17 Server built: Feb  3 2025 10:10:51
[Wed Feb 26 20:20:12.935744 2025] [core:notice] [pid 12564:tid 372] AH00094: Command line: 'C:\\Apache24\\bin\\httpd.exe -d C:/Apache24'
[Wed Feb 26 20:20:12.938932 2025] [mpm_winnt:notice] [pid 12564:tid 372] AH00418: Parent: Created child process 7312
Apache server shutdown initiated...
pm_winnt:notice] [pid 7312:tid 360] AH00354: Child: Starting 64 worker threads.
[Wed Feb 26 20:23:27.064450 2025] [mpm_winnt:notice] [pid 12564:tid 372] AH00422: Parent: Received shutdown signal -- Shutting down the server.
[Wed Feb 26 20:23:29.081355 2025] [mpm_winnt:notice] [pid 7312:tid 360] AH00364: Child: All worker threads have exited.
[Wed Feb 26 20:23:29.130952 2025] [mpm_winnt:notice] [pid 12564:tid 372] AH00430: Parent: Child process 7312 exited successfully.
[Wed Feb 26 20:59:00.362185 2025] [mpm_winnt:notice] [pid 4604:tid 372] AH00455: Apache/2.4.63 (Win64) PHP/8.4.4 configured -- resuming normal operations
[Wed Feb 26 20:59:00.362185 2025] [mpm_winnt:notice] [pid 4604:tid 372] AH00456: Apache Lounge VS17 Server built: Feb  3 2025 10:10:51
[Wed Feb 26 20:59:00.362185 2025] [core:notice] [pid 4604:tid 372] AH00094: Command line: 'C:\\Apache24\\bin\\httpd.exe -d C:/Apache24'
[Wed Feb 26 20:59:00.366789 2025] [mpm_winnt:notice] [pid 4604:tid 372] AH00418: Parent: Created child process 9756
Apache server shutdown initiated...
pm_winnt:notice] [pid 9756:tid 360] AH00354: Child: Starting 64 worker threads.
[Wed Feb 26 21:08:14.201252 2025] [mpm_winnt:notice] [pid 4604:tid 372] AH00422: Parent: Received shutdown signal -- Shutting down the server.
[Wed Feb 26 21:08:16.214116 2025] [mpm_winnt:notice] [pid 9756:tid 360] AH00364: Child: All worker threads have exited.
[Wed Feb 26 21:08:16.243508 2025] [mpm_winnt:notice] [pid 4604:tid 372] AH00430: Parent: Child process 9756 exited successfully.
