::1 - - [02/Apr/2025:23:35:21 +0300] "GET /cgi-bin/hello.cgi HTTP/1.1" 200 14
::1 - - [02/Apr/2025:23:36:21 +0300] "-" 408 -
::1 - - [02/Apr/2025:23:36:51 +0300] "GET /cgi-bin/hw31.cgi HTTP/1.1" 200 231
::1 - - [02/Apr/2025:23:37:06 +0300] "GET /cgi-bin/hw31.cgi?val=90 HTTP/1.1" 200 237
::1 - - [02/Apr/2025:23:38:06 +0300] "-" 408 -
::1 - - [02/Apr/2025:23:38:08 +0300] "GET /cgi-bin/hw33.cgi HTTP/1.1" 200 24
::1 - - [02/Apr/2025:23:38:36 +0300] "GET /cgi-bin/hw33.cgi HTTP/1.1" 200 24
::1 - - [02/Apr/2025:23:38:37 +0300] "GET /cgi-bin/hw33.cgi HTTP/1.1" 200 24
::1 - - [02/Apr/2025:23:39:05 +0300] "GET /cgi-bin/hw31.cgi HTTP/1.1" 200 231
::1 - - [02/Apr/2025:23:39:31 +0300] "GET /cgi-bin/hw33.cgi HTTP/1.1" 200 24
::1 - - [02/Apr/2025:23:40:05 +0300] "-" 408 -
::1 - - [02/Apr/2025:23:40:21 +0300] "GET /cgi-bin/hw33.cgi HTTP/1.1" 200 24
::1 - - [02/Apr/2025:23:40:25 +0300] "GET /cgi-bin/hw31.cgi HTTP/1.1" 200 231
::1 - - [02/Apr/2025:23:40:57 +0300] "GET /cgi-bin/hw31.cgi HTTP/1.1" 200 231
::1 - - [02/Apr/2025:23:41:29 +0300] "GET /cgi-bin/hw31.cgi HTTP/1.1" 200 231
::1 - - [02/Apr/2025:23:41:49 +0300] "GET /cgi-bin/hw31.cgi HTTP/1.1" 200 231
::1 - - [02/Apr/2025:23:41:56 +0300] "GET /cgi-bin/hw34.cgi HTTP/1.1" 200 220160
::1 - - [02/Apr/2025:23:42:01 +0300] "GET /cgi-bin/hw33.cgi HTTP/1.1" 200 218624
::1 - - [02/Apr/2025:23:42:13 +0300] "GET /cgi-bin/hw31.cgi HTTP/1.1" 200 219648
::1 - - [02/Apr/2025:23:42:35 +0300] "GET /cgi-bin/hw31.cgi HTTP/1.1" 200 231
::1 - - [02/Apr/2025:23:43:35 +0300] "-" 408 -
::1 - - [02/Apr/2025:23:43:43 +0300] "GET /cgi-bin/hw31.cgi HTTP/1.1" 200 231
::1 - - [02/Apr/2025:23:44:29 +0300] "GET /cgi-bin/hello.cgi HTTP/1.1" 200 14
::1 - - [02/Apr/2025:23:45:17 +0300] "GET /cgi-bin/hw31.cgi HTTP/1.1" 200 231
::1 - - [02/Apr/2025:23:45:29 +0300] "-" 408 -
::1 - - [02/Apr/2025:23:45:40 +0300] "GET /cgi-bin/hw31+.cgi HTTP/1.1" 200 265
::1 - - [02/Apr/2025:23:45:48 +0300] "GET /cgi-bin/hw32.cgi HTTP/1.1" 200 34
::1 - - [02/Apr/2025:23:48:30 +0300] "GET /cgi-bin/hello.cgi HTTP/1.1" 200 14
::1 - - [02/Apr/2025:23:48:38 +0300] "GET /cgi-bin/hw31.cgi HTTP/1.1" 200 231
::1 - - [02/Apr/2025:23:50:34 +0300] "GET /cgi-bin/hw31.cgi HTTP/1.1" 200 231
::1 - - [02/Apr/2025:23:56:13 +0300] "GET /cgi-bin/hwtt.cgi HTTP/1.1" 200 24
::1 - - [02/Apr/2025:23:56:22 +0300] "GET /cgi-bin/hw32.cgi HTTP/1.1" 200 34
::1 - - [02/Apr/2025:23:56:36 +0300] "GET /cgi-bin/hw32.cgi HTTP/1.1" 200 34
::1 - - [02/Apr/2025:23:56:47 +0300] "GET /cgi-bin/hw32.cgi HTTP/1.1" 200 34
::1 - - [02/Apr/2025:23:56:48 +0300] "GET /cgi-bin/hw32.cgi HTTP/1.1" 200 34
::1 - - [03/Apr/2025:00:04:18 +0300] "GET /cgi-bin/hw31.cgi HTTP/1.1" 200 231
::1 - - [03/Apr/2025:00:04:23 +0300] "GET /cgi-bin/hw32.cgi HTTP/1.1" 200 34
::1 - - [03/Apr/2025:00:04:24 +0300] "GET /cgi-bin/hw32.cgi HTTP/1.1" 200 34
::1 - - [03/Apr/2025:00:04:33 +0300] "GET /cgi-bin/hwtt.cgi HTTP/1.1" 200 24
::1 - - [03/Apr/2025:00:05:33 +0300] "-" 408 -
::1 - - [03/Apr/2025:00:06:06 +0300] "GET /cgi-bin/hw32.cgi HTTP/1.1" 200 34
::1 - - [03/Apr/2025:00:06:07 +0300] "GET /cgi-bin/hw32.cgi HTTP/1.1" 200 34
::1 - - [03/Apr/2025:00:06:26 +0300] "GET /cgi-bin/hw321.cgi HTTP/1.1" 200 34
::1 - - [03/Apr/2025:00:06:49 +0300] "GET /cgi-bin/hwtw.cgi HTTP/1.1" 200 34
::1 - - [03/Apr/2025:00:06:58 +0300] "GET /cgi-bin/hwtw.cgi HTTP/1.1" 200 34
::1 - - [03/Apr/2025:00:07:13 +0300] "GET /cgi-bin/hello.cgi HTTP/1.1" 200 14
::1 - - [03/Apr/2025:00:07:57 +0300] "GET /cgi-bin/hw32.cgi HTTP/1.1" 200 34
::1 - - [03/Apr/2025:00:07:58 +0300] "GET /cgi-bin/hw32.cgi HTTP/1.1" 200 34
::1 - - [03/Apr/2025:00:08:08 +0300] "GET /cgi-bin/hw31.cgi HTTP/1.1" 200 231
::1 - - [03/Apr/2025:00:08:40 +0300] "GET /cgi-bin/hw_tw.cgi HTTP/1.1" 200 34
::1 - - [03/Apr/2025:00:09:06 +0300] "GET /cgi-bin/hw31?lantrens=3.cgi HTTP/1.1" 404 196
::1 - - [03/Apr/2025:00:09:16 +0300] "GET /cgi-bin/hw31.cgi HTTP/1.1" 200 231
::1 - - [03/Apr/2025:00:09:18 +0300] "GET /cgi-bin/hw31.cgi?lantrens=3 HTTP/1.1" 200 241
::1 - - [03/Apr/2025:00:09:24 +0300] "GET /cgi-bin/hw34.cgi?lantrens=3 HTTP/1.1" 200 169
::1 - - [03/Apr/2025:00:09:58 +0300] "GET /cgi-bin/hw32.cgi?lantrens=3 HTTP/1.1" 200 16
::1 - - [03/Apr/2025:00:10:29 +0300] "GET /cgi-bin/hw33.cgi?lantrens=21 HTTP/1.1" 200 17
::1 - - [03/Apr/2025:00:10:45 +0300] "GET /cgi-bin/hw32.cgi?lantrens=21 HTTP/1.1" 200 32
::1 - - [03/Apr/2025:00:11:01 +0300] "GET /cgi-bin/hw32.cgi?lantrens=01 HTTP/1.1" 200 34
::1 - - [03/Apr/2025:00:11:19 +0300] "GET /cgi-bin/hw31.cgi HTTP/1.1" 200 231
::1 - - [03/Apr/2025:00:23:21 +0300] "GET /home HTTP/1.1" 404 196
::1 - - [03/Apr/2025:00:23:21 +0300] "GET /home.php HTTP/1.1" 200 2555
::1 - - [03/Apr/2025:00:23:21 +0300] "GET /static/v2/images/icons/edit_icon.png HTTP/1.1" 304 -
::1 - - [03/Apr/2025:00:23:22 +0300] "GET /home.php HTTP/1.1" 200 2555
::1 - - [03/Apr/2025:00:23:31 +0300] "GET /article/123 HTTP/1.1" 404 196
::1 - - [03/Apr/2025:00:24:31 +0300] "-" 408 -
::1 - - [03/Apr/2025:00:25:24 +0300] "GET /profile.php HTTP/1.1" 200 2840
::1 - - [03/Apr/2025:00:26:24 +0300] "-" 408 -
::1 - - [03/Apr/2025:00:26:24 +0300] "GET /profile.php HTTP/1.1" 200 2840
::1 - - [03/Apr/2025:00:26:30 +0300] "GET /profile.php HTTP/1.1" 200 2840
::1 - - [03/Apr/2025:00:26:56 +0300] "GET /profile.php HTTP/1.1" 200 2840
::1 - - [03/Apr/2025:00:27:01 +0300] "GET /home.php HTTP/1.1" 200 2555
::1 - - [03/Apr/2025:00:27:03 +0300] "GET /home.php HTTP/1.1" 200 2555
::1 - - [03/Apr/2025:00:27:09 +0300] "GET /profile.php HTTP/1.1" 200 2840
::1 - - [03/Apr/2025:00:36:05 +0300] "GET /profile.php HTTP/1.1" 200 2840
::1 - - [03/Apr/2025:00:36:09 +0300] "GET /profile.php/ HTTP/1.1" 200 414
::1 - - [03/Apr/2025:00:36:09 +0300] "GET /profile.php/static/v2/css/menu.css HTTP/1.1" 200 414
::1 - - [03/Apr/2025:00:36:09 +0300] "GET /profile.php/static/v2/css/profile.css HTTP/1.1" 200 414
::1 - - [03/Apr/2025:00:36:16 +0300] "GET /profile.php HTTP/1.1" 200 2840
::1 - - [03/Apr/2025:00:36:19 +0300] "GET /profil HTTP/1.1" 404 196
::1 - - [03/Apr/2025:00:36:23 +0300] "GET /profile.php HTTP/1.1" 200 2840
::1 - - [03/Apr/2025:00:38:38 +0300] "GET /profile.php HTTP/1.1" 500 530
::1 - - [03/Apr/2025:00:38:46 +0300] "GET /home.php HTTP/1.1" 500 530
::1 - - [03/Apr/2025:00:38:48 +0300] "GET /home.php HTTP/1.1" 500 530
::1 - - [03/Apr/2025:00:39:10 +0300] "GET /home.php HTTP/1.1" 500 530
::1 - - [03/Apr/2025:00:39:13 +0300] "GET /home.php HTTP/1.1" 500 530
::1 - - [03/Apr/2025:00:39:37 +0300] "GET /home.php HTTP/1.1" 500 530
::1 - - [03/Apr/2025:00:39:38 +0300] "GET /home.php HTTP/1.1" 500 530
::1 - - [03/Apr/2025:00:40:04 +0300] "GET /home.php HTTP/1.1" 500 530
::1 - - [03/Apr/2025:00:40:07 +0300] "GET /home.php HTTP/1.1" 200 2555
::1 - - [03/Apr/2025:00:40:09 +0300] "GET /home.php HTTP/1.1" 200 2555
::1 - - [03/Apr/2025:00:40:14 +0300] "GET /profile.php HTTP/1.1" 200 2840
::1 - - [03/Apr/2025:00:41:17 +0300] "GET /profile.php HTTP/1.1" 500 530
::1 - - [03/Apr/2025:00:41:23 +0300] "GET /home.php HTTP/1.1" 500 530
::1 - - [03/Apr/2025:00:41:23 +0300] "GET /home.php HTTP/1.1" 500 530
::1 - - [03/Apr/2025:00:41:25 +0300] "GET /home.php HTTP/1.1" 500 530
::1 - - [03/Apr/2025:00:41:26 +0300] "GET /home.php HTTP/1.1" 500 530
::1 - - [03/Apr/2025:00:41:26 +0300] "GET /home.php HTTP/1.1" 500 530
::1 - - [03/Apr/2025:00:41:41 +0300] "GET /home.php HTTP/1.1" 500 530
::1 - - [03/Apr/2025:00:41:42 +0300] "GET /home.php HTTP/1.1" 500 530
::1 - - [03/Apr/2025:00:41:44 +0300] "GET /home.php HTTP/1.1" 500 530
::1 - - [03/Apr/2025:00:41:45 +0300] "GET /home.php HTTP/1.1" 500 530
::1 - - [03/Apr/2025:00:41:45 +0300] "GET /home.php HTTP/1.1" 500 530
::1 - - [03/Apr/2025:00:41:45 +0300] "GET /home.php HTTP/1.1" 500 530
::1 - - [03/Apr/2025:00:41:45 +0300] "GET /home.php HTTP/1.1" 500 530
::1 - - [03/Apr/2025:00:41:46 +0300] "GET /home.php HTTP/1.1" 500 530
::1 - - [03/Apr/2025:00:41:46 +0300] "GET /home.php HTTP/1.1" 500 530
::1 - - [03/Apr/2025:00:42:02 +0300] "GET /home.php HTTP/1.1" 500 530
::1 - - [03/Apr/2025:00:42:03 +0300] "GET /home.php HTTP/1.1" 500 530
::1 - - [03/Apr/2025:00:42:03 +0300] "GET /home.php HTTP/1.1" 200 2555
::1 - - [03/Apr/2025:00:44:43 +0300] "GET /home.php HTTP/1.1" 500 530
::1 - - [03/Apr/2025:00:45:02 +0300] "GET /home HTTP/1.1" 500 530
::1 - - [03/Apr/2025:00:45:05 +0300] "GET / HTTP/1.1" 500 530
::1 - - [03/Apr/2025:00:55:19 +0300] "GET /qwe HTTP/1.1" 404 196
::1 - - [03/Apr/2025:00:55:26 +0300] "GET /home.php HTTP/1.1" 200 2555
::1 - - [03/Apr/2025:00:55:27 +0300] "GET /home.php HTTP/1.1" 200 2555
::1 - - [03/Apr/2025:00:56:27 +0300] "-" 408 -
::1 - - [03/Apr/2025:01:03:56 +0300] "GET /fog HTTP/1.1" 404 196
::1 - - [03/Apr/2025:01:04:06 +0300] "GET /temp/fog HTTP/1.1" 404 196
::1 - - [03/Apr/2025:01:04:10 +0300] "GET /temp/dog HTTP/1.1" 404 196
::1 - - [03/Apr/2025:01:04:19 +0300] "GET /temp/index.html HTTP/1.1" 200 16
::1 - - [03/Apr/2025:01:05:19 +0300] "-" 408 -
::1 - - [03/Apr/2025:01:12:17 +0300] "GET /temp/index.html HTTP/1.1" 304 -
::1 - - [03/Apr/2025:01:12:18 +0300] "GET /temp/index.html HTTP/1.1" 304 -
::1 - - [03/Apr/2025:01:12:26 +0300] "GET /temp/dog HTTP/1.1" 404 196
::1 - - [03/Apr/2025:01:12:32 +0300] "GET /home.php HTTP/1.1" 200 2555
::1 - - [03/Apr/2025:01:12:34 +0300] "GET /home.php HTTP/1.1" 200 2555
::1 - - [03/Apr/2025:01:13:34 +0300] "-" 408 -
::1 - - [03/Apr/2025:01:19:35 +0300] "GET /home.php HTTP/1.1" 200 2555
::1 - - [03/Apr/2025:01:19:44 +0300] "GET /temp/dog HTTP/1.1" 404 196
::1 - - [03/Apr/2025:01:20:05 +0300] "GET /temp/dogs HTTP/1.1" 200 16
::1 - - [03/Apr/2025:01:20:50 +0300] "GET /temp/dog HTTP/1.1" 404 196
::1 - - [03/Apr/2025:01:20:50 +0300] "GET /temp/dog HTTP/1.1" 404 196
::1 - - [03/Apr/2025:01:21:41 +0300] "GET /temp/dog HTTP/1.1" 404 196
::1 - - [03/Apr/2025:01:21:42 +0300] "GET /temp/dog HTTP/1.1" 404 196
::1 - - [03/Apr/2025:01:22:15 +0300] "GET /temp/dog HTTP/1.1" 404 196
::1 - - [03/Apr/2025:01:22:22 +0300] "GET /temp/ HTTP/1.1" 200 16
::1 - - [03/Apr/2025:01:22:26 +0300] "GET /temp/dog HTTP/1.1" 404 196
::1 - - [03/Apr/2025:01:22:26 +0300] "GET /temp/dog HTTP/1.1" 404 196
::1 - - [03/Apr/2025:01:22:28 +0300] "GET /temp/dogs HTTP/1.1" 404 196
::1 - - [03/Apr/2025:01:22:29 +0300] "GET /temp/dogs HTTP/1.1" 404 196
::1 - - [03/Apr/2025:01:23:22 +0300] "-" 408 -
::1 - - [03/Apr/2025:09:05:22 +0300] "GET /favicon.ico HTTP/1.1" 500 530
::1 - - [03/Apr/2025:09:05:31 +0300] "GET /dogs HTTP/1.1" 500 530
::1 - - [03/Apr/2025:09:05:31 +0300] "GET /favicon.ico HTTP/1.1" 500 530
::1 - - [03/Apr/2025:09:05:42 +0300] "GET /home.php HTTP/1.1" 500 530
::1 - - [03/Apr/2025:09:05:44 +0300] "GET /home.php HTTP/1.1" 500 530
::1 - - [03/Apr/2025:09:05:44 +0300] "GET /favicon.ico HTTP/1.1" 500 530
::1 - - [03/Apr/2025:09:05:59 +0300] "GET /temp/dogs HTTP/1.1" 500 530
::1 - - [03/Apr/2025:09:06:00 +0300] "GET /temp/dogs HTTP/1.1" 500 530
::1 - - [03/Apr/2025:09:06:00 +0300] "GET /favicon.ico HTTP/1.1" 500 530
::1 - - [03/Apr/2025:09:07:01 +0300] "GET /temp/index.html HTTP/1.1" 500 530
::1 - - [03/Apr/2025:09:07:01 +0300] "GET /favicon.ico HTTP/1.1" 500 530
::1 - - [03/Apr/2025:09:07:25 +0300] "GET /temp/index.html HTTP/1.1" 200 16
::1 - - [03/Apr/2025:09:07:25 +0300] "GET /favicon.ico HTTP/1.1" 404 196
::1 - - [03/Apr/2025:09:07:31 +0300] "GET /temp/dogs HTTP/1.1" 200 16
::1 - - [03/Apr/2025:09:08:28 +0300] "GET /temp/dogs HTTP/1.1" 304 -
::1 - - [03/Apr/2025:09:08:33 +0300] "GET /dogs HTTP/1.1" 200 429
::1 - - [03/Apr/2025:09:08:33 +0300] "GET /static/v2/css/menu.css HTTP/1.1" 304 -
::1 - - [03/Apr/2025:09:09:04 +0300] "GET /cgi-bin/hello.cgi HTTP/1.1" 403 199
::1 - - [03/Apr/2025:09:09:05 +0300] "GET /cgi-bin/hello.cgi HTTP/1.1" 403 199
::1 - - [03/Apr/2025:09:09:58 +0300] "GET /cgi-bin/hello.cgi HTTP/1.1" 500 530
::1 - - [03/Apr/2025:09:10:14 +0300] "GET /cgi-bin/hello.cgi HTTP/1.1" 500 530
::1 - - [03/Apr/2025:09:10:25 +0300] "GET /cgi-bin/hello.cgi HTTP/1.1" 403 199
::1 - - [03/Apr/2025:09:11:15 +0300] "-" 408 -
::1 - - [03/Apr/2025:09:14:38 +0300] "GET /dogs HTTP/1.1" 200 429
::1 - - [03/Apr/2025:09:20:26 +0300] "GET /dog HTTP/1.1" 200 429
::1 - - [03/Apr/2025:09:20:33 +0300] "GET /dug HTTP/1.1" 200 429
::1 - - [03/Apr/2025:09:20:39 +0300] "GET /aduger HTTP/1.1" 200 429
::1 - - [03/Apr/2025:09:21:39 +0300] "-" 408 -
::1 - - [03/Apr/2025:09:42:26 +0300] "GET /a HTTP/1.1" 200 429
::1 - - [03/Apr/2025:09:42:28 +0300] "GET / HTTP/1.1" 200 429
::1 - - [03/Apr/2025:09:42:36 +0300] "GET /cgi-bin HTTP/1.1" 403 199
::1 - - [03/Apr/2025:09:42:49 +0300] "GET /cgi-2 HTTP/1.1" 200 429
::1 - - [03/Apr/2025:09:43:26 +0300] "GET /profile.php HTTP/1.1" 200 2855
::1 - - [03/Apr/2025:09:43:26 +0300] "GET /static/v2/fonts/golos-ui_regular.woff2 HTTP/1.1" 200 429
::1 - - [03/Apr/2025:09:43:26 +0300] "GET /static/v2/images/icons/home_icon.png HTTP/1.1" 200 429
::1 - - [03/Apr/2025:09:43:26 +0300] "GET /static/v2/images/icons/user_icon.png HTTP/1.1" 200 429
::1 - - [03/Apr/2025:09:43:26 +0300] "GET /static/v2/images/icons/add_icon.png HTTP/1.1" 200 429
::1 - - [03/Apr/2025:09:45:45 +0300] "GET /profile.php HTTP/1.1" 200 2871
::1 - - [03/Apr/2025:09:45:45 +0300] "GET /static/v2/images/users/Vanya_Denisov/post_2.jpg HTTP/1.1" 200 481
::1 - - [03/Apr/2025:09:45:45 +0300] "GET /static/v2/images/users/Vanya_Denisov/post_3.jpg HTTP/1.1" 200 481
::1 - - [03/Apr/2025:09:47:29 +0300] "GET /pages HTTP/1.1" 301 231
::1 - - [03/Apr/2025:09:47:29 +0300] "GET /pages/ HTTP/1.1" 200 440
::1 - - [03/Apr/2025:09:47:29 +0300] "GET /pages/static/v2/css/menu.css HTTP/1.1" 200 462
::1 - - [03/Apr/2025:09:47:29 +0300] "GET /pages/static/v2/css/home.css HTTP/1.1" 200 462
::1 - - [03/Apr/2025:09:47:44 +0300] "GET /pages/login.php HTTP/1.1" 200 449
::1 - - [03/Apr/2025:09:47:44 +0300] "GET /pages/static/v2/css/menu.css HTTP/1.1" 200 462
::1 - - [03/Apr/2025:09:47:44 +0300] "GET /pages/static/v2/css/home.css HTTP/1.1" 200 462
::1 - - [03/Apr/2025:09:47:49 +0300] "GET /pages/static/v2/css/menu.css HTTP/1.1" 200 462
::1 - - [03/Apr/2025:09:47:49 +0300] "GET /pages/static/v2/css/home.css HTTP/1.1" 200 462
::1 - - [03/Apr/2025:09:54:08 +0300] "GET /cgi-bin/hello.cgi HTTP/1.1" 403 199
::1 - - [03/Apr/2025:09:55:08 +0300] "-" 408 -
::1 - - [03/Apr/2025:09:57:56 +0300] "GET / HTTP/1.1" 200 434
::1 - - [03/Apr/2025:09:58:04 +0300] "GET /profile.php HTTP/1.1" 200 2871
::1 - - [03/Apr/2025:09:58:04 +0300] "GET /static/v2/images/users/Vanya_Denisov/post_2.jpg HTTP/1.1" 200 481
::1 - - [03/Apr/2025:09:58:04 +0300] "GET /static/v2/images/users/Vanya_Denisov/post_3.jpg HTTP/1.1" 200 481
::1 - - [03/Apr/2025:09:58:04 +0300] "GET /static/v2/fonts/golos-ui_regular.woff2 HTTP/1.1" 200 472
::1 - - [03/Apr/2025:09:58:04 +0300] "GET /static/v2/images/icons/home_icon.png HTTP/1.1" 200 470
::1 - - [03/Apr/2025:09:58:04 +0300] "GET /static/v2/images/icons/user_icon.png HTTP/1.1" 200 470
::1 - - [03/Apr/2025:09:58:04 +0300] "GET /static/v2/images/icons/add_icon.png HTTP/1.1" 200 469
::1 - - [03/Apr/2025:09:58:18 +0300] "GET /profile?id=1&age=19 HTTP/1.1" 200 453
::1 - - [03/Apr/2025:09:59:18 +0300] "-" 408 -
::1 - - [03/Apr/2025:10:34:47 +0300] "GET /profile.php?id=1&age=19 HTTP/1.1" 200 457
::1 - - [03/Apr/2025:10:35:47 +0300] "-" 408 -
::1 - - [03/Apr/2025:12:36:54 +0300] "GET / HTTP/1.1" 200 434
::1 - - [03/Apr/2025:12:37:54 +0300] "-" 408 -
::1 - - [03/Apr/2025:12:39:17 +0300] "GET / HTTP/1.1" 200 479
::1 - - [03/Apr/2025:12:39:57 +0300] "GET / HTTP/1.1" 200 479
::1 - - [03/Apr/2025:12:39:58 +0300] "GET / HTTP/1.1" 200 479
::1 - - [03/Apr/2025:12:40:16 +0300] "GET / HTTP/1.1" 200 117
::1 - - [03/Apr/2025:12:41:16 +0300] "-" 408 -
::1 - - [03/Apr/2025:12:43:27 +0300] "GET / HTTP/1.1" 200 147
::1 - - [03/Apr/2025:12:44:27 +0300] "-" 408 -
::1 - - [03/Apr/2025:12:45:58 +0300] "GET / HTTP/1.1" 200 647
::1 - - [03/Apr/2025:12:46:55 +0300] "GET / HTTP/1.1" 200 587
::1 - - [03/Apr/2025:12:47:12 +0300] "GET / HTTP/1.1" 200 147
::1 - - [03/Apr/2025:12:48:12 +0300] "-" 408 -
::1 - - [03/Apr/2025:12:55:11 +0300] "GET / HTTP/1.1" 200 117
::1 - - [03/Apr/2025:12:55:19 +0300] "GET /home.php HTTP/1.1" 200 125
::1 - - [03/Apr/2025:12:55:20 +0300] "GET /home HTTP/1.1" 200 599
::1 - - [03/Apr/2025:12:56:20 +0300] "-" 408 -
::1 - - [03/Apr/2025:12:58:05 +0300] "GET /home HTTP/1.1" 200 601
::1 - - [03/Apr/2025:12:58:32 +0300] "GET /home HTTP/1.1" 200 121
::1 - - [03/Apr/2025:12:58:43 +0300] "GET /home HTTP/1.1" 200 599
::1 - - [03/Apr/2025:12:59:43 +0300] "-" 408 -
::1 - - [03/Apr/2025:13:03:09 +0300] "GET /home HTTP/1.1" 200 563
::1 - - [03/Apr/2025:13:03:15 +0300] "GET /home HTTP/1.1" 200 565
::1 - - [03/Apr/2025:13:03:24 +0300] "GET /home HTTP/1.1" 200 558
::1 - - [03/Apr/2025:13:03:43 +0300] "GET /home HTTP/1.1" 200 447
::1 - - [03/Apr/2025:13:03:55 +0300] "GET /home HTTP/1.1" 200 447
::1 - - [03/Apr/2025:13:03:55 +0300] "GET /home HTTP/1.1" 200 447
::1 - - [03/Apr/2025:13:04:51 +0300] "GET /home HTTP/1.1" 200 345
::1 - - [03/Apr/2025:13:05:46 +0300] "GET /home HTTP/1.1" 200 345
::1 - - [03/Apr/2025:13:06:46 +0300] "-" 408 -
::1 - - [03/Apr/2025:18:00:51 +0300] "GET /home HTTP/1.1" 200 881
::1 - - [03/Apr/2025:18:01:45 +0300] "GET /home HTTP/1.1" 200 881
::1 - - [03/Apr/2025:18:02:34 +0300] "GET /home HTTP/1.1" 200 1169
::1 - - [03/Apr/2025:18:02:34 +0300] "GET /css/home.css HTTP/1.1" 200 129
::1 - - [03/Apr/2025:18:02:34 +0300] "GET /css/header.css HTTP/1.1" 200 131
::1 - - [03/Apr/2025:18:03:24 +0300] "GET /home HTTP/1.1" 200 917
::1 - - [03/Apr/2025:18:03:24 +0300] "GET /css/home.css HTTP/1.1" 200 129
::1 - - [03/Apr/2025:18:03:24 +0300] "GET /css/header.css HTTP/1.1" 200 131
::1 - - [03/Apr/2025:18:03:57 +0300] "GET /home HTTP/1.1" 200 661
::1 - - [03/Apr/2025:18:03:57 +0300] "GET /css/home.css HTTP/1.1" 200 129
::1 - - [03/Apr/2025:18:03:57 +0300] "GET /css/header.css HTTP/1.1" 200 131
::1 - - [03/Apr/2025:18:04:03 +0300] "GET /css/home.css HTTP/1.1" 200 129
::1 - - [03/Apr/2025:18:04:03 +0300] "GET /css/header.css HTTP/1.1" 200 131
::1 - - [03/Apr/2025:18:04:44 +0300] "GET /home HTTP/1.1" 200 645
::1 - - [03/Apr/2025:18:04:44 +0300] "GET /css/home.css HTTP/1.1" 200 129
::1 - - [03/Apr/2025:18:04:44 +0300] "GET /type=%22text/css%22 HTTP/1.1" 403 199
::1 - - [03/Apr/2025:18:05:15 +0300] "GET /home HTTP/1.1" 200 661
::1 - - [03/Apr/2025:18:05:15 +0300] "GET /css/home.css HTTP/1.1" 200 129
::1 - - [03/Apr/2025:18:05:15 +0300] "GET /css/header.css HTTP/1.1" 200 131
::1 - - [03/Apr/2025:18:06:00 +0300] "GET /home HTTP/1.1" 200 661
::1 - - [03/Apr/2025:18:06:00 +0300] "GET /css/home.css HTTP/1.1" 200 129
::1 - - [03/Apr/2025:18:06:00 +0300] "GET /css/header.css HTTP/1.1" 200 131
::1 - - [03/Apr/2025:18:06:28 +0300] "GET /home HTTP/1.1" 200 629
::1 - - [03/Apr/2025:18:06:28 +0300] "GET /css/home.css HTTP/1.1" 200 129
::1 - - [03/Apr/2025:18:06:28 +0300] "GET /css/menu.css HTTP/1.1" 200 129
::1 - - [03/Apr/2025:18:06:28 +0300] "GET /css/header.css HTTP/1.1" 200 131
::1 - - [03/Apr/2025:18:07:51 +0300] "GET /home HTTP/1.1" 200 802
::1 - - [03/Apr/2025:18:07:51 +0300] "GET /css/home.css HTTP/1.1" 200 129
::1 - - [03/Apr/2025:18:07:51 +0300] "GET /css/header.css HTTP/1.1" 200 131
::1 - - [03/Apr/2025:18:07:51 +0300] "GET /css/menu.css HTTP/1.1" 200 129
::1 - - [03/Apr/2025:18:10:32 +0300] "GET /home HTTP/1.1" 200 828
::1 - - [03/Apr/2025:18:10:32 +0300] "GET /css/home.css HTTP/1.1" 200 49
::1 - - [03/Apr/2025:18:10:32 +0300] "GET /css/header.css HTTP/1.1" 200 51
::1 - - [03/Apr/2025:18:10:32 +0300] "GET /css/menu.css HTTP/1.1" 200 49
::1 - - [03/Apr/2025:18:12:17 +0300] "GET /home HTTP/1.1" 200 829
::1 - - [03/Apr/2025:18:12:17 +0300] "GET /css/home.css HTTP/1.1" 200 49
::1 - - [03/Apr/2025:18:12:17 +0300] "GET /css/header.css HTTP/1.1" 200 51
::1 - - [03/Apr/2025:18:12:17 +0300] "GET /css/menu.css HTTP/1.1" 200 49
::1 - - [03/Apr/2025:18:14:48 +0300] "GET /home HTTP/1.1" 200 832
::1 - - [03/Apr/2025:18:14:48 +0300] "GET /css/home.css HTTP/1.1" 200 49
::1 - - [03/Apr/2025:18:14:48 +0300] "GET /css/header.css HTTP/1.1" 200 51
::1 - - [03/Apr/2025:18:14:48 +0300] "GET /css/menu.css HTTP/1.1" 200 49
::1 - - [03/Apr/2025:18:16:19 +0300] "GET /home HTTP/1.1" 200 832
::1 - - [03/Apr/2025:18:16:19 +0300] "GET /css/home.css HTTP/1.1" 200 49
::1 - - [03/Apr/2025:18:16:19 +0300] "GET /css/header.css HTTP/1.1" 200 51
::1 - - [03/Apr/2025:18:16:19 +0300] "GET /css/menu.css HTTP/1.1" 200 49
::1 - - [03/Apr/2025:18:20:07 +0300] "GET /home HTTP/1.1" 200 842
::1 - - [03/Apr/2025:18:20:18 +0300] "GET /home HTTP/1.1" 200 615
::1 - - [03/Apr/2025:18:20:32 +0300] "GET /home HTTP/1.1" 200 717
::1 - - [03/Apr/2025:18:21:05 +0300] "GET /home HTTP/1.1" 200 823
::1 - - [03/Apr/2025:18:21:05 +0300] "GET /css/home.css HTTP/1.1" 200 32
::1 - - [03/Apr/2025:18:21:05 +0300] "GET /css/header.css HTTP/1.1" 200 32
::1 - - [03/Apr/2025:18:21:05 +0300] "GET /css/menu.css HTTP/1.1" 200 32
::1 - - [03/Apr/2025:18:23:02 +0300] "GET /home HTTP/1.1" 200 876
::1 - - [03/Apr/2025:18:23:02 +0300] "GET /css/home.css HTTP/1.1" 200 32
::1 - - [03/Apr/2025:18:23:02 +0300] "GET /css/header.css HTTP/1.1" 200 32
::1 - - [03/Apr/2025:18:23:02 +0300] "GET /css/menu.css HTTP/1.1" 200 32
::1 - - [03/Apr/2025:18:24:58 +0300] "GET /home HTTP/1.1" 200 878
::1 - - [03/Apr/2025:18:24:58 +0300] "GET /css/home.css HTTP/1.1" 200 32
::1 - - [03/Apr/2025:18:24:58 +0300] "GET /css/header.css HTTP/1.1" 200 32
::1 - - [03/Apr/2025:18:24:58 +0300] "GET /css/menu.css HTTP/1.1" 200 32
::1 - - [03/Apr/2025:18:25:14 +0300] "GET /home HTTP/1.1" 200 878
::1 - - [03/Apr/2025:18:25:14 +0300] "GET /css/home.css HTTP/1.1" 200 32
::1 - - [03/Apr/2025:18:25:14 +0300] "GET /css/menu.css HTTP/1.1" 200 32
::1 - - [03/Apr/2025:18:25:14 +0300] "GET /css/header.css HTTP/1.1" 200 32
::1 - - [03/Apr/2025:18:26:50 +0300] "GET /home HTTP/1.1" 200 986
::1 - - [03/Apr/2025:18:26:51 +0300] "GET /css/header.css HTTP/1.1" 200 32
::1 - - [03/Apr/2025:18:26:51 +0300] "GET /css/menu.css HTTP/1.1" 200 32
::1 - - [03/Apr/2025:18:28:01 +0300] "GET /home HTTP/1.1" 200 1032
::1 - - [03/Apr/2025:18:28:01 +0300] "GET /css/header.css HTTP/1.1" 200 32
::1 - - [03/Apr/2025:18:28:01 +0300] "GET /css/menu.css HTTP/1.1" 200 32
::1 - - [03/Apr/2025:18:28:24 +0300] "GET /home HTTP/1.1" 200 1066
::1 - - [03/Apr/2025:18:28:24 +0300] "GET /css/header.css HTTP/1.1" 200 32
::1 - - [03/Apr/2025:18:28:24 +0300] "GET /css/menu.css HTTP/1.1" 200 32
::1 - - [03/Apr/2025:18:28:47 +0300] "GET /home HTTP/1.1" 200 1005
::1 - - [03/Apr/2025:18:28:47 +0300] "GET /css/header.css HTTP/1.1" 200 32
::1 - - [03/Apr/2025:18:28:47 +0300] "GET /css/menu.css HTTP/1.1" 200 32
::1 - - [03/Apr/2025:18:29:39 +0300] "GET /home HTTP/1.1" 200 973
::1 - - [03/Apr/2025:18:29:39 +0300] "GET /css/home.css HTTP/1.1" 200 32
::1 - - [03/Apr/2025:18:29:39 +0300] "GET /css/header.css HTTP/1.1" 200 32
::1 - - [03/Apr/2025:18:29:39 +0300] "GET /css/menu.css HTTP/1.1" 200 32
::1 - - [03/Apr/2025:18:30:17 +0300] "GET /home HTTP/1.1" 200 1040
::1 - - [03/Apr/2025:18:30:17 +0300] "GET /css/home.css HTTP/1.1" 200 32
::1 - - [03/Apr/2025:18:30:17 +0300] "GET /css/header.css HTTP/1.1" 200 32
::1 - - [03/Apr/2025:18:30:17 +0300] "GET /css/menu.css HTTP/1.1" 200 32
::1 - - [03/Apr/2025:18:32:24 +0300] "GET /home HTTP/1.1" 200 1039
::1 - - [03/Apr/2025:18:32:24 +0300] "GET /css/home.css HTTP/1.1" 200 32
::1 - - [03/Apr/2025:18:32:24 +0300] "GET /css/header.css HTTP/1.1" 200 32
::1 - - [03/Apr/2025:18:32:24 +0300] "GET /css/menu.css HTTP/1.1" 200 32
::1 - - [03/Apr/2025:18:33:25 +0300] "GET /home HTTP/1.1" 200 1039
::1 - - [03/Apr/2025:18:33:25 +0300] "GET /css/home.css HTTP/1.1" 200 1466
::1 - - [03/Apr/2025:18:33:25 +0300] "GET /css/header.css HTTP/1.1" 200 47
::1 - - [03/Apr/2025:18:33:25 +0300] "GET /css/menu.css HTTP/1.1" 200 697
::1 - - [03/Apr/2025:18:33:25 +0300] "GET /images/icons/home_icon.png HTTP/1.1" 200 32
::1 - - [03/Apr/2025:18:33:25 +0300] "GET /images/icons/user_icon.png HTTP/1.1" 200 32
::1 - - [03/Apr/2025:18:33:25 +0300] "GET /images/icons/add_icon.png HTTP/1.1" 200 32
::1 - - [03/Apr/2025:18:34:10 +0300] "GET /home HTTP/1.1" 200 973
::1 - - [03/Apr/2025:18:35:04 +0300] "GET /home HTTP/1.1" 200 925
::1 - - [03/Apr/2025:18:35:40 +0300] "GET /home HTTP/1.1" 200 925
::1 - - [03/Apr/2025:18:35:56 +0300] "GET /home HTTP/1.1" 200 925
::1 - - [03/Apr/2025:18:36:38 +0300] "GET /home HTTP/1.1" 200 925
::1 - - [03/Apr/2025:18:36:39 +0300] "GET /home HTTP/1.1" 200 925
::1 - - [03/Apr/2025:18:37:38 +0300] "-" 408 -
::1 - - [03/Apr/2025:18:39:20 +0300] "GET /home HTTP/1.1" 200 923
::1 - - [03/Apr/2025:18:39:20 +0300] "GET /css/home.css HTTP/1.1" 304 -
::1 - - [03/Apr/2025:18:39:20 +0300] "GET /css/header.css HTTP/1.1" 200 81
::1 - - [03/Apr/2025:18:39:20 +0300] "GET /css/menu.css HTTP/1.1" 304 -
::1 - - [03/Apr/2025:18:39:52 +0300] "GET /home HTTP/1.1" 200 923
::1 - - [03/Apr/2025:18:39:52 +0300] "GET /css/header.css HTTP/1.1" 200 89
::1 - - [03/Apr/2025:18:40:02 +0300] "GET /home HTTP/1.1" 200 923
::1 - - [03/Apr/2025:18:40:02 +0300] "GET /css/header.css HTTP/1.1" 200 89
::1 - - [03/Apr/2025:18:41:02 +0300] "-" 408 -
::1 - - [03/Apr/2025:18:56:45 +0300] "GET /home64 HTTP/1.1" 200 32
::1 - - [03/Apr/2025:18:57:45 +0300] "-" 408 -
::1 - - [03/Apr/2025:19:08:48 +0300] "GET /home HTTP/1.1" 200 923
::1 - - [03/Apr/2025:19:08:49 +0300] "GET /css/home.css HTTP/1.1" 304 -
::1 - - [03/Apr/2025:19:08:49 +0300] "GET /css/header.css HTTP/1.1" 304 -
::1 - - [03/Apr/2025:19:08:49 +0300] "GET /css/menu.css HTTP/1.1" 304 -
::1 - - [03/Apr/2025:19:08:49 +0300] "GET /images/icons/home_icon.png HTTP/1.1" 200 32
::1 - - [03/Apr/2025:19:08:49 +0300] "GET /images/icons/user_icon.png HTTP/1.1" 200 32
::1 - - [03/Apr/2025:19:08:49 +0300] "GET /images/icons/add_icon.png HTTP/1.1" 200 32
::1 - - [03/Apr/2025:19:17:38 +0300] "GET /home HTTP/1.1" 200 1585
::1 - - [03/Apr/2025:19:17:38 +0300] "GET /css/home.css HTTP/1.1" 304 -
::1 - - [03/Apr/2025:19:17:38 +0300] "GET /css/header.css HTTP/1.1" 304 -
::1 - - [03/Apr/2025:19:17:38 +0300] "GET /css/menu.css HTTP/1.1" 304 -
::1 - - [03/Apr/2025:19:17:38 +0300] "GET /images/icons/user_icon.png HTTP/1.1" 200 34
::1 - - [03/Apr/2025:19:17:38 +0300] "GET /images/icons/home_icon.png HTTP/1.1" 200 34
::1 - - [03/Apr/2025:19:17:38 +0300] "GET /images/icons/add_icon.png HTTP/1.1" 200 34
::1 - - [03/Apr/2025:19:20:22 +0300] "GET /home HTTP/1.1" 200 1376
::1 - - [03/Apr/2025:19:20:22 +0300] "GET /images/icons/home_icon.png HTTP/1.1" 200 34
::1 - - [03/Apr/2025:19:20:22 +0300] "GET /images/icons/user_icon.png HTTP/1.1" 200 34
::1 - - [03/Apr/2025:19:20:22 +0300] "GET /images/icons/add_icon.png HTTP/1.1" 200 34
::1 - - [03/Apr/2025:19:20:53 +0300] "GET /home HTTP/1.1" 200 976
::1 - - [03/Apr/2025:19:21:27 +0300] "GET /home HTTP/1.1" 200 852
::1 - - [03/Apr/2025:19:21:27 +0300] "GET /css/header.css HTTP/1.1" 304 -
::1 - - [03/Apr/2025:19:22:27 +0300] "-" 408 -
::1 - - [03/Apr/2025:19:26:57 +0300] "GET /home HTTP/1.1" 200 3175
::1 - - [03/Apr/2025:19:26:57 +0300] "GET /css/home.css HTTP/1.1" 304 -
::1 - - [03/Apr/2025:19:26:57 +0300] "GET /css/header.css HTTP/1.1" 304 -
::1 - - [03/Apr/2025:19:26:57 +0300] "GET /css/menu.css HTTP/1.1" 304 -
::1 - - [03/Apr/2025:19:26:57 +0300] "GET /alt=%22%22 HTTP/1.1" 403 199
::1 - - [03/Apr/2025:19:26:57 +0300] "GET /static/v2/images/users/Vanya_Denisov/post_5.jpg HTTP/1.1" 304 -
::1 - - [03/Apr/2025:19:26:57 +0300] "GET /images/icons/home_icon.png HTTP/1.1" 200 34
::1 - - [03/Apr/2025:19:26:57 +0300] "GET /images/icons/add_icon.png HTTP/1.1" 200 34
::1 - - [03/Apr/2025:19:26:57 +0300] "GET /images/icons/user_icon.png HTTP/1.1" 200 34
::1 - - [03/Apr/2025:19:26:57 +0300] "GET /fonts/golos-ui_regular.woff2 HTTP/1.1" 200 34
::1 - - [03/Apr/2025:19:28:05 +0300] "GET /home HTTP/1.1" 200 3443
::1 - - [03/Apr/2025:19:28:05 +0300] "GET /alt=%22%22 HTTP/1.1" 403 199
::1 - - [03/Apr/2025:19:29:01 +0300] "GET /home HTTP/1.1" 200 3451
::1 - - [03/Apr/2025:19:29:01 +0300] "GET /alt=%22%22 HTTP/1.1" 403 199
::1 - - [03/Apr/2025:19:30:01 +0300] "-" 408 -
::1 - - [03/Apr/2025:19:30:09 +0300] "GET /home HTTP/1.1" 200 3431
::1 - - [03/Apr/2025:19:30:09 +0300] "GET /alt=%22%22 HTTP/1.1" 403 199
::1 - - [03/Apr/2025:19:30:58 +0300] "GET /home HTTP/1.1" 200 4296
::1 - - [03/Apr/2025:19:30:58 +0300] "GET /%3Cbr HTTP/1.1" 403 199
::1 - - [03/Apr/2025:19:31:34 +0300] "GET /home HTTP/1.1" 200 1116
::1 - - [03/Apr/2025:19:32:16 +0300] "GET /home HTTP/1.1" 200 1364
::1 - - [03/Apr/2025:19:32:16 +0300] "GET /css/header.css HTTP/1.1" 304 -
::1 - - [03/Apr/2025:19:32:48 +0300] "GET /home HTTP/1.1" 200 5937
::1 - - [03/Apr/2025:19:33:45 +0300] "GET /home HTTP/1.1" 200 2479
::1 - - [03/Apr/2025:19:33:59 +0300] "GET /home HTTP/1.1" 200 1130
::1 - - [03/Apr/2025:19:34:11 +0300] "GET /home HTTP/1.1" 200 2479
::1 - - [03/Apr/2025:19:34:20 +0300] "GET /home HTTP/1.1" 200 2219
::1 - - [03/Apr/2025:19:35:26 +0300] "GET /home HTTP/1.1" 200 974
::1 - - [03/Apr/2025:19:35:52 +0300] "GET /home HTTP/1.1" 200 1081
::1 - - [03/Apr/2025:19:36:07 +0300] "GET /home HTTP/1.1" 200 854
::1 - - [03/Apr/2025:19:36:23 +0300] "GET /home HTTP/1.1" 200 3890
::1 - - [03/Apr/2025:19:36:23 +0300] "GET /%3Cbr HTTP/1.1" 403 199
::1 - - [03/Apr/2025:19:36:23 +0300] "GET /static/v2/images/users/Vanya_Denisov/post_3.jpg HTTP/1.1" 200 4159812
::1 - - [03/Apr/2025:19:36:23 +0300] "GET /static/v2/images/users/Vanya_Denisov/post_2.jpg HTTP/1.1" 200 9471204
::1 - - [03/Apr/2025:19:36:49 +0300] "GET /home HTTP/1.1" 200 2618
::1 - - [03/Apr/2025:19:36:49 +0300] "GET /css/home.css HTTP/1.1" 304 -
::1 - - [03/Apr/2025:19:36:49 +0300] "GET /css/menu.css HTTP/1.1" 304 -
::1 - - [03/Apr/2025:19:37:49 +0300] "-" 408 -
::1 - - [03/Apr/2025:19:39:28 +0300] "GET /home HTTP/1.1" 200 2618
::1 - - [03/Apr/2025:19:39:28 +0300] "GET /css/header.css HTTP/1.1" 304 -
::1 - - [03/Apr/2025:19:39:28 +0300] "GET /images/icons/home_icon.png HTTP/1.1" 200 34
::1 - - [03/Apr/2025:19:39:28 +0300] "GET /images/icons/user_icon.png HTTP/1.1" 200 34
::1 - - [03/Apr/2025:19:39:28 +0300] "GET /images/icons/add_icon.png HTTP/1.1" 200 34
::1 - - [03/Apr/2025:19:39:28 +0300] "GET /fonts/golos-ui_regular.woff2 HTTP/1.1" 200 29640
::1 - - [03/Apr/2025:19:40:28 +0300] "-" 408 -
::1 - - [03/Apr/2025:19:41:11 +0300] "GET /home2 HTTP/1.1" 200 34
::1 - - [03/Apr/2025:19:41:16 +0300] "GET /home HTTP/1.1" 200 2618
::1 - - [03/Apr/2025:19:42:11 +0300] "-" 408 -
::1 - - [03/Apr/2025:19:42:41 +0300] "GET /home HTTP/1.1" 200 2618
::1 - - [03/Apr/2025:19:43:24 +0300] "GET /home HTTP/1.1" 200 2618
::1 - - [03/Apr/2025:19:43:26 +0300] "GET /home HTTP/1.1" 200 2618
::1 - - [03/Apr/2025:19:43:32 +0300] "GET /home HTTP/1.1" 200 2618
::1 - - [03/Apr/2025:19:43:43 +0300] "GET /home HTTP/1.1" 200 2618
::1 - - [03/Apr/2025:19:43:44 +0300] "GET /home HTTP/1.1" 200 2618
::1 - - [03/Apr/2025:19:44:40 +0300] "GET /home HTTP/1.1" 200 2618
::1 - - [03/Apr/2025:19:44:41 +0300] "GET /home HTTP/1.1" 200 2618
::1 - - [03/Apr/2025:19:44:44 +0300] "GET /home HTTP/1.1" 200 2618
::1 - - [03/Apr/2025:19:44:45 +0300] "GET /home HTTP/1.1" 200 2618
::1 - - [03/Apr/2025:19:44:55 +0300] "GET /home HTTP/1.1" 200 2618
::1 - - [03/Apr/2025:19:45:29 +0300] "GET /home HTTP/1.1" 200 2618
::1 - - [03/Apr/2025:19:45:29 +0300] "GET /css/header.css HTTP/1.1" 200 232
::1 - - [03/Apr/2025:19:45:57 +0300] "GET /home HTTP/1.1" 200 2618
::1 - - [03/Apr/2025:19:45:57 +0300] "GET /css/header.css HTTP/1.1" 200 242
::1 - - [03/Apr/2025:19:46:05 +0300] "GET /home HTTP/1.1" 200 2618
::1 - - [03/Apr/2025:19:46:05 +0300] "GET /css/header.css HTTP/1.1" 200 248
::1 - - [03/Apr/2025:19:46:30 +0300] "GET /home HTTP/1.1" 200 2618
::1 - - [03/Apr/2025:19:46:30 +0300] "GET /css/header.css HTTP/1.1" 200 138
::1 - - [03/Apr/2025:19:47:30 +0300] "-" 408 -
::1 - - [03/Apr/2025:19:48:28 +0300] "GET /home HTTP/1.1" 200 2618
::1 - - [03/Apr/2025:19:48:28 +0300] "GET /css/home.css HTTP/1.1" 304 -
::1 - - [03/Apr/2025:19:48:28 +0300] "GET /css/header.css HTTP/1.1" 304 -
::1 - - [03/Apr/2025:19:48:28 +0300] "GET /css/menu.css HTTP/1.1" 200 508
::1 - - [03/Apr/2025:19:48:28 +0300] "GET /images/icons/user_icon.png HTTP/1.1" 200 446
::1 - - [03/Apr/2025:19:48:28 +0300] "GET /images/icons/home_icon.png HTTP/1.1" 200 493
::1 - - [03/Apr/2025:19:48:28 +0300] "GET /images/icons/add_icon.png HTTP/1.1" 200 200
::1 - - [03/Apr/2025:19:49:29 +0300] "GET /home HTTP/1.1" 200 2659
::1 - - [03/Apr/2025:19:49:29 +0300] "GET /css/header.css HTTP/1.1" 304 -
::1 - - [03/Apr/2025:19:49:29 +0300] "GET /css/menu.css HTTP/1.1" 304 -
::1 - - [03/Apr/2025:19:50:29 +0300] "-" 408 -
::1 - - [03/Apr/2025:19:55:12 +0300] "GET /home HTTP/1.1" 200 2659
::1 - - [03/Apr/2025:19:55:12 +0300] "GET /css/header.css HTTP/1.1" 304 -
::1 - - [03/Apr/2025:19:55:12 +0300] "GET /css/menu.css HTTP/1.1" 304 -
::1 - - [03/Apr/2025:19:56:12 +0300] "-" 408 -
::1 - - [03/Apr/2025:22:53:52 +0300] "GET /profile HTTP/1.1" 200 813
::1 - - [03/Apr/2025:22:53:52 +0300] "GET /css/profile.css HTTP/1.1" 200 1075
::1 - - [03/Apr/2025:22:53:52 +0300] "GET /css/menu.css HTTP/1.1" 304 -
::1 - - [03/Apr/2025:22:53:52 +0300] "GET /css/header.css HTTP/1.1" 304 -
::1 - - [03/Apr/2025:22:54:05 +0300] "GET /profile?id=6 HTTP/1.1" 200 34
::1 - - [03/Apr/2025:22:55:05 +0300] "-" 408 -
::1 - - [03/Apr/2025:22:56:45 +0300] "GET /profile?id=6 HTTP/1.1" 200 34
::1 - - [03/Apr/2025:22:57:45 +0300] "-" 408 -
::1 - - [03/Apr/2025:22:58:18 +0300] "GET /profile?id=6 HTTP/1.1" 200 47
::1 - - [03/Apr/2025:22:58:52 +0300] "GET /profile HTTP/1.1" 200 813
::1 - - [03/Apr/2025:22:59:32 +0300] "GET /profile HTTP/1.1" 200 814
::1 - - [03/Apr/2025:23:00:15 +0300] "GET /profile?id=9 HTTP/1.1" 200 48
::1 - - [03/Apr/2025:23:01:15 +0300] "-" 408 -
::1 - - [03/Apr/2025:23:01:20 +0300] "GET /profile?id=9 HTTP/1.1" 200 179
::1 - - [03/Apr/2025:23:02:02 +0300] "GET /profile?id=9 HTTP/1.1" 200 185
::1 - - [03/Apr/2025:23:03:02 +0300] "-" 408 -
::1 - - [03/Apr/2025:23:03:33 +0300] "GET /profile?ids=9 HTTP/1.1" 200 186
::1 - - [03/Apr/2025:23:04:07 +0300] "GET /profile?ids=9 HTTP/1.1" 200 187
::1 - - [03/Apr/2025:23:04:50 +0300] "GET /profile?ids=9 HTTP/1.1" 200 67
::1 - - [03/Apr/2025:23:05:50 +0300] "-" 408 -
::1 - - [03/Apr/2025:23:09:13 +0300] "GET /profile?ids=9 HTTP/1.1" 200 67
::1 - - [03/Apr/2025:23:09:14 +0300] "GET /profile?ids=9 HTTP/1.1" 200 67
::1 - - [03/Apr/2025:23:09:56 +0300] "GET /profile?ids=9 HTTP/1.1" 200 187
::1 - - [03/Apr/2025:23:10:51 +0300] "GET /profile?ids=9 HTTP/1.1" 200 188
::1 - - [03/Apr/2025:23:11:33 +0300] "GET /profile?ids=9 HTTP/1.1" 200 959
::1 - - [03/Apr/2025:23:12:19 +0300] "GET /profile?ids=9&name=Sam&age=24 HTTP/1.1" 200 851
::1 - - [03/Apr/2025:23:13:19 +0300] "-" 408 -
::1 - - [03/Apr/2025:23:13:33 +0300] "GET /profile?ids=9&name=Sam&age=24 HTTP/1.1" 200 863
::1 - - [03/Apr/2025:23:13:33 +0300] "GET /css/header.css HTTP/1.1" 304 -
::1 - - [03/Apr/2025:23:13:33 +0300] "GET /css/menu.css HTTP/1.1" 304 -
::1 - - [03/Apr/2025:23:15:54 +0300] "GET /profile?ids=9&name=Sam&age=24 HTTP/1.1" 200 881
::1 - - [03/Apr/2025:23:16:54 +0300] "-" 408 -
::1 - - [03/Apr/2025:23:37:20 +0300] "GET /profile?ids=9&name=Sam&age=24 HTTP/1.1" 200 3060
::1 - - [03/Apr/2025:23:37:20 +0300] "GET /css/header.css HTTP/1.1" 304 -
::1 - - [03/Apr/2025:23:37:20 +0300] "GET /css/menu.css HTTP/1.1" 304 -
::1 - - [03/Apr/2025:23:38:17 +0300] "GET /profile?ids=9&name=Sam&age=24 HTTP/1.1" 200 3060
::1 - - [03/Apr/2025:23:38:18 +0300] "GET /profile?ids=9&name=Sam&age=24 HTTP/1.1" 200 3060
::1 - - [03/Apr/2025:23:38:47 +0300] "GET /profile HTTP/1.1" 200 3060
::1 - - [03/Apr/2025:23:39:01 +0300] "GET /profile?user_id=2 HTTP/1.1" 200 3106
::1 - - [03/Apr/2025:23:40:01 +0300] "-" 408 -
::1 - - [03/Apr/2025:23:40:21 +0300] "GET /profile?user_id=2 HTTP/1.1" 200 3106
::1 - - [03/Apr/2025:23:40:22 +0300] "GET /profile?user_id=2 HTTP/1.1" 200 3106
::1 - - [03/Apr/2025:23:40:25 +0300] "GET /profile?user_id=1 HTTP/1.1" 200 3106
::1 - - [03/Apr/2025:23:40:36 +0300] "GET /profile?user_id=1 HTTP/1.1" 200 3106
::1 - - [03/Apr/2025:23:41:19 +0300] "GET /profile?user_id=1 HTTP/1.1" 200 3107
::1 - - [03/Apr/2025:23:41:22 +0300] "GET /profile?user_id=1 HTTP/1.1" 200 3107
::1 - - [03/Apr/2025:23:41:55 +0300] "GET /profile?user_id=1 HTTP/1.1" 200 3116
::1 - - [03/Apr/2025:23:42:00 +0300] "GET /profile?user_id=2 HTTP/1.1" 200 3116
::1 - - [03/Apr/2025:23:42:55 +0300] "-" 408 -
::1 - - [03/Apr/2025:23:45:24 +0300] "GET /profile?user_id=2 HTTP/1.1" 200 817
::1 - - [03/Apr/2025:23:45:34 +0300] "GET /profile?user_id=2 HTTP/1.1" 200 807
::1 - - [03/Apr/2025:23:46:34 +0300] "-" 408 -
::1 - - [03/Apr/2025:23:47:37 +0300] "GET /profile?user_id=2 HTTP/1.1" 200 806
::1 - - [03/Apr/2025:23:47:46 +0300] "GET /profile?user_idw=2 HTTP/1.1" 200 961
::1 - - [03/Apr/2025:23:48:14 +0300] "GET /profile?user_idw=2 HTTP/1.1" 200 828
::1 - - [03/Apr/2025:23:49:06 +0300] "GET /profile?user_idw=2 HTTP/1.1" 200 829
::1 - - [03/Apr/2025:23:50:06 +0300] "-" 408 -
::1 - - [03/Apr/2025:23:54:41 +0300] "GET /profile?user_idw=2 HTTP/1.1" 200 2927
::1 - - [03/Apr/2025:23:54:49 +0300] "GET /profile?user_id=2 HTTP/1.1" 200 2927
::1 - - [03/Apr/2025:23:55:49 +0300] "-" 408 -
::1 - - [03/Apr/2025:23:55:58 +0300] "GET /profile?user_id=2 HTTP/1.1" 200 2936
::1 - - [03/Apr/2025:23:56:28 +0300] "GET /profile?user_id=2 HTTP/1.1" 200 2927
::1 - - [03/Apr/2025:23:56:30 +0300] "GET /profile?user_id=2 HTTP/1.1" 200 2927
::1 - - [03/Apr/2025:23:57:28 +0300] "-" 408 -
::1 - - [03/Apr/2025:23:57:31 +0300] "GET /profile?user_id=2 HTTP/1.1" 200 1247
::1 - - [03/Apr/2025:23:57:31 +0300] "GET /alt=%22%22 HTTP/1.1" 403 199
::1 - - [03/Apr/2025:23:58:31 +0300] "-" 408 -
::1 - - [03/Apr/2025:23:59:16 +0300] "GET /profile?user_id=2 HTTP/1.1" 200 1238
::1 - - [03/Apr/2025:23:59:16 +0300] "GET /alt=%22%22 HTTP/1.1" 403 199
::1 - - [03/Apr/2025:23:59:17 +0300] "GET /profile?user_id=2 HTTP/1.1" 200 1238
::1 - - [03/Apr/2025:23:59:17 +0300] "GET /alt=%22%22 HTTP/1.1" 403 199
::1 - - [03/Apr/2025:23:59:48 +0300] "GET /profile?user_id=2 HTTP/1.1" 200 1238
::1 - - [03/Apr/2025:23:59:48 +0300] "GET /alt=%22%22 HTTP/1.1" 403 199
::1 - - [04/Apr/2025:00:00:48 +0300] "-" 408 -
::1 - - [04/Apr/2025:00:01:28 +0300] "GET /profile?user_id=2 HTTP/1.1" 200 1238
::1 - - [04/Apr/2025:00:01:28 +0300] "GET /css/header.css HTTP/1.1" 304 -
::1 - - [04/Apr/2025:00:01:28 +0300] "GET /css/menu.css HTTP/1.1" 304 -
::1 - - [04/Apr/2025:00:01:28 +0300] "GET /alt=%22%22 HTTP/1.1" 403 199
::1 - - [04/Apr/2025:00:01:54 +0300] "GET /profile?user_id=2 HTTP/1.1" 200 1238
::1 - - [04/Apr/2025:00:01:54 +0300] "GET /alt=%22%22 HTTP/1.1" 403 199
::1 - - [04/Apr/2025:00:02:54 +0300] "-" 408 -
::1 - - [04/Apr/2025:00:03:06 +0300] "-" 408 -
::1 - - [04/Apr/2025:00:03:42 +0300] "GET /profile?user_id=2 HTTP/1.1" 200 1238
::1 - - [04/Apr/2025:00:03:42 +0300] "GET /alt=%22%22 HTTP/1.1" 403 199
::1 - - [04/Apr/2025:00:04:25 +0300] "GET /profile?user_id=2 HTTP/1.1" 200 1238
::1 - - [04/Apr/2025:00:04:25 +0300] "GET /alt=%22%22 HTTP/1.1" 403 199
::1 - - [04/Apr/2025:00:04:59 +0300] "GET /profile?user_id=2 HTTP/1.1" 200 1238
::1 - - [04/Apr/2025:00:04:59 +0300] "GET /alt=%22%22 HTTP/1.1" 403 199
::1 - - [04/Apr/2025:00:05:18 +0300] "GET /profile?user_id=2 HTTP/1.1" 200 1354
::1 - - [04/Apr/2025:00:05:18 +0300] "GET /%3Cbr HTTP/1.1" 403 199
::1 - - [04/Apr/2025:00:05:18 +0300] "GET /alt=%22%22 HTTP/1.1" 403 199
::1 - - [04/Apr/2025:00:05:23 +0300] "GET /profile?user_id=2 HTTP/1.1" 200 1238
::1 - - [04/Apr/2025:00:05:23 +0300] "GET /alt=%22%22 HTTP/1.1" 403 199
::1 - - [04/Apr/2025:00:05:56 +0300] "GET /profile HTTP/1.1" 200 2927
::1 - - [04/Apr/2025:00:06:07 +0300] "GET /profile?user_id=2 HTTP/1.1" 200 1238
::1 - - [04/Apr/2025:00:06:07 +0300] "GET /alt=%22%22 HTTP/1.1" 403 199
::1 - - [04/Apr/2025:00:06:13 +0300] "GET /profile?user_id=1 HTTP/1.1" 200 2927
::1 - - [04/Apr/2025:00:06:16 +0300] "GET /profile?user_id=2 HTTP/1.1" 200 1238
::1 - - [04/Apr/2025:00:06:16 +0300] "GET /alt=%22%22 HTTP/1.1" 403 199
::1 - - [04/Apr/2025:00:07:13 +0300] "-" 408 -
::1 - - [04/Apr/2025:00:07:43 +0300] "GET /profile?user_id=2 HTTP/1.1" 200 1238
::1 - - [04/Apr/2025:00:07:43 +0300] "GET /css/profile.css HTTP/1.1" 200 1258
::1 - - [04/Apr/2025:00:07:43 +0300] "GET /css/header.css HTTP/1.1" 200 138
::1 - - [04/Apr/2025:00:07:43 +0300] "GET /css/menu.css HTTP/1.1" 200 508
::1 - - [04/Apr/2025:00:07:43 +0300] "GET /alt=%22%22 HTTP/1.1" 403 199
::1 - - [04/Apr/2025:00:07:43 +0300] "GET /static/v2/images/icons/posts_icon.png HTTP/1.1" 200 402
::1 - - [04/Apr/2025:00:07:43 +0300] "GET /images/icons/add_icon.png HTTP/1.1" 200 200
::1 - - [04/Apr/2025:00:07:43 +0300] "GET /images/icons/user_icon.png HTTP/1.1" 200 446
::1 - - [04/Apr/2025:00:07:43 +0300] "GET /fonts/golos-ui_regular.woff2 HTTP/1.1" 200 29640
::1 - - [04/Apr/2025:00:07:43 +0300] "GET /images/icons/home_icon.png HTTP/1.1" 200 493
::1 - - [04/Apr/2025:00:07:43 +0300] "GET /favicon.ico HTTP/1.1" 200 34
::1 - - [04/Apr/2025:00:07:43 +0300] "GET /favicon.ico HTTP/1.1" 200 34
::1 - - [04/Apr/2025:00:08:28 +0300] "GET /profile?user_id=1 HTTP/1.1" 200 2927
::1 - - [04/Apr/2025:00:08:33 +0300] "GET /profile HTTP/1.1" 200 2927
::1 - - [04/Apr/2025:00:13:30 +0300] "GET /css/profile.css HTTP/1.1" 304 -
::1 - - [04/Apr/2025:00:15:03 +0300] "GET /static/v2/images/users/Vanya_Denisov/post_1.jpg HTTP/1.1" 200 8097016
::1 - - [04/Apr/2025:00:16:42 +0300] "GET /profile HTTP/1.1" 200 2927
::1 - - [04/Apr/2025:00:16:42 +0300] "GET /css/profile.css HTTP/1.1" 200 1298
::1 - - [04/Apr/2025:00:17:37 +0300] "GET /profile HTTP/1.1" 200 2927
::1 - - [04/Apr/2025:00:17:37 +0300] "GET /css/profile.css HTTP/1.1" 304 -
::1 - - [04/Apr/2025:00:18:09 +0300] "GET /profile HTTP/1.1" 200 2927
::1 - - [04/Apr/2025:00:18:09 +0300] "GET /css/profile.css HTTP/1.1" 200 1316
::1 - - [04/Apr/2025:23:35:42 +0300] "GET /favicon.ico HTTP/1.1" 200 34
::1 - - [04/Apr/2025:23:35:44 +0300] "GET / HTTP/1.1" 200 153
::1 - - [04/Apr/2025:23:35:44 +0300] "GET /favicon.ico HTTP/1.1" 200 34
::1 - - [04/Apr/2025:23:35:44 +0300] "GET /favicon.ico HTTP/1.1" 200 34
::1 - - [04/Apr/2025:23:35:53 +0300] "GET / HTTP/1.1" 200 153
::1 - - [04/Apr/2025:23:36:53 +0300] "-" 408 -
::1 - - [04/Apr/2025:23:37:14 +0300] "GET / HTTP/1.1" 200 277
::1 - - [04/Apr/2025:23:37:51 +0300] "GET / HTTP/1.1" 200 1239
::1 - - [04/Apr/2025:23:37:51 +0300] "GET /css/login.css HTTP/1.1" 200 1123
::1 - - [04/Apr/2025:23:37:51 +0300] "GET /images/users/Vanya-Denisov/ava-login.jpg HTTP/1.1" 200 79
::1 - - [04/Apr/2025:23:37:51 +0300] "GET /fonts/golos-ui_regular.woff2 HTTP/1.1" 200 29640
::1 - - [04/Apr/2025:23:38:12 +0300] "GET / HTTP/1.1" 200 1116
::1 - - [04/Apr/2025:23:38:12 +0300] "GET /images/users/Vanya-Denisov/ava-login.jpg HTTP/1.1" 200 34
::1 - - [04/Apr/2025:23:39:12 +0300] "-" 408 -
::1 - - [04/Apr/2025:23:43:42 +0300] "GET / HTTP/1.1" 200 997
::1 - - [04/Apr/2025:23:43:42 +0300] "GET /images/users/Vanya-Denisov/ava-login.jpg HTTP/1.1" 200 34
::1 - - [04/Apr/2025:23:44:42 +0300] "-" 408 -
::1 - - [04/Apr/2025:23:47:51 +0300] "GET / HTTP/1.1" 200 997
::1 - - [04/Apr/2025:23:47:51 +0300] "GET /images/users/Vanya-Denisov/ava-login.jpg HTTP/1.1" 200 34
::1 - - [04/Apr/2025:23:48:51 +0300] "-" 408 -
::1 - - [04/Apr/2025:23:52:39 +0300] "GET / HTTP/1.1" 200 979
::1 - - [04/Apr/2025:23:52:39 +0300] "GET /images/icons/login.jpg HTTP/1.1" 200 255386
::1 - - [04/Apr/2025:23:52:48 +0300] "GET /home.html? HTTP/1.1" 200 34
::1 - - [04/Apr/2025:23:53:48 +0300] "-" 408 -
::1 - - [04/Apr/2025:23:54:23 +0300] "GET /home.html? HTTP/1.1" 200 34
::1 - - [04/Apr/2025:23:54:30 +0300] "GET / HTTP/1.1" 200 978
::1 - - [04/Apr/2025:23:54:33 +0300] "GET /home.php? HTTP/1.1" 200 34
::1 - - [04/Apr/2025:23:55:02 +0300] "GET /home.php HTTP/1.1" 200 34
::1 - - [04/Apr/2025:23:55:04 +0300] "GET / HTTP/1.1" 200 974
::1 - - [04/Apr/2025:23:55:07 +0300] "GET /home? HTTP/1.1" 200 2658
::1 - - [04/Apr/2025:23:55:07 +0300] "GET /css/header.css HTTP/1.1" 200 138
::1 - - [04/Apr/2025:23:55:07 +0300] "GET /css/menu.css HTTP/1.1" 200 508
::1 - - [04/Apr/2025:23:55:07 +0300] "GET /css/home.css HTTP/1.1" 304 -
::1 - - [04/Apr/2025:23:55:07 +0300] "GET /static/v2/images/icons/edit_icon.png HTTP/1.1" 304 -
::1 - - [04/Apr/2025:23:55:07 +0300] "GET /images/icons/home_icon.png HTTP/1.1" 200 493
::1 - - [04/Apr/2025:23:55:07 +0300] "GET /images/icons/user_icon.png HTTP/1.1" 200 446
::1 - - [04/Apr/2025:23:55:07 +0300] "GET /images/icons/add_icon.png HTTP/1.1" 200 200
::1 - - [05/Apr/2025:00:01:50 +0300] "GET /profile HTTP/1.1" 200 1076
::1 - - [05/Apr/2025:00:01:50 +0300] "GET /css/profile.css HTTP/1.1" 304 -
::1 - - [05/Apr/2025:00:01:52 +0300] "GET /profile?user_id=2 HTTP/1.1" 200 1076
::1 - - [05/Apr/2025:00:05:21 +0300] "GET /profile?user_id=2 HTTP/1.1" 200 1238
::1 - - [05/Apr/2025:00:05:21 +0300] "GET /alt=%22%22 HTTP/1.1" 403 199
::1 - - [05/Apr/2025:00:05:21 +0300] "GET /static/v2/images/icons/posts_icon.png HTTP/1.1" 200 402
::1 - - [05/Apr/2025:00:05:30 +0300] "GET /profile HTTP/1.1" 200 2927
::1 - - [05/Apr/2025:00:05:30 +0300] "GET /static/v2/images/users/Vanya_Denisov/post_4.jpg HTTP/1.1" 304 -
::1 - - [05/Apr/2025:00:05:30 +0300] "GET /static/v2/images/users/Vanya_Denisov/post_6.jpg HTTP/1.1" 304 -
::1 - - [05/Apr/2025:00:05:30 +0300] "GET /static/v2/images/users/Vanya_Denisov/post_7.jpg HTTP/1.1" 304 -
::1 - - [05/Apr/2025:00:05:31 +0300] "GET /static/v2/images/users/Vanya_Denisov/post_8.jpg HTTP/1.1" 304 -
::1 - - [05/Apr/2025:00:05:31 +0300] "GET /static/v2/images/users/Vanya_Denisov/post_9.jpg HTTP/1.1" 304 -
::1 - - [05/Apr/2025:00:05:31 +0300] "GET /static/v2/images/users/Vanya_Denisov/post_10.jpg HTTP/1.1" 304 -
::1 - - [05/Apr/2025:00:10:53 +0300] "GET /home HTTP/1.1" 200 2658
::1 - - [05/Apr/2025:00:11:53 +0300] "-" 408 -
::1 - - [05/Apr/2025:12:30:51 +0300] "GET /favicon.ico HTTP/1.1" 200 34
::1 - - [05/Apr/2025:12:30:54 +0300] "GET / HTTP/1.1" 200 987
::1 - - [05/Apr/2025:12:30:54 +0300] "GET /css/login.css HTTP/1.1" 200 1123
::1 - - [05/Apr/2025:12:30:54 +0300] "GET /images/icons/login.jpg HTTP/1.1" 200 255386
::1 - - [05/Apr/2025:12:30:54 +0300] "GET /favicon.ico HTTP/1.1" 200 34
::1 - - [05/Apr/2025:12:30:54 +0300] "GET /favicon.ico HTTP/1.1" 200 34
::1 - - [05/Apr/2025:12:31:00 +0300] "GET /profile HTTP/1.1" 200 3202
::1 - - [05/Apr/2025:12:31:00 +0300] "GET /css/header.css HTTP/1.1" 304 -
::1 - - [05/Apr/2025:12:31:00 +0300] "GET /css/profile.css HTTP/1.1" 304 -
::1 - - [05/Apr/2025:12:31:00 +0300] "GET /css/menu.css HTTP/1.1" 304 -
::1 - - [05/Apr/2025:12:31:00 +0300] "GET /static/v2/images/users/Vanya_Denisov/post_1.jpg HTTP/1.1" 304 -
::1 - - [05/Apr/2025:12:32:03 +0300] "GET /profile?user_id=2 HTTP/1.1" 200 1380
::1 - - [05/Apr/2025:12:32:03 +0300] "GET /alt=%22%22 HTTP/1.1" 403 199
::1 - - [05/Apr/2025:12:37:36 +0300] "GET /profile?user_id=2 HTTP/1.1" 200 1239
::1 - - [05/Apr/2025:12:37:36 +0300] "GET /alt=%22%22 HTTP/1.1" 403 199
::1 - - [05/Apr/2025:12:38:01 +0300] "GET /profile?user_id=2 HTTP/1.1" 200 1245
::1 - - [05/Apr/2025:12:38:01 +0300] "GET /alt=%22%22 HTTP/1.1" 403 199
::1 - - [05/Apr/2025:12:38:19 +0300] "GET /profile?user_id=-1 HTTP/1.1" 200 2716
::1 - - [05/Apr/2025:12:38:28 +0300] "GET /profile?user_id=0 HTTP/1.1" 200 2709
::1 - - [05/Apr/2025:12:38:57 +0300] "GET /profile?user_id=e HTTP/1.1" 200 2726
::1 - - [05/Apr/2025:12:39:40 +0300] "GET /profile?user_id=e HTTP/1.1" 200 2702
::1 - - [05/Apr/2025:12:39:44 +0300] "GET /profile?user_id=1 HTTP/1.1" 200 2927
::1 - - [05/Apr/2025:12:40:40 +0300] "-" 408 -
::1 - - [05/Apr/2025:12:40:42 +0300] "GET /profile?user_id=1 HTTP/1.1" 200 2927
::1 - - [05/Apr/2025:12:41:10 +0300] "GET /profile?user_id=t HTTP/1.1" 200 2702
::1 - - [05/Apr/2025:12:41:48 +0300] "GET /profile?user_id=t HTTP/1.1" 200 2835
::1 - - [05/Apr/2025:12:42:11 +0300] "GET /profile?user_id=2 HTTP/1.1" 200 1371
::1 - - [05/Apr/2025:12:42:11 +0300] "GET /alt=%22%22 HTTP/1.1" 403 199
::1 - - [05/Apr/2025:12:42:24 +0300] "GET /profile?user_id=2 HTTP/1.1" 200 1245
::1 - - [05/Apr/2025:12:42:24 +0300] "GET /alt=%22%22 HTTP/1.1" 403 199
::1 - - [05/Apr/2025:12:42:31 +0300] "GET /profile?user_id=e HTTP/1.1" 200 2714
::1 - - [05/Apr/2025:12:42:53 +0300] "GET /profile?user_id=e HTTP/1.1" 200 2941
::1 - - [05/Apr/2025:12:43:23 +0300] "GET /profile?user_id=5 HTTP/1.1" 200 2709
::1 - - [05/Apr/2025:12:44:23 +0300] "-" 408 -
::1 - - [05/Apr/2025:12:47:43 +0300] "GET /profile?user_id=5 HTTP/1.1" 200 812
::1 - - [05/Apr/2025:12:47:48 +0300] "GET /profile?user_id=2 HTTP/1.1" 200 1245
::1 - - [05/Apr/2025:12:47:48 +0300] "GET /alt=%22%22 HTTP/1.1" 403 199
::1 - - [05/Apr/2025:12:50:26 +0300] "GET /profile?user_id=4 HTTP/1.1" 200 1051
::1 - - [05/Apr/2025:12:51:26 +0300] "-" 408 -
::1 - - [05/Apr/2025:12:52:40 +0300] "GET /profile?user_id=4 HTTP/1.1" 200 1051
::1 - - [05/Apr/2025:12:52:42 +0300] "GET /profile?user_id=4 HTTP/1.1" 200 1051
::1 - - [05/Apr/2025:12:53:40 +0300] "-" 408 -
::1 - - [05/Apr/2025:12:54:23 +0300] "GET /profile?user_id=4 HTTP/1.1" 200 1059
::1 - - [05/Apr/2025:12:55:23 +0300] "-" 408 -
::1 - - [05/Apr/2025:12:58:01 +0300] "GET /profile?user_id=4 HTTP/1.1" 200 1274
::1 - - [05/Apr/2025:12:59:01 +0300] "-" 408 -
::1 - - [05/Apr/2025:13:00:03 +0300] "GET /profile?user_id=4 HTTP/1.1" 200 1044
::1 - - [05/Apr/2025:13:01:03 +0300] "-" 408 -
::1 - - [05/Apr/2025:13:39:12 +0300] "GET /profile?user_id=4 HTTP/1.1" 200 430
::1 - - [05/Apr/2025:13:39:28 +0300] "GET /profile?user_id=r HTTP/1.1" 200 429
::1 - - [05/Apr/2025:13:39:52 +0300] "GET /profile?user_id=r HTTP/1.1" 200 441
::1 - - [05/Apr/2025:13:40:52 +0300] "-" 408 -
::1 - - [05/Apr/2025:13:47:47 +0300] "GET /profile?user_id=r HTTP/1.1" 200 1047
::1 - - [05/Apr/2025:13:48:44 +0300] "GET /profile?user_id=r HTTP/1.1" 200 1047
::1 - - [05/Apr/2025:13:49:45 +0300] "-" 408 -
::1 - - [05/Apr/2025:13:50:43 +0300] "GET /profile?user_id=r HTTP/1.1" 200 1047
::1 - - [05/Apr/2025:13:50:44 +0300] "GET /profile?user_id=r HTTP/1.1" 200 1047
::1 - - [05/Apr/2025:13:50:48 +0300] "GET /profile?user_id=2 HTTP/1.1" 200 806
::1 - - [05/Apr/2025:13:51:43 +0300] "-" 408 -
::1 - - [05/Apr/2025:13:52:59 +0300] "GET /profile?user_id=2 HTTP/1.1" 200 806
::1 - - [05/Apr/2025:13:53:05 +0300] "GET /profile?user_id=i HTTP/1.1" 200 1047
::1 - - [05/Apr/2025:13:54:05 +0300] "-" 408 -
::1 - - [05/Apr/2025:13:55:17 +0300] "GET /profile?user_id=i HTTP/1.1" 200 884
::1 - - [05/Apr/2025:13:55:49 +0300] "GET /profile?user_id=i HTTP/1.1" 200 289
::1 - - [05/Apr/2025:13:56:30 +0300] "GET /profile?user_id=i HTTP/1.1" 200 289
::1 - - [05/Apr/2025:13:56:31 +0300] "GET /profile?user_id=i HTTP/1.1" 200 289
::1 - - [05/Apr/2025:13:57:30 +0300] "-" 408 -
::1 - - [05/Apr/2025:14:10:31 +0300] "GET /profile?user_id=i HTTP/1.1" 200 246
::1 - - [05/Apr/2025:14:10:32 +0300] "GET /profile?user_id=i HTTP/1.1" 200 246
::1 - - [05/Apr/2025:14:10:33 +0300] "GET /profile?user_id=i HTTP/1.1" 200 246
::1 - - [05/Apr/2025:14:10:37 +0300] "GET /profile?user_id=2 HTTP/1.1" 200 1239
::1 - - [05/Apr/2025:14:10:37 +0300] "GET /alt=%22%22 HTTP/1.1" 403 199
::1 - - [05/Apr/2025:14:10:48 +0300] "GET /profile?user_id=w HTTP/1.1" 200 246
::1 - - [05/Apr/2025:14:11:48 +0300] "-" 408 -
::1 - - [05/Apr/2025:14:12:33 +0300] "GET /profile?user_id=w HTTP/1.1" 200 234
::1 - - [05/Apr/2025:14:13:33 +0300] "-" 408 -
::1 - - [05/Apr/2025:14:13:37 +0300] "GET /profile?user_id=w HTTP/1.1" 200 234
::1 - - [05/Apr/2025:14:14:37 +0300] "-" 408 -
::1 - - [05/Apr/2025:14:22:33 +0300] "GET /profile?user_id=w HTTP/1.1" 200 2927
::1 - - [05/Apr/2025:14:22:41 +0300] "GET /profile?user_id=2 HTTP/1.1" 200 1238
::1 - - [05/Apr/2025:14:22:41 +0300] "GET /alt=%22%22 HTTP/1.1" 403 199
::1 - - [05/Apr/2025:17:59:47 +0300] "GET / HTTP/1.1" 200 18
::1 - - [05/Apr/2025:18:00:47 +0300] "-" 408 -
::1 - - [05/Apr/2025:18:02:21 +0300] "GET / HTTP/1.1" 200 138
::1 - - [05/Apr/2025:18:02:30 +0300] "GET /?qwe=12 HTTP/1.1" 200 18
::1 - - [05/Apr/2025:18:03:30 +0300] "-" 408 -
::1 - - [05/Apr/2025:18:07:25 +0300] "GET /?qwe=12 HTTP/1.1" 200 18
::1 - - [05/Apr/2025:18:08:17 +0300] "GET /?qwe=12 HTTP/1.1" 200 18
::1 - - [05/Apr/2025:18:08:37 +0300] "GET /?qwe=12 HTTP/1.1" 302 18
::1 - - [05/Apr/2025:18:09:56 +0300] "GET / HTTP/1.1" 302 138
::1 - - [05/Apr/2025:18:09:56 +0300] "GET /pages/test.php HTTP/1.1" 200 252
::1 - - [05/Apr/2025:18:09:58 +0300] "GET / HTTP/1.1" 302 138
::1 - - [05/Apr/2025:18:09:58 +0300] "GET /pages/test.php HTTP/1.1" 200 252
::1 - - [05/Apr/2025:18:10:23 +0300] "GET / HTTP/1.1" 302 138
::1 - - [05/Apr/2025:18:10:23 +0300] "GET /pages/test.php HTTP/1.1" 200 252
::1 - - [05/Apr/2025:18:11:18 +0300] "GET / HTTP/1.1" 200 138
::1 - - [05/Apr/2025:18:11:28 +0300] "GET /?qwe=12 HTTP/1.1" 200 18
::1 - - [05/Apr/2025:18:12:28 +0300] "-" 408 -
::1 - - [05/Apr/2025:18:13:16 +0300] "GET /?qwe=12 HTTP/1.1" 200 18
::1 - - [05/Apr/2025:18:13:42 +0300] "GET /?qwe=12 HTTP/1.1" 200 18
::1 - - [05/Apr/2025:18:14:08 +0300] "GET /?qwe=12 HTTP/1.1" 200 18
::1 - - [05/Apr/2025:18:14:09 +0300] "GET /?qwe=12 HTTP/1.1" 200 18
::1 - - [05/Apr/2025:18:14:23 +0300] "GET /?qwe=12 HTTP/1.1" 200 20
::1 - - [05/Apr/2025:18:14:41 +0300] "GET /?qwe=12 HTTP/1.1" 200 214
::1 - - [05/Apr/2025:18:15:27 +0300] "GET /?qwe=12 HTTP/1.1" 302 2
::1 - - [05/Apr/2025:18:15:27 +0300] "GET /pages/test.php HTTP/1.1" 200 252
::1 - - [05/Apr/2025:18:15:54 +0300] "GET /pages/test.php HTTP/1.1" 200 252
::1 - - [05/Apr/2025:18:16:00 +0300] "GET / HTTP/1.1" 200 470
::1 - - [05/Apr/2025:18:16:19 +0300] "GET /?qwe=12 HTTP/1.1" 200 214
::1 - - [05/Apr/2025:18:17:19 +0300] "-" 408 -
::1 - - [05/Apr/2025:18:17:51 +0300] "GET /?qwe=12 HTTP/1.1" 302 2
::1 - - [05/Apr/2025:18:17:51 +0300] "GET /pages/test.php HTTP/1.1" 200 252
::1 - - [05/Apr/2025:18:18:51 +0300] "-" 408 -
::1 - - [05/Apr/2025:18:26:01 +0300] "GET / HTTP/1.1" 200 470
::1 - - [05/Apr/2025:18:26:12 +0300] "GET /?qwe=12 HTTP/1.1" 302 -
::1 - - [05/Apr/2025:18:26:12 +0300] "GET /pages/test.php HTTP/1.1" 200 252
::1 - - [05/Apr/2025:18:27:03 +0300] "GET /pages/test.php HTTP/1.1" 200 252
::1 - - [05/Apr/2025:18:27:10 +0300] "GET / HTTP/1.1" 200 258
::1 - - [05/Apr/2025:18:27:11 +0300] "GET /?qwe=12 HTTP/1.1" 302 -
::1 - - [05/Apr/2025:18:27:11 +0300] "GET /pages/test.php HTTP/1.1" 200 252
::1 - - [05/Apr/2025:18:27:13 +0300] "GET /?qwe=12 HTTP/1.1" 302 -
::1 - - [05/Apr/2025:18:27:13 +0300] "GET /pages/test.php HTTP/1.1" 200 252
::1 - - [05/Apr/2025:18:27:21 +0300] "GET / HTTP/1.1" 200 258
::1 - - [05/Apr/2025:18:27:25 +0300] "GET /?qwe=12 HTTP/1.1" 302 -
::1 - - [05/Apr/2025:18:27:25 +0300] "GET /pages/test.php HTTP/1.1" 200 252
::1 - - [05/Apr/2025:18:27:27 +0300] "GET /?qwe=12 HTTP/1.1" 302 -
::1 - - [05/Apr/2025:18:27:27 +0300] "GET /pages/test.php HTTP/1.1" 200 252
::1 - - [05/Apr/2025:18:27:54 +0300] "GET /pages/test.php HTTP/1.1" 200 252
::1 - - [05/Apr/2025:18:28:00 +0300] "GET / HTTP/1.1" 200 258
::1 - - [05/Apr/2025:18:28:04 +0300] "GET /?qwe=12 HTTP/1.1" 302 -
::1 - - [05/Apr/2025:18:28:04 +0300] "GET /pages/test.php HTTP/1.1" 200 252
::1 - - [05/Apr/2025:18:28:06 +0300] "GET /?qwe=12 HTTP/1.1" 302 -
::1 - - [05/Apr/2025:18:28:06 +0300] "GET /pages/test.php HTTP/1.1" 200 252
::1 - - [05/Apr/2025:18:29:00 +0300] "-" 408 -
::1 - - [05/Apr/2025:18:29:08 +0300] "GET / HTTP/1.1" 200 258
::1 - - [05/Apr/2025:18:29:09 +0300] "GET /?qwe=12 HTTP/1.1" 302 4
::1 - - [05/Apr/2025:18:29:09 +0300] "GET /pages/test.php HTTP/1.1" 200 252
::1 - - [05/Apr/2025:18:29:11 +0300] "GET /?qwe=12 HTTP/1.1" 302 4
::1 - - [05/Apr/2025:18:29:11 +0300] "GET /pages/test.php HTTP/1.1" 200 252
::1 - - [05/Apr/2025:18:29:25 +0300] "GET / HTTP/1.1" 200 138
::1 - - [05/Apr/2025:18:29:26 +0300] "GET /?qwe=12 HTTP/1.1" 302 4
::1 - - [05/Apr/2025:18:29:26 +0300] "GET /pages/test.php HTTP/1.1" 200 252
::1 - - [05/Apr/2025:18:29:27 +0300] "GET /?qwe=12 HTTP/1.1" 302 4
::1 - - [05/Apr/2025:18:29:27 +0300] "GET /pages/test.php HTTP/1.1" 200 252
::1 - - [05/Apr/2025:18:30:27 +0300] "-" 408 -
::1 - - [05/Apr/2025:18:40:22 +0300] "GET / HTTP/1.1" 200 145
::1 - - [05/Apr/2025:18:40:26 +0300] "GET /?qwe=12 HTTP/1.1" 200 145
::1 - - [05/Apr/2025:18:40:29 +0300] "GET /?qwe=12 HTTP/1.1" 200 145
::1 - - [05/Apr/2025:18:41:22 +0300] "-" 408 -
::1 - - [05/Apr/2025:18:44:51 +0300] "GET / HTTP/1.1" 200 142
::1 - - [05/Apr/2025:18:44:55 +0300] "GET /?qwe=12 HTTP/1.1" 200 142
::1 - - [05/Apr/2025:18:44:57 +0300] "GET /?qwe=12 HTTP/1.1" 200 142
::1 - - [05/Apr/2025:18:45:57 +0300] "-" 408 -
::1 - - [05/Apr/2025:18:49:18 +0300] "GET /?qwe=12 HTTP/1.1" 200 140
::1 - - [05/Apr/2025:18:49:23 +0300] "GET /?qwe=12 HTTP/1.1" 200 140
::1 - - [05/Apr/2025:18:50:18 +0300] "-" 408 -
::1 - - [05/Apr/2025:18:50:18 +0300] "GET /?qwe=12 HTTP/1.1" 200 140
::1 - - [05/Apr/2025:18:50:23 +0300] "GET / HTTP/1.1" 200 140
::1 - - [05/Apr/2025:18:50:26 +0300] "GET /?qwe=12 HTTP/1.1" 200 140
::1 - - [05/Apr/2025:18:50:28 +0300] "GET /?qwe=12 HTTP/1.1" 200 140
::1 - - [05/Apr/2025:18:50:43 +0300] "GET /?user_id=12 HTTP/1.1" 302 -
::1 - - [05/Apr/2025:18:50:43 +0300] "GET /pages/test.php HTTP/1.1" 200 252
::1 - - [05/Apr/2025:18:51:01 +0300] "GET / HTTP/1.1" 200 142
::1 - - [05/Apr/2025:18:51:05 +0300] "GET /?qwe=12 HTTP/1.1" 200 142
::1 - - [05/Apr/2025:18:51:09 +0300] "GET /?user_id=12 HTTP/1.1" 200 232
::1 - - [05/Apr/2025:18:51:35 +0300] "GET /?user_id=12 HTTP/1.1" 302 -
::1 - - [05/Apr/2025:18:51:35 +0300] "GET /pages/test.php HTTP/1.1" 200 252
::1 - - [05/Apr/2025:18:52:35 +0300] "-" 408 -
::1 - - [05/Apr/2025:18:53:22 +0300] "GET /pages/test.php HTTP/1.1" 200 252
::1 - - [05/Apr/2025:18:53:29 +0300] "GET / HTTP/1.1" 200 140
::1 - - [05/Apr/2025:18:53:30 +0300] "GET /?qwe=12 HTTP/1.1" 200 140
::1 - - [05/Apr/2025:18:53:36 +0300] "GET /?user_id=12 HTTP/1.1" 302 -
::1 - - [05/Apr/2025:18:53:36 +0300] "GET /pages/test.php HTTP/1.1" 200 252
::1 - - [05/Apr/2025:18:54:36 +0300] "-" 408 -
::1 - - [05/Apr/2025:19:36:51 +0300] "GET / HTTP/1.1" 302 140
::1 - - [05/Apr/2025:19:36:51 +0300] "GET /pages/test.php HTTP/1.1" 200 252
::1 - - [05/Apr/2025:19:36:59 +0300] "GET / HTTP/1.1" 302 140
::1 - - [05/Apr/2025:19:36:59 +0300] "GET /pages/test.php HTTP/1.1" 200 252
::1 - - [05/Apr/2025:19:37:12 +0300] "GET / HTTP/1.1" 302 140
::1 - - [05/Apr/2025:19:37:12 +0300] "GET /pages/test.php HTTP/1.1" 200 252
::1 - - [05/Apr/2025:19:37:55 +0300] "GET /pages/test.php HTTP/1.1" 200 252
::1 - - [05/Apr/2025:19:38:01 +0300] "GET / HTTP/1.1" 302 140
::1 - - [05/Apr/2025:19:38:01 +0300] "GET /pages/test.php HTTP/1.1" 200 252
::1 - - [05/Apr/2025:19:43:19 +0300] "GET /pages/test.php HTTP/1.1" 200 252
::1 - - [05/Apr/2025:19:43:25 +0300] "GET / HTTP/1.1" 200 141
::1 - - [05/Apr/2025:19:43:30 +0300] "GET /?qwe=12 HTTP/1.1" 200 141
::1 - - [05/Apr/2025:19:43:35 +0300] "GET /?user_id=12 HTTP/1.1" 200 -
::1 - - [05/Apr/2025:19:43:39 +0300] "GET /?user_id=12 HTTP/1.1" 200 -
::1 - - [05/Apr/2025:19:43:52 +0300] "GET /?user_id=12 HTTP/1.1" 200 9
::1 - - [05/Apr/2025:19:44:24 +0300] "GET / HTTP/1.1" 200 141
::1 - - [05/Apr/2025:19:44:28 +0300] "GET /?qwe=12 HTTP/1.1" 200 141
::1 - - [05/Apr/2025:19:44:38 +0300] "GET /?user_id=12 HTTP/1.1" 200 9
::1 - - [05/Apr/2025:19:45:38 +0300] "-" 408 -
::1 - - [05/Apr/2025:19:46:34 +0300] "GET /?user_id=12 HTTP/1.1" 302 -
::1 - - [05/Apr/2025:19:46:34 +0300] "GET /pages/test.php HTTP/1.1" 200 252
::1 - - [05/Apr/2025:19:47:03 +0300] "GET / HTTP/1.1" 302 141
::1 - - [05/Apr/2025:19:47:03 +0300] "GET /pages/test.php HTTP/1.1" 200 252
::1 - - [05/Apr/2025:19:47:59 +0300] "GET / HTTP/1.1" 302 141
::1 - - [05/Apr/2025:19:47:59 +0300] "GET /pages/test.php HTTP/1.1" 200 252
::1 - - [05/Apr/2025:19:50:23 +0300] "GET / HTTP/1.1" 302 2
::1 - - [05/Apr/2025:19:50:23 +0300] "GET /pages/test.php HTTP/1.1" 200 252
::1 - - [05/Apr/2025:19:50:52 +0300] "GET /pages/test.php HTTP/1.1" 200 252
::1 - - [05/Apr/2025:19:50:58 +0300] "GET / HTTP/1.1" 302 2
::1 - - [05/Apr/2025:19:50:58 +0300] "GET /pages/test.php HTTP/1.1" 200 252
::1 - - [05/Apr/2025:19:51:02 +0300] "GET /pages/test.php HTTP/1.1" 200 252
::1 - - [05/Apr/2025:19:51:08 +0300] "GET / HTTP/1.1" 302 2
::1 - - [05/Apr/2025:19:51:08 +0300] "GET /pages/test.php HTTP/1.1" 200 252
::1 - - [05/Apr/2025:19:51:09 +0300] "GET /?qwe=12 HTTP/1.1" 302 2
::1 - - [05/Apr/2025:19:51:09 +0300] "GET /pages/test.php HTTP/1.1" 200 252
::1 - - [05/Apr/2025:19:51:11 +0300] "GET /?qwe=12 HTTP/1.1" 302 2
::1 - - [05/Apr/2025:19:51:11 +0300] "GET /pages/test.php HTTP/1.1" 200 252
::1 - - [05/Apr/2025:19:52:11 +0300] "-" 408 -
::1 - - [05/Apr/2025:19:52:25 +0300] "GET / HTTP/1.1" 302 2
::1 - - [05/Apr/2025:19:52:25 +0300] "GET /pages/test.php HTTP/1.1" 200 252
::1 - - [05/Apr/2025:19:53:16 +0300] "GET /pages/test.php HTTP/1.1" 200 252
::1 - - [05/Apr/2025:19:53:22 +0300] "GET / HTTP/1.1" 302 143
::1 - - [05/Apr/2025:19:53:22 +0300] "GET /pages/test.php HTTP/1.1" 200 252
::1 - - [05/Apr/2025:19:54:22 +0300] "-" 408 -
::1 - - [05/Apr/2025:19:55:13 +0300] "GET / HTTP/1.1" 302 143
::1 - - [05/Apr/2025:19:55:13 +0300] "GET /pages/test.php HTTP/1.1" 200 252
::1 - - [05/Apr/2025:19:56:13 +0300] "-" 408 -
::1 - - [05/Apr/2025:20:00:17 +0300] "GET /pag11111 HTTP/1.1" 302 143
::1 - - [05/Apr/2025:20:00:17 +0300] "GET /pages/test.php HTTP/1.1" 200 252
::1 - - [05/Apr/2025:20:01:17 +0300] "-" 408 -
::1 - - [05/Apr/2025:20:06:45 +0300] "GET / HTTP/1.1" 302 143
::1 - - [05/Apr/2025:20:06:45 +0300] "GET /pages/test.php HTTP/1.1" 200 252
::1 - - [05/Apr/2025:20:06:50 +0300] "GET /pages/test.php HTTP/1.1" 200 252
::1 - - [05/Apr/2025:20:07:50 +0300] "-" 408 -
::1 - - [05/Apr/2025:20:09:23 +0300] "GET /pages/test.php HTTP/1.1" 200 252
::1 - - [05/Apr/2025:20:09:29 +0300] "GET / HTTP/1.1" 302 143
::1 - - [05/Apr/2025:20:09:29 +0300] "GET /pages/test.php HTTP/1.1" 200 252
::1 - - [05/Apr/2025:20:15:37 +0300] "GET / HTTP/1.1" 200 143
::1 - - [05/Apr/2025:20:16:02 +0300] "GET /?qwe=12 HTTP/1.1" 200 143
::1 - - [05/Apr/2025:20:16:06 +0300] "GET /?user_id=12 HTTP/1.1" 200 4
::1 - - [05/Apr/2025:20:16:17 +0300] "GET /?user_id=12 HTTP/1.1" 200 22
::1 - - [05/Apr/2025:20:16:27 +0300] "GET /?user_id=12 HTTP/1.1" 200 153
::1 - - [05/Apr/2025:20:17:18 +0300] "GET /?user_id=12 HTTP/1.1" 200 22
::1 - - [05/Apr/2025:20:17:23 +0300] "GET /?user_id=11 HTTP/1.1" 200 36
::1 - - [05/Apr/2025:20:17:27 +0300] "GET /?user_id=11 HTTP/1.1" 200 36
::1 - - [05/Apr/2025:20:17:52 +0300] "GET /?user_id=11 HTTP/1.1" 200 16
::1 - - [05/Apr/2025:20:17:57 +0300] "GET /?user_id=12 HTTP/1.1" 200 22
::1 - - [05/Apr/2025:20:18:33 +0300] "GET /?user_id=12 HTTP/1.1" 302 4
::1 - - [05/Apr/2025:20:18:33 +0300] "GET /pages/test.php HTTP/1.1" 200 252
::1 - - [05/Apr/2025:20:18:39 +0300] "GET / HTTP/1.1" 302 16
::1 - - [05/Apr/2025:20:18:39 +0300] "GET /pages/test.php HTTP/1.1" 200 252
::1 - - [05/Apr/2025:20:18:44 +0300] "GET / HTTP/1.1" 302 16
::1 - - [05/Apr/2025:20:18:44 +0300] "GET /pages/test.php HTTP/1.1" 200 252
::1 - - [05/Apr/2025:20:18:50 +0300] "GET /?qwe=12 HTTP/1.1" 302 16
::1 - - [05/Apr/2025:20:18:50 +0300] "GET /pages/test.php HTTP/1.1" 200 252
::1 - - [05/Apr/2025:20:18:55 +0300] "GET /?user_id=11 HTTP/1.1" 302 16
::1 - - [05/Apr/2025:20:18:55 +0300] "GET /pages/test.php HTTP/1.1" 200 252
::1 - - [05/Apr/2025:20:19:46 +0300] "GET / HTTP/1.1" 302 16
::1 - - [05/Apr/2025:20:19:46 +0300] "GET /pages/test.php HTTP/1.1" 200 252
::1 - - [05/Apr/2025:20:19:47 +0300] "GET /?qwe=12 HTTP/1.1" 302 16
::1 - - [05/Apr/2025:20:19:47 +0300] "GET /pages/test.php HTTP/1.1" 200 252
::1 - - [05/Apr/2025:20:19:49 +0300] "GET /?user_id=12 HTTP/1.1" 302 4
::1 - - [05/Apr/2025:20:19:49 +0300] "GET /pages/test.php HTTP/1.1" 200 252
::1 - - [05/Apr/2025:20:19:49 +0300] "GET /?user_id=11 HTTP/1.1" 302 16
::1 - - [05/Apr/2025:20:19:50 +0300] "GET /pages/test.php HTTP/1.1" 200 252
::1 - - [05/Apr/2025:20:20:50 +0300] "-" 408 -
::1 - - [05/Apr/2025:22:16:32 +0300] "GET /pages/test.php HTTP/1.1" 200 252
::1 - - [05/Apr/2025:22:16:48 +0300] "GET /pages/test.php HTTP/1.1" 200 252
::1 - - [05/Apr/2025:22:16:48 +0300] "GET /pages/test.php HTTP/1.1" 200 252
::1 - - [05/Apr/2025:22:16:55 +0300] "GET / HTTP/1.1" 200 995
::1 - - [05/Apr/2025:22:17:04 +0300] "GET /profile HTTP/1.1" 200 3068
::1 - - [05/Apr/2025:22:17:04 +0300] "GET /css/profile.css HTTP/1.1" 304 -
::1 - - [05/Apr/2025:22:17:04 +0300] "GET /css/header.css HTTP/1.1" 304 -
::1 - - [05/Apr/2025:22:17:04 +0300] "GET /css/menu.css HTTP/1.1" 304 -
::1 - - [05/Apr/2025:22:18:00 +0300] "GET /profile HTTP/1.1" 200 1035
::1 - - [05/Apr/2025:22:18:00 +0300] "GET /home.php HTTP/1.1" 200 42
::1 - - [05/Apr/2025:22:18:20 +0300] "GET /home HTTP/1.1" 200 2666
::1 - - [05/Apr/2025:22:18:20 +0300] "GET /css/home.css HTTP/1.1" 304 -
::1 - - [05/Apr/2025:22:18:23 +0300] "GET / HTTP/1.1" 200 995
::1 - - [05/Apr/2025:22:18:25 +0300] "GET /profile HTTP/1.1" 200 1031
::1 - - [05/Apr/2025:22:18:25 +0300] "GET /home HTTP/1.1" 200 2666
::1 - - [05/Apr/2025:22:20:52 +0300] "GET /profile HTTP/1.1" 200 994
::1 - - [05/Apr/2025:22:20:52 +0300] "GET /home HTTP/1.1" 200 2666
::1 - - [05/Apr/2025:22:20:54 +0300] "GET /profile?user_id=2 HTTP/1.1" 200 1246
::1 - - [05/Apr/2025:22:20:54 +0300] "GET /alt=%22%22 HTTP/1.1" 403 199
::1 - - [05/Apr/2025:22:20:56 +0300] "GET /profile?user_id=2 HTTP/1.1" 200 1246
::1 - - [05/Apr/2025:22:20:56 +0300] "GET /alt=%22%22 HTTP/1.1" 403 199
::1 - - [05/Apr/2025:22:21:00 +0300] "GET /profile?user_id=1 HTTP/1.1" 200 2935
::1 - - [05/Apr/2025:22:21:05 +0300] "GET /profile?user_id=e HTTP/1.1" 200 861
::1 - - [05/Apr/2025:22:21:05 +0300] "GET /home HTTP/1.1" 200 2666
::1 - - [10/Apr/2025:09:11:33 +0300] "GET /favicon.ico HTTP/1.1" 200 59
::1 - - [10/Apr/2025:09:11:38 +0300] "GET / HTTP/1.1" 200 1012
::1 - - [10/Apr/2025:09:11:38 +0300] "GET /css/login.css HTTP/1.1" 200 1123
::1 - - [10/Apr/2025:09:11:38 +0300] "GET /images/icons/login.jpg HTTP/1.1" 200 255386
::1 - - [10/Apr/2025:09:11:38 +0300] "GET /fonts/golos-ui_regular.woff2 HTTP/1.1" 304 -
::1 - - [10/Apr/2025:09:11:38 +0300] "GET /favicon.ico HTTP/1.1" 200 59
::1 - - [10/Apr/2025:09:11:38 +0300] "GET /favicon.ico HTTP/1.1" 200 59
::1 - - [10/Apr/2025:10:07:49 +0300] "GET / HTTP/1.1" 200 338
::1 - - [10/Apr/2025:10:08:49 +0300] "-" 408 -
::1 - - [10/Apr/2025:10:26:33 +0300] "GET / HTTP/1.1" 200 485
::1 - - [10/Apr/2025:10:27:33 +0300] "-" 408 -
::1 - - [10/Apr/2025:10:27:53 +0300] "GET / HTTP/1.1" 200 485
::1 - - [10/Apr/2025:10:27:54 +0300] "GET / HTTP/1.1" 200 485
::1 - - [10/Apr/2025:10:28:53 +0300] "-" 408 -
::1 - - [10/Apr/2025:10:32:47 +0300] "GET / HTTP/1.1" 200 485
::1 - - [10/Apr/2025:10:32:48 +0300] "GET / HTTP/1.1" 200 485
::1 - - [10/Apr/2025:10:33:47 +0300] "-" 408 -
::1 - - [10/Apr/2025:10:35:16 +0300] "GET / HTTP/1.1" 200 485
::1 - - [10/Apr/2025:10:35:46 +0300] "GET / HTTP/1.1" 200 485
::1 - - [10/Apr/2025:10:35:47 +0300] "GET / HTTP/1.1" 200 485
::1 - - [10/Apr/2025:10:36:45 +0300] "GET / HTTP/1.1" 200 485
::1 - - [10/Apr/2025:10:36:46 +0300] "GET / HTTP/1.1" 200 485
::1 - - [10/Apr/2025:10:37:45 +0300] "-" 408 -
::1 - - [10/Apr/2025:10:39:09 +0300] "GET / HTTP/1.1" 200 555
::1 - - [10/Apr/2025:10:40:09 +0300] "-" 408 -
::1 - - [10/Apr/2025:10:40:42 +0300] "GET / HTTP/1.1" 200 555
::1 - - [10/Apr/2025:10:40:43 +0300] "GET / HTTP/1.1" 200 555
::1 - - [10/Apr/2025:10:41:30 +0300] "GET / HTTP/1.1" 200 555
::1 - - [10/Apr/2025:10:41:31 +0300] "GET / HTTP/1.1" 200 555
::1 - - [10/Apr/2025:10:42:30 +0300] "-" 408 -
::1 - - [10/Apr/2025:10:48:23 +0300] "GET / HTTP/1.1" 200 555
::1 - - [10/Apr/2025:10:54:32 +0300] "GET / HTTP/1.1" 200 555
::1 - - [10/Apr/2025:10:55:05 +0300] "GET / HTTP/1.1" 200 555
::1 - - [10/Apr/2025:10:55:53 +0300] "GET / HTTP/1.1" 200 550
::1 - - [10/Apr/2025:11:00:21 +0300] "GET / HTTP/1.1" 200 550
::1 - - [10/Apr/2025:11:05:56 +0300] "GET / HTTP/1.1" 200 550
::1 - - [10/Apr/2025:11:07:45 +0300] "GET / HTTP/1.1" 200 550
::1 - - [10/Apr/2025:11:07:46 +0300] "GET / HTTP/1.1" 200 550
::1 - - [10/Apr/2025:11:08:45 +0300] "-" 408 -
::1 - - [10/Apr/2025:11:09:01 +0300] "GET / HTTP/1.1" 200 550
::1 - - [10/Apr/2025:11:09:02 +0300] "GET / HTTP/1.1" 200 550
::1 - - [10/Apr/2025:11:10:01 +0300] "-" 408 -
::1 - - [10/Apr/2025:11:13:39 +0300] "GET / HTTP/1.1" 200 77853
::1 - - [10/Apr/2025:11:14:39 +0300] "-" 408 -
::1 - - [10/Apr/2025:11:15:08 +0300] "GET / HTTP/1.1" 200 77853
::1 - - [10/Apr/2025:11:15:10 +0300] "GET / HTTP/1.1" 200 77853
::1 - - [10/Apr/2025:11:15:32 +0300] "GET / HTTP/1.1" 200 73268
::1 - - [10/Apr/2025:11:22:58 +0300] "GET / HTTP/1.1" 200 77850
::1 - - [10/Apr/2025:11:23:01 +0300] "GET / HTTP/1.1" 200 77850
::1 - - [10/Apr/2025:11:23:38 +0300] "GET / HTTP/1.1" 200 77851
::1 - - [10/Apr/2025:11:23:39 +0300] "GET / HTTP/1.1" 200 77851
::1 - - [10/Apr/2025:11:24:04 +0300] "GET / HTTP/1.1" 200 73268
::1 - - [10/Apr/2025:11:25:01 +0300] "GET / HTTP/1.1" 200 73268
::1 - - [10/Apr/2025:11:26:01 +0300] "-" 408 -
::1 - - [10/Apr/2025:11:30:01 +0300] "GET / HTTP/1.1" 200 72980
::1 - - [10/Apr/2025:11:31:01 +0300] "-" 408 -
::1 - - [10/Apr/2025:11:35:40 +0300] "GET / HTTP/1.1" 200 29
::1 - - [10/Apr/2025:11:36:06 +0300] "GET / HTTP/1.1" 200 169
::1 - - [10/Apr/2025:11:36:15 +0300] "GET / HTTP/1.1" 200 159
::1 - - [10/Apr/2025:11:36:47 +0300] "GET / HTTP/1.1" 200 159
::1 - - [10/Apr/2025:11:36:55 +0300] "GET / HTTP/1.1" 200 169
::1 - - [10/Apr/2025:11:37:14 +0300] "GET / HTTP/1.1" 200 231
::1 - - [10/Apr/2025:11:37:56 +0300] "GET / HTTP/1.1" 200 387
::1 - - [10/Apr/2025:11:38:12 +0300] "GET / HTTP/1.1" 200 1370
::1 - - [10/Apr/2025:11:38:20 +0300] "GET / HTTP/1.1" 200 1168
::1 - - [10/Apr/2025:11:39:20 +0300] "-" 408 -
::1 - - [10/Apr/2025:22:36:09 +0300] "GET / HTTP/1.1" 200 566
::1 - - [10/Apr/2025:22:37:09 +0300] "-" 408 -
::1 - - [10/Apr/2025:22:37:09 +0300] "GET / HTTP/1.1" 200 566
::1 - - [10/Apr/2025:22:37:37 +0300] "GET / HTTP/1.1" 200 566
::1 - - [10/Apr/2025:22:37:38 +0300] "GET / HTTP/1.1" 200 566
::1 - - [10/Apr/2025:22:37:46 +0300] "GET / HTTP/1.1" 200 73271
::1 - - [10/Apr/2025:22:38:46 +0300] "-" 408 -
::1 - - [10/Apr/2025:22:43:49 +0300] "GET / HTTP/1.1" 200 73271
::1 - - [10/Apr/2025:22:44:12 +0300] "GET / HTTP/1.1" 200 73271
::1 - - [10/Apr/2025:22:45:12 +0300] "-" 408 -
::1 - - [10/Apr/2025:22:46:09 +0300] "GET / HTTP/1.1" 200 74120
::1 - - [10/Apr/2025:22:47:09 +0300] "-" 408 -
::1 - - [10/Apr/2025:22:49:43 +0300] "GET / HTTP/1.1" 200 1168
::1 - - [10/Apr/2025:22:50:17 +0300] "GET / HTTP/1.1" 200 1168
::1 - - [10/Apr/2025:22:51:17 +0300] "-" 408 -
::1 - - [10/Apr/2025:22:51:30 +0300] "GET / HTTP/1.1" 200 1061
::1 - - [10/Apr/2025:22:52:18 +0300] "GET / HTTP/1.1" 200 1481
::1 - - [10/Apr/2025:22:53:18 +0300] "-" 408 -
::1 - - [10/Apr/2025:22:55:14 +0300] "GET / HTTP/1.1" 200 1481
::1 - - [10/Apr/2025:22:56:14 +0300] "-" 408 -
::1 - - [10/Apr/2025:22:57:06 +0300] "GET / HTTP/1.1" 200 1588
::1 - - [10/Apr/2025:22:58:06 +0300] "-" 408 -
::1 - - [10/Apr/2025:22:58:14 +0300] "GET / HTTP/1.1" 200 1433
::1 - - [10/Apr/2025:22:58:40 +0300] "GET / HTTP/1.1" 200 1013
::1 - - [10/Apr/2025:22:58:42 +0300] "GET / HTTP/1.1" 200 1013
::1 - - [10/Apr/2025:22:59:40 +0300] "-" 408 -
::1 - - [10/Apr/2025:23:03:43 +0300] "GET / HTTP/1.1" 200 1013
::1 - - [10/Apr/2025:23:04:02 +0300] "GET / HTTP/1.1" 200 1013
::1 - - [10/Apr/2025:23:04:10 +0300] "GET / HTTP/1.1" 200 1156
::1 - - [10/Apr/2025:23:04:21 +0300] "GET / HTTP/1.1" 200 1432
::1 - - [10/Apr/2025:23:05:21 +0300] "-" 408 -
::1 - - [10/Apr/2025:23:08:01 +0300] "GET / HTTP/1.1" 200 1589
::1 - - [10/Apr/2025:23:09:01 +0300] "-" 408 -
::1 - - [10/Apr/2025:23:09:52 +0300] "GET / HTTP/1.1" 200 1940
::1 - - [10/Apr/2025:23:10:16 +0300] "GET / HTTP/1.1" 200 1169
::1 - - [10/Apr/2025:23:10:23 +0300] "GET / HTTP/1.1" 200 1783
::1 - - [10/Apr/2025:23:11:23 +0300] "-" 408 -
::1 - - [10/Apr/2025:23:13:06 +0300] "GET / HTTP/1.1" 200 1412
::1 - - [10/Apr/2025:23:14:06 +0300] "-" 408 -
::1 - - [10/Apr/2025:23:14:26 +0300] "GET / HTTP/1.1" 200 2647
::1 - - [10/Apr/2025:23:15:26 +0300] "-" 408 -
::1 - - [10/Apr/2025:23:17:33 +0300] "GET / HTTP/1.1" 200 1743
::1 - - [16/Apr/2025:13:15:58 +0300] "GET /favicon.ico HTTP/1.1" 200 790
::1 - - [16/Apr/2025:13:15:58 +0300] "GET / HTTP/1.1" 200 1743
::1 - - [16/Apr/2025:13:15:58 +0300] "GET /css/login.css HTTP/1.1" 200 1123
::1 - - [16/Apr/2025:13:15:58 +0300] "GET /images/icons/login.jpg HTTP/1.1" 200 255386
::1 - - [16/Apr/2025:13:15:59 +0300] "GET /fonts/golos-ui_regular.woff2 HTTP/1.1" 200 29640
::1 - - [16/Apr/2025:13:15:59 +0300] "GET /favicon.ico HTTP/1.1" 200 790
::1 - - [16/Apr/2025:13:15:59 +0300] "GET /favicon.ico HTTP/1.1" 200 790
::1 - - [16/Apr/2025:13:16:24 +0300] "GET /db/json/posts.json HTTP/1.1" 200 687
::1 - - [16/Apr/2025:13:20:44 +0300] "GET /db/json/posts.json HTTP/1.1" 200 687
::1 - - [16/Apr/2025:13:21:28 +0300] "GET /db/json/posts.json HTTP/1.1" 200 687
::1 - - [16/Apr/2025:13:21:46 +0300] "GET /db/json/posts HTTP/1.1" 200 790
::1 - - [16/Apr/2025:19:28:01 +0300] "GET /favicon.ico HTTP/1.1" 200 790
::1 - - [16/Apr/2025:19:28:04 +0300] "GET / HTTP/1.1" 200 1743
::1 - - [16/Apr/2025:19:28:04 +0300] "GET /css/login.css HTTP/1.1" 200 1123
::1 - - [16/Apr/2025:19:28:04 +0300] "GET /images/icons/login.jpg HTTP/1.1" 200 255386
::1 - - [16/Apr/2025:19:28:04 +0300] "GET /fonts/golos-ui_regular.woff2 HTTP/1.1" 200 29640
::1 - - [16/Apr/2025:19:28:04 +0300] "GET /favicon.ico HTTP/1.1" 200 790
::1 - - [16/Apr/2025:19:28:04 +0300] "GET /favicon.ico HTTP/1.1" 200 790
::1 - - [16/Apr/2025:19:28:39 +0300] "GET /lection_pohui/view_post.php HTTP/1.1" 200 790
::1 - - [16/Apr/2025:19:29:39 +0300] "-" 408 -
::1 - - [16/Apr/2025:19:30:35 +0300] "GET /vp HTTP/1.1" 200 1356
::1 - - [16/Apr/2025:19:30:52 +0300] "GET /vp HTTP/1.1" 200 1226
::1 - - [16/Apr/2025:19:31:00 +0300] "GET /vp HTTP/1.1" 200 1356
::1 - - [16/Apr/2025:19:31:12 +0300] "GET /vp HTTP/1.1" 200 989
::1 - - [16/Apr/2025:19:31:26 +0300] "GET /vp HTTP/1.1" 200 987
::1 - - [16/Apr/2025:19:32:26 +0300] "-" 408 -
::1 - - [16/Apr/2025:19:36:22 +0300] "GET /vp HTTP/1.1" 200 987
::1 - - [16/Apr/2025:19:36:23 +0300] "GET /vp HTTP/1.1" 200 987
::1 - - [16/Apr/2025:19:37:22 +0300] "-" 408 -
::1 - - [16/Apr/2025:19:38:38 +0300] "GET /vp HTTP/1.1" 200 987
::1 - - [16/Apr/2025:19:39:01 +0300] "GET /vp HTTP/1.1" 200 256
::1 - - [16/Apr/2025:19:39:17 +0300] "GET /vp HTTP/1.1" 200 256
::1 - - [16/Apr/2025:19:40:17 +0300] "-" 408 -
::1 - - [16/Apr/2025:20:46:05 +0300] "GET /home HTTP/1.1" 200 2683
::1 - - [16/Apr/2025:20:46:05 +0300] "GET /css/home.css HTTP/1.1" 200 1466
::1 - - [16/Apr/2025:20:46:05 +0300] "GET /css/header.css HTTP/1.1" 200 138
::1 - - [16/Apr/2025:20:46:05 +0300] "GET /css/menu.css HTTP/1.1" 200 508
::1 - - [16/Apr/2025:20:46:05 +0300] "GET /static/v2/images/icons/edit_icon.png HTTP/1.1" 200 1006
::1 - - [16/Apr/2025:20:46:05 +0300] "GET /static/v2/images/users/Vanya_Denisov/post_5.jpg HTTP/1.1" 200 403168
::1 - - [16/Apr/2025:20:46:05 +0300] "GET /images/icons/home_icon.png HTTP/1.1" 200 493
::1 - - [16/Apr/2025:20:46:05 +0300] "GET /images/icons/user_icon.png HTTP/1.1" 200 446
::1 - - [16/Apr/2025:20:46:05 +0300] "GET /images/icons/add_icon.png HTTP/1.1" 200 200
::1 - - [16/Apr/2025:20:46:05 +0300] "GET /static/v2/images/users/Vanya_Denisov/post_3.jpg HTTP/1.1" 200 4159812
::1 - - [16/Apr/2025:20:46:05 +0300] "GET /static/v2/images/users/Vanya_Denisov/post_2.jpg HTTP/1.1" 200 9471204
::1 - - [16/Apr/2025:20:46:27 +0300] "GET /home HTTP/1.1" 200 1150
::1 - - [16/Apr/2025:20:47:27 +0300] "-" 408 -
::1 - - [16/Apr/2025:20:49:13 +0300] "GET /home HTTP/1.1" 200 2662
::1 - - [16/Apr/2025:21:38:38 +0300] "GET /home HTTP/1.1" 200 2662
::1 - - [16/Apr/2025:21:38:45 +0300] "GET /home HTTP/1.1" 200 2662
::1 - - [16/Apr/2025:21:39:07 +0300] "GET /profile?user_id=2 HTTP/1.1" 200 1246
::1 - - [16/Apr/2025:21:39:07 +0300] "GET /css/profile.css HTTP/1.1" 200 1316
::1 - - [16/Apr/2025:21:39:07 +0300] "GET /alt=%22%22 HTTP/1.1" 403 199
::1 - - [16/Apr/2025:21:39:07 +0300] "GET /static/v2/images/icons/posts_icon.png HTTP/1.1" 200 402
::1 - - [17/Apr/2025:08:15:49 +0300] "GET /favicon.ico HTTP/1.1" 200 700
::1 - - [17/Apr/2025:08:15:57 +0300] "GET / HTTP/1.1" 200 700
::1 - - [17/Apr/2025:08:16:02 +0300] "GET /favicon.ico HTTP/1.1" 200 700
::1 - - [17/Apr/2025:08:16:06 +0300] "GET /favicon.ico HTTP/1.1" 200 700
::1 - - [17/Apr/2025:08:17:07 +0300] "GET / HTTP/1.1" 200 991
::1 - - [17/Apr/2025:08:17:17 +0300] "GET /home HTTP/1.1" 200 2662
::1 - - [17/Apr/2025:08:35:27 +0300] "GET /cgi-bin/hw31.cgi HTTP/1.1" 403 199
::1 - - [17/Apr/2025:08:35:28 +0300] "GET /cgi-bin/hw31.cgi HTTP/1.1" 403 199
::1 - - [17/Apr/2025:08:35:40 +0300] "GET /cgi-bin/hello.cgi HTTP/1.1" 403 199
::1 - - [17/Apr/2025:08:35:41 +0300] "GET /cgi-bin/hello.cgi HTTP/1.1" 403 199
::1 - - [17/Apr/2025:08:36:41 +0300] "-" 408 -
::1 - - [17/Apr/2025:08:44:15 +0300] "GET /cgi-bin/hello.cgi HTTP/1.1" 500 530
::1 - - [17/Apr/2025:08:44:31 +0300] "GET /cgi-bin/hello.cgi HTTP/1.1" 500 530
::1 - - [17/Apr/2025:08:44:42 +0300] "GET /cgi-bin/hello.cgi HTTP/1.1" 500 530
::1 - - [17/Apr/2025:08:44:43 +0300] "GET /cgi-bin/hello.cgi HTTP/1.1" 500 530
::1 - - [17/Apr/2025:08:45:38 +0300] "GET /cgi-bin/hello.cgi HTTP/1.1" 500 530
::1 - - [17/Apr/2025:08:46:38 +0300] "-" 408 -
::1 - - [17/Apr/2025:08:46:46 +0300] "GET /cgi-bin/hello.cgi HTTP/1.1" 500 530
::1 - - [17/Apr/2025:08:46:47 +0300] "GET /cgi-bin/hello.cgi HTTP/1.1" 500 530
::1 - - [17/Apr/2025:08:47:21 +0300] "GET /cgi-bin/hello.cgi HTTP/1.1" 500 530
::1 - - [17/Apr/2025:08:47:27 +0300] "GET /cgi-bin/ HTTP/1.1" 500 530
::1 - - [17/Apr/2025:08:48:27 +0300] "-" 408 -
::1 - - [17/Apr/2025:08:48:27 +0300] "-" 408 -
::1 - - [17/Apr/2025:08:48:50 +0300] "GET /cgi-bin/ HTTP/1.1" 500 530
::1 - - [17/Apr/2025:08:49:05 +0300] "GET /cgi-bin/ HTTP/1.1" 500 530
::1 - - [17/Apr/2025:08:49:25 +0300] "GET /cgi-bin/ HTTP/1.1" 500 530
::1 - - [17/Apr/2025:08:49:28 +0300] "GET /cgi-bin/hello.cgi HTTP/1.1" 500 530
::1 - - [17/Apr/2025:08:49:31 +0300] "GET /cgi-bin/hello.cgi HTTP/1.1" 500 530
::1 - - [17/Apr/2025:08:50:52 +0300] "GET /cgi-bin/hello.cgi HTTP/1.1" 500 530
::1 - - [17/Apr/2025:08:51:52 +0300] "-" 408 -
::1 - - [17/Apr/2025:08:52:52 +0300] "GET /cgi-bin/ HTTP/1.1" 500 530
::1 - - [17/Apr/2025:08:52:54 +0300] "GET / HTTP/1.1" 500 530
::1 - - [17/Apr/2025:08:52:57 +0300] "GET / HTTP/1.1" 500 530
::1 - - [17/Apr/2025:08:53:03 +0300] "GET / HTTP/1.1" 200 991
::1 - - [17/Apr/2025:08:53:36 +0300] "GET / HTTP/1.1" 200 991
::1 - - [17/Apr/2025:08:54:36 +0300] "-" 408 -
::1 - - [17/Apr/2025:09:12:39 +0300] "GET / HTTP/1.1" 200 38
::1 - - [17/Apr/2025:09:13:24 +0300] "GET / HTTP/1.1" 200 54
::1 - - [17/Apr/2025:09:13:53 +0300] "GET / HTTP/1.1" 200 55
::1 - - [17/Apr/2025:09:14:06 +0300] "GET / HTTP/1.1" 200 55
::1 - - [17/Apr/2025:09:14:16 +0300] "GET /home HTTP/1.1" 200 59
::1 - - [17/Apr/2025:09:14:55 +0300] "GET /home HTTP/1.1" 200 56
::1 - - [17/Apr/2025:09:15:55 +0300] "-" 408 -
::1 - - [17/Apr/2025:09:16:12 +0300] "GET /home HTTP/1.1" 200 2715
::1 - - [17/Apr/2025:09:17:12 +0300] "-" 408 -
::1 - - [17/Apr/2025:09:17:23 +0300] "GET /home HTTP/1.1" 200 2715
::1 - - [17/Apr/2025:09:17:27 +0300] "GET / HTTP/1.1" 200 585
::1 - - [17/Apr/2025:09:17:51 +0300] "GET / HTTP/1.1" 200 577
::1 - - [17/Apr/2025:09:18:51 +0300] "-" 408 -
::1 - - [17/Apr/2025:09:19:33 +0300] "GET / HTTP/1.1" 200 575
::1 - - [17/Apr/2025:09:20:33 +0300] "-" 408 -
::1 - - [17/Apr/2025:09:22:34 +0300] "GET / HTTP/1.1" 200 443
::1 - - [17/Apr/2025:09:22:42 +0300] "GET / HTTP/1.1" 200 1048
::1 - - [17/Apr/2025:09:23:42 +0300] "-" 408 -
::1 - - [17/Apr/2025:09:25:07 +0300] "GET /hw7 HTTP/1.1" 301 229
::1 - - [17/Apr/2025:09:25:07 +0300] "GET /hw7/ HTTP/1.1" 200 457
::1 - - [17/Apr/2025:09:25:53 +0300] "GET /hw7/ HTTP/1.1" 200 451
::1 - - [17/Apr/2025:09:26:53 +0300] "-" 408 -
::1 - - [17/Apr/2025:09:27:04 +0300] "GET /hw7/ HTTP/1.1" 200 457
::1 - - [17/Apr/2025:09:27:13 +0300] "GET /hw7/ HTTP/1.1" 200 459
::1 - - [17/Apr/2025:09:27:45 +0300] "GET /hw7/ HTTP/1.1" 200 454
::1 - - [17/Apr/2025:09:28:45 +0300] "-" 408 -
::1 - - [17/Apr/2025:09:37:18 +0300] "GET /hw7/ HTTP/1.1" 200 446
::1 - - [17/Apr/2025:09:37:58 +0300] "GET /hw7/ HTTP/1.1" 200 446
::1 - - [17/Apr/2025:09:37:59 +0300] "GET /hw7/ HTTP/1.1" 200 446
::1 - - [17/Apr/2025:09:38:03 +0300] "GET / HTTP/1.1" 200 439
::1 - - [17/Apr/2025:09:38:50 +0300] "GET / HTTP/1.1" 200 439
::1 - - [17/Apr/2025:09:39:10 +0300] "GET / HTTP/1.1" 200 351
::1 - - [17/Apr/2025:09:39:15 +0300] "GET /?lesson=7 HTTP/1.1" 200 351
::1 - - [17/Apr/2025:09:40:15 +0300] "-" 408 -
::1 - - [17/Apr/2025:09:42:04 +0300] "GET /?lesson=7 HTTP/1.1" 200 377
::1 - - [17/Apr/2025:09:42:08 +0300] "GET /?lesson=1 HTTP/1.1" 200 377
::1 - - [17/Apr/2025:09:43:04 +0300] "-" 408 -
::1 - - [17/Apr/2025:09:44:04 +0300] "GET /?lesson=1 HTTP/1.1" 200 390
::1 - - [17/Apr/2025:09:44:12 +0300] "GET /?lesson=7 HTTP/1.1" 200 390
::1 - - [17/Apr/2025:09:44:17 +0300] "GET /hw7/index.php?lesson=6 HTTP/1.1" 200 709
::1 - - [17/Apr/2025:09:44:37 +0300] "GET /hw7/index.php?lesson=6 HTTP/1.1" 200 1048
::1 - - [17/Apr/2025:09:44:37 +0300] "GET /hw7/css/login.css HTTP/1.1" 200 1123
::1 - - [17/Apr/2025:09:44:37 +0300] "GET /hw7/fonts/golos-ui_regular.woff2 HTTP/1.1" 200 29640
::1 - - [17/Apr/2025:09:45:10 +0300] "GET / HTTP/1.1" 200 376
::1 - - [17/Apr/2025:09:45:14 +0300] "GET /hw7/index.php?lesson=3 HTTP/1.1" 200 1048
::1 - - [17/Apr/2025:09:46:14 +0300] "-" 408 -
